Connected to Redis!
Reaper: Recovered zombie task back to pending.
Reaper: Recovered zombie task back to pending.
Reaper: Recovered zombie task back to pending.
Reaper: Recovered zombie task back to pending.
Reaper: Recovered zombie task back to pending.
Reaper: Recovered zombie task back to pending.
Reaper: Recovered zombie task back to pending.
Reaper: Recovered zombie task back to pending.
Reaper: Recovered zombie task back to pending.
Reaper: Recovered zombie task back to pending.
Reaper: Recovered zombie task back to pending.
Reaper: Recovered zombie task back to pending.
Reaper: Recovered zombie task back to pending.
Reaper: Recovered zombie task back to pending.
Reaper: Recovered zombie task back to pending.
Reaper: Recovered zombie task back to pending.
Reaper: Recovered zombie task back to pending.
Reaper: Recovered zombie task back to pending.
Reaper: Recovered zombie task back to pending.
Reaper: Recovered zombie task back to pending.
Reaper: Recovered zombie task back to pending.
Reaper: Recovered zombie task back to pending.
Reaper: Recovered zombie task back to pending.
Reaper: Recovered zombie task back to pending.
Reaper: Recovered zombie task back to pending.
Reaper: Recovered zombie task back to pending.
Reaper: Recovered zombie task back to pending.
Reaper: Recovered zombie task back to pending.
Reaper: Recovered zombie task back to pending.
Reaper: Recovered zombie task back to pending.
Consumer running. Waiting for tasks...
[2026-02-09 16:45:31] [Info] [Thread 0x7000074ed000] Task 32 finished in 614ms
[2026-02-09 16:45:31] [Info] [Thread 0x7000075f3000] Task 41 finished in 611ms
[2026-02-09 16:45:31] [Info] [Thread 0x700007a0b000] Task 44 finished in 612ms
[2026-02-09 16:45:31] [Info] [Thread 0x70000725e000] Task 35 finished in 613ms
[2026-02-09 16:45:31] [Info] [Thread 0x700007158000] Task 33 finished in 614ms
[2026-02-09 16:45:31] [Info] [Thread 0x700007b94000] Task 52 finished in 611ms
[2026-02-09 16:45:31] [Info] [Thread 0x700007570000] Task 40 finished in 612ms
[2026-02-09 16:45:31] [Info] [Thread 0x7000073e7000] Task 36 finished in 613ms
[2026-02-09 16:45:31] [Info] [Thread 0x700007364000] Task 38 finished in 613ms
[2026-02-09 16:45:31] [Info] [Thread 0x70000746a000] Task 39 finished in 612ms
[2026-02-09 16:45:31] [Info] [Thread 0x700007676000] Task 42 finished in 611ms
[2026-02-09 16:45:31] [Info] [Thread 0x7000077ff000] Task 46 finished in 612ms
[2026-02-09 16:45:31] [Info] [Thread 0x70000777c000] Task 43 finished in 613ms
[2026-02-09 16:45:31] [Info] [Thread 0x700007882000] Task 47 finished in 612ms
[2026-02-09 16:45:31] [Info] [Thread 0x700007e23000] Task 57 finished in 611ms
[2026-02-09 16:45:31] [Info] [Thread 0x700007d1d000] Task 55 finished in 611ms
[2026-02-09 16:45:31] [Info] [Thread 0x700007c9a000] Task 54 finished in 611ms
[2026-02-09 16:45:31] [Info] [Thread 0x700007fac000] Task 60 finished in 610ms
[2026-02-09 16:45:31] [Error] [Thread 0x700007a8e000] Processing task 50 failed, retry #1
[2026-02-09 16:45:31] [Error] [Thread 0x700007ea6000] Processing task 58 failed, retry #1
[2026-02-09 16:45:31] [Error] [Thread 0x700007f29000] Processing task 59 failed, retry #1
[2026-02-09 16:45:31] [Error] [Thread 0x700007b11000] Processing task 51 failed, retry #1
[2026-02-09 16:45:31] [Error] [Thread 0x700007da0000] Processing task 56 failed, retry #1
[2026-02-09 16:45:31] [Error] [Thread 0x700007905000] Processing task 48 failed, retry #1
[2026-02-09 16:45:31] [Error] [Thread 0x7000072e1000] Processing task 37 failed, retry #1
[2026-02-09 16:45:31] [Error] [Thread 0x7000071db000] Processing task 34 failed, retry #1
[2026-02-09 16:45:31] [Error] [Thread 0x7000076f9000] Processing task 49 failed, retry #1
[2026-02-09 16:45:31] [Error] [Thread 0x7000070d5000] Processing task 31 failed, retry #1
[2026-02-09 16:45:31] [Error] [Thread 0x700007c17000] Processing task 53 failed, retry #1
[2026-02-09 16:45:31] [Error] [Thread 0x700007988000] Processing task 45 failed, retry #1
[2026-02-09 16:45:31] [Info] [Thread 0x700007b94000] Processed Task 52 (Type: EMAIL)
[2026-02-09 16:45:31] [Info] [Thread 0x700007158000] Processed Task 33 (Type: UPLOAD)
[2026-02-09 16:45:31] [Info] [Thread 0x7000075f3000] Processed Task 41 (Type: CONVERT)
[2026-02-09 16:45:31] [Info] [Thread 0x700007c9a000] Processed Task 54 (Type: UPLOAD)
[2026-02-09 16:45:31] [Info] [Thread 0x7000073e7000] Processed Task 36 (Type: UPLOAD)
[2026-02-09 16:45:31] [Info] [Thread 0x700007882000] Processed Task 47 (Type: CONVERT)
[2026-02-09 16:45:31] [Info] [Thread 0x700007e23000] Processed Task 57 (Type: UPLOAD)
[2026-02-09 16:45:31] [Info] [Thread 0x700007a0b000] Processed Task 44 (Type: CONVERT)
[2026-02-09 16:45:31] [Info] [Thread 0x700007fac000] Processed Task 60 (Type: UPLOAD)
[2026-02-09 16:45:31] [Info] [Thread 0x700007d1d000] Processed Task 55 (Type: EMAIL)
[2026-02-09 16:45:31] [Info] [Thread 0x70000725e000] Processed Task 35 (Type: CONVERT)
[2026-02-09 16:45:31] [Info] [Thread 0x70000777c000] Processed Task 43 (Type: EMAIL)
[2026-02-09 16:45:31] [Info] [Thread 0x700007570000] Processed Task 40 (Type: EMAIL)
[2026-02-09 16:45:31] [Info] [Thread 0x7000074ed000] Processed Task 32 (Type: CONVERT)
[2026-02-09 16:45:31] [Info] [Thread 0x700007364000] Processed Task 38 (Type: CONVERT)
[2026-02-09 16:45:31] [Info] [Thread 0x70000746a000] Processed Task 39 (Type: UPLOAD)
[2026-02-09 16:45:31] [Info] [Thread 0x700007676000] Processed Task 42 (Type: UPLOAD)
[2026-02-09 16:45:31] [Info] [Thread 0x7000077ff000] Processed Task 46 (Type: EMAIL)
[2026-02-09 16:45:32] [Info] [Thread 0x700007c17000] Task 131 finished in 859ms
[2026-02-09 16:45:32] [Info] [Thread 0x700007ea6000] Task 122 finished in 860ms
[2026-02-09 16:45:32] [Info] [Thread 0x7000070d5000] Task 130 finished in 859ms
[2026-02-09 16:45:32] [Info] [Thread 0x7000072e1000] Task 127 finished in 859ms
[2026-02-09 16:45:32] [Info] [Thread 0x7000071db000] Task 128 finished in 859ms
[2026-02-09 16:45:32] [Info] [Thread 0x700007a8e000] Task 121 finished in 860ms
[2026-02-09 16:45:32] [Info] [Thread 0x700007f29000] Task 123 finished in 860ms
[2026-02-09 16:45:32] [Info] [Thread 0x7000076f9000] Task 129 finished in 859ms
[2026-02-09 16:45:32] [Info] [Thread 0x700007988000] Task 132 finished in 860ms
[2026-02-09 16:45:32] [Info] [Thread 0x7000074ed000] Task 142 finished in 858ms
[2026-02-09 16:45:32] [Info] [Thread 0x700007b94000] Task 134 finished in 859ms
[2026-02-09 16:45:32] [Info] [Thread 0x700007882000] Task 138 finished in 859ms
[2026-02-09 16:45:32] [Info] [Thread 0x7000073e7000] Task 136 finished in 860ms
[2026-02-09 16:45:32] [Info] [Thread 0x700007158000] Task 135 finished in 860ms
[2026-02-09 16:45:32] [Info] [Thread 0x70000725e000] Task 144 finished in 861ms
[2026-02-09 16:45:32] [Info] [Thread 0x70000777c000] Task 145 finished in 861ms
[2026-02-09 16:45:32] [Info] [Thread 0x700007364000] Task 147 finished in 860ms
[2026-02-09 16:45:32] [Info] [Thread 0x7000075f3000] Task 140 finished in 861ms
[2026-02-09 16:45:32] [Info] [Thread 0x700007e23000] Task 139 finished in 862ms
[2026-02-09 16:45:32] [Info] [Thread 0x700007fac000] Task 146 finished in 860ms
[2026-02-09 16:45:32] [Info] [Thread 0x7000077ff000] Task 150 finished in 860ms
[2026-02-09 16:45:32] [Error] [Thread 0x700007b11000] Processing task 124 failed, retry #1
[2026-02-09 16:45:32] [Error] [Thread 0x700007905000] Processing task 126 failed, retry #1
[2026-02-09 16:45:32] [Error] [Thread 0x700007da0000] Processing task 125 failed, retry #1
[2026-02-09 16:45:32] [Error] [Thread 0x700007c9a000] Processing task 133 failed, retry #1
[2026-02-09 16:45:32] [Error] [Thread 0x700007570000] Processing task 141 failed, retry #1
[2026-02-09 16:45:32] [Error] [Thread 0x700007a0b000] Processing task 137 failed, retry #1
[2026-02-09 16:45:32] [Error] [Thread 0x700007d1d000] Processing task 143 failed, retry #1
[2026-02-09 16:45:32] [Info] [Thread 0x700007a8e000] Processed Task 121 (Type: EMAIL)
[2026-02-09 16:45:32] [Info] [Thread 0x7000071db000] Processed Task 128 (Type: CONVERT)
[2026-02-09 16:45:32] [Error] [Thread 0x70000746a000] Processing task 148 failed, retry #1
[2026-02-09 16:45:32] [Info] [Thread 0x7000070d5000] Processed Task 130 (Type: EMAIL)
[2026-02-09 16:45:32] [Info] [Thread 0x700007ea6000] Processed Task 122 (Type: CONVERT)
[2026-02-09 16:45:32] [Info] [Thread 0x700007c17000] Processed Task 131 (Type: CONVERT)
[2026-02-09 16:45:32] [Info] [Thread 0x7000072e1000] Processed Task 127 (Type: EMAIL)
[2026-02-09 16:45:32] [Info] [Thread 0x7000076f9000] Processed Task 129 (Type: UPLOAD)
[2026-02-09 16:45:32] [Error] [Thread 0x700007676000] Processing task 149 failed, retry #1
[2026-02-09 16:45:32] [Info] [Thread 0x700007988000] Processed Task 132 (Type: UPLOAD)
[2026-02-09 16:45:32] [Info] [Thread 0x700007f29000] Processed Task 123 (Type: UPLOAD)
[2026-02-09 16:45:32] [Info] [Thread 0x7000073e7000] Processed Task 136 (Type: EMAIL)
[2026-02-09 16:45:32] [Info] [Thread 0x700007158000] Processed Task 135 (Type: UPLOAD)
[2026-02-09 16:45:32] [Info] [Thread 0x7000074ed000] Processed Task 142 (Type: EMAIL)
[2026-02-09 16:45:32] [Info] [Thread 0x700007b94000] Processed Task 134 (Type: CONVERT)
[2026-02-09 16:45:32] [Info] [Thread 0x7000077ff000] Processed Task 150 (Type: UPLOAD)
[2026-02-09 16:45:32] [Info] [Thread 0x700007e23000] Processed Task 139 (Type: EMAIL)
[2026-02-09 16:45:32] [Info] [Thread 0x7000075f3000] Processed Task 140 (Type: CONVERT)
[2026-02-09 16:45:32] [Info] [Thread 0x70000725e000] Processed Task 144 (Type: UPLOAD)
[2026-02-09 16:45:32] [Info] [Thread 0x700007882000] Processed Task 138 (Type: UPLOAD)
[2026-02-09 16:45:32] [Info] [Thread 0x70000777c000] Processed Task 145 (Type: EMAIL)
[2026-02-09 16:45:32] [Info] [Thread 0x700007364000] Processed Task 147 (Type: UPLOAD)
[2026-02-09 16:45:32] [Info] [Thread 0x700007fac000] Processed Task 146 (Type: CONVERT)
[2026-02-09 16:45:32] [Info] [Thread 0x700007da0000] Task 213 finished in 1106ms
[2026-02-09 16:45:32] [Info] [Thread 0x700007905000] Task 212 finished in 1107ms
[2026-02-09 16:45:32] [Info] [Thread 0x700007b11000] Task 211 finished in 1106ms
[2026-02-09 16:45:32] [Info] [Thread 0x70000725e000] Task 236 finished in 1104ms
[2026-02-09 16:45:32] [Info] [Thread 0x700007fac000] Task 240 finished in 1103ms
[2026-02-09 16:45:32] [Info] [Thread 0x7000076f9000] Task 226 finished in 1106ms
[2026-02-09 16:45:32] [Info] [Thread 0x700007988000] Task 221 finished in 1106ms
[2026-02-09 16:45:32] [Info] [Thread 0x7000072e1000] Task 229 finished in 1105ms
[2026-02-09 16:45:32] [Info] [Thread 0x70000746a000] Task 216 finished in 1107ms
[2026-02-09 16:45:32] [Info] [Thread 0x7000071db000] Task 217 finished in 1107ms
[2026-02-09 16:45:32] [Info] [Thread 0x7000077ff000] Task 237 finished in 1104ms
[2026-02-09 16:45:32] [Info] [Thread 0x700007570000] Task 215 finished in 1107ms
[2026-02-09 16:45:32] [Info] [Thread 0x7000075f3000] Task 230 finished in 1105ms
[2026-02-09 16:45:32] [Info] [Thread 0x700007d1d000] Task 220 finished in 1106ms
[2026-02-09 16:45:32] [Info] [Thread 0x700007158000] Task 223 finished in 1106ms
[2026-02-09 16:45:32] [Info] [Thread 0x700007c17000] Task 227 finished in 1105ms
[2026-02-09 16:45:32] [Info] [Thread 0x700007f29000] Task 228 finished in 1105ms
[2026-02-09 16:45:32] [Info] [Thread 0x700007a0b000] Task 219 finished in 1107ms
[2026-02-09 16:45:32] [Info] [Thread 0x700007676000] Task 224 finished in 1106ms
[2026-02-09 16:45:32] [Info] [Thread 0x7000070d5000] Task 222 finished in 1107ms
[2026-02-09 16:45:32] [Info] [Thread 0x700007364000] Task 239 finished in 1104ms
[2026-02-09 16:45:32] [Info] [Thread 0x700007c9a000] Task 214 finished in 1108ms
[2026-02-09 16:45:32] [Info] [Thread 0x700007905000] Processed Task 212 (Type: CONVERT)
[2026-02-09 16:45:32] [Info] [Thread 0x700007b11000] Processed Task 211 (Type: EMAIL)
[2026-02-09 16:45:32] [Info] [Thread 0x700007da0000] Processed Task 213 (Type: UPLOAD)
[2026-02-09 16:45:32] [Error] [Thread 0x7000074ed000] Processing task 233 failed, retry #1
[2026-02-09 16:45:32] [Error] [Thread 0x700007882000] Processing task 234 failed, retry #1
[2026-02-09 16:45:32] [Error] [Thread 0x70000777c000] Processing task 238 failed, retry #1
[2026-02-09 16:45:32] [Error] [Thread 0x700007e23000] Processing task 235 failed, retry #1
[2026-02-09 16:45:32] [Error] [Thread 0x700007b94000] Processing task 232 failed, retry #1
[2026-02-09 16:45:32] [Error] [Thread 0x7000073e7000] Processing task 231 failed, retry #1
[2026-02-09 16:45:32] [Error] [Thread 0x700007ea6000] Processing task 225 failed, retry #1
[2026-02-09 16:45:32] [Error] [Thread 0x700007a8e000] Processing task 218 failed, retry #1
[2026-02-09 16:45:32] [Info] [Thread 0x70000746a000] Processed Task 216 (Type: UPLOAD)
[2026-02-09 16:45:32] [Info] [Thread 0x700007570000] Processed Task 215 (Type: CONVERT)
[2026-02-09 16:45:32] [Info] [Thread 0x7000071db000] Processed Task 217 (Type: EMAIL)
[2026-02-09 16:45:32] [Info] [Thread 0x700007988000] Processed Task 221 (Type: CONVERT)
[2026-02-09 16:45:32] [Info] [Thread 0x7000076f9000] Processed Task 226 (Type: EMAIL)
[2026-02-09 16:45:32] [Info] [Thread 0x700007a0b000] Processed Task 219 (Type: UPLOAD)
[2026-02-09 16:45:32] [Info] [Thread 0x7000070d5000] Processed Task 222 (Type: UPLOAD)
[2026-02-09 16:45:32] [Info] [Thread 0x700007fac000] Processed Task 240 (Type: UPLOAD)
[2026-02-09 16:45:32] [Info] [Thread 0x700007c9a000] Processed Task 214 (Type: EMAIL)
[2026-02-09 16:45:32] [Info] [Thread 0x7000075f3000] Processed Task 230 (Type: CONVERT)
[2026-02-09 16:45:32] [Info] [Thread 0x700007364000] Processed Task 239 (Type: CONVERT)
[2026-02-09 16:45:32] [Info] [Thread 0x7000072e1000] Processed Task 229 (Type: EMAIL)
[2026-02-09 16:45:32] [Info] [Thread 0x700007676000] Processed Task 224 (Type: CONVERT)
[2026-02-09 16:45:32] [Info] [Thread 0x7000077ff000] Processed Task 237 (Type: UPLOAD)
[2026-02-09 16:45:32] [Info] [Thread 0x70000725e000] Processed Task 236 (Type: CONVERT)
[2026-02-09 16:45:32] [Info] [Thread 0x700007c17000] Processed Task 227 (Type: CONVERT)
[2026-02-09 16:45:32] [Info] [Thread 0x700007f29000] Processed Task 228 (Type: UPLOAD)
[2026-02-09 16:45:32] [Info] [Thread 0x700007158000] Processed Task 223 (Type: EMAIL)
[2026-02-09 16:45:32] [Info] [Thread 0x700007d1d000] Processed Task 220 (Type: EMAIL)
[2026-02-09 16:45:32] [Info] [Thread 0x700007da0000] Task 303 finished in 1351ms
[2026-02-09 16:45:32] [Info] [Thread 0x7000073e7000] Task 309 finished in 1351ms
[2026-02-09 16:45:32] [Info] [Thread 0x70000777c000] Task 306 finished in 1350ms
[2026-02-09 16:45:32] [Info] [Thread 0x7000074ed000] Task 304 finished in 1351ms
[2026-02-09 16:45:32] [Info] [Thread 0x700007e23000] Task 307 finished in 1350ms
[2026-02-09 16:45:32] [Info] [Thread 0x700007a8e000] Task 311 finished in 1350ms
[2026-02-09 16:45:32] [Info] [Thread 0x700007882000] Task 305 finished in 1351ms
[2026-02-09 16:45:32] [Info] [Thread 0x700007b11000] Task 302 finished in 1351ms
[2026-02-09 16:45:32] [Info] [Thread 0x7000075f3000] Task 322 finished in 1351ms
[2026-02-09 16:45:32] [Info] [Thread 0x700007676000] Task 320 finished in 1351ms
[2026-02-09 16:45:32] [Info] [Thread 0x700007c17000] Task 325 finished in 1350ms
[2026-02-09 16:45:32] [Info] [Thread 0x700007158000] Task 329 finished in 1349ms
[2026-02-09 16:45:32] [Info] [Thread 0x700007c9a000] Task 321 finished in 1351ms
[2026-02-09 16:45:32] [Info] [Thread 0x700007a0b000] Task 317 finished in 1351ms
[2026-02-09 16:45:32] [Info] [Thread 0x7000076f9000] Task 323 finished in 1350ms
[2026-02-09 16:45:32] [Info] [Thread 0x700007d1d000] Task 330 finished in 1349ms
[2026-02-09 16:45:32] [Info] [Thread 0x7000071db000] Task 316 finished in 1352ms
[2026-02-09 16:45:32] [Info] [Thread 0x700007988000] Task 313 finished in 1352ms
[2026-02-09 16:45:32] [Info] [Thread 0x70000746a000] Task 312 finished in 1352ms
[2026-02-09 16:45:32] [Info] [Thread 0x7000070d5000] Task 318 finished in 1352ms
[2026-02-09 16:45:32] [Info] [Thread 0x700007364000] Task 324 finished in 1351ms
[2026-02-09 16:45:32] [Info] [Thread 0x700007f29000] Task 328 finished in 1351ms
[2026-02-09 16:45:32] [Info] [Thread 0x70000725e000] Task 327 finished in 1351ms
[2026-02-09 16:45:32] [Info] [Thread 0x7000077ff000] Task 326 finished in 1351ms
[2026-02-09 16:45:32] [Info] [Thread 0x7000072e1000] Task 319 finished in 1352ms
[2026-02-09 16:45:32] [Error] [Thread 0x700007ea6000] Processing task 310 failed, retry #1
[2026-02-09 16:45:32] [Error] [Thread 0x700007905000] Processing task 301 failed, retry #1
[2026-02-09 16:45:32] [Error] [Thread 0x700007b94000] Processing task 308 failed, retry #1
[2026-02-09 16:45:32] [Error] [Thread 0x700007fac000] Processing task 315 failed, retry #1
[2026-02-09 16:45:32] [Error] [Thread 0x700007570000] Processing task 314 failed, retry #1
[2026-02-09 16:45:32] [Info] [Thread 0x7000073e7000] Processed Task 309 (Type: UPLOAD)
[2026-02-09 16:45:32] [Info] [Thread 0x7000074ed000] Processed Task 304 (Type: EMAIL)
[2026-02-09 16:45:32] [Info] [Thread 0x700007da0000] Processed Task 303 (Type: UPLOAD)
[2026-02-09 16:45:32] [Info] [Thread 0x700007e23000] Processed Task 307 (Type: EMAIL)
[2026-02-09 16:45:32] [Info] [Thread 0x700007882000] Processed Task 305 (Type: CONVERT)
[2026-02-09 16:45:32] [Info] [Thread 0x700007a8e000] Processed Task 311 (Type: CONVERT)
[2026-02-09 16:45:32] [Info] [Thread 0x700007b11000] Processed Task 302 (Type: CONVERT)
[2026-02-09 16:45:32] [Info] [Thread 0x70000777c000] Processed Task 306 (Type: UPLOAD)
[2026-02-09 16:45:32] [Info] [Thread 0x700007c17000] Processed Task 325 (Type: EMAIL)
[2026-02-09 16:45:32] [Info] [Thread 0x700007676000] Processed Task 320 (Type: CONVERT)
[2026-02-09 16:45:32] [Info] [Thread 0x700007158000] Processed Task 329 (Type: CONVERT)
[2026-02-09 16:45:32] [Info] [Thread 0x700007f29000] Processed Task 328 (Type: EMAIL)
[2026-02-09 16:45:32] [Info] [Thread 0x700007c9a000] Processed Task 321 (Type: UPLOAD)
[2026-02-09 16:45:32] [Info] [Thread 0x7000077ff000] Processed Task 326 (Type: CONVERT)
[2026-02-09 16:45:32] [Info] [Thread 0x70000725e000] Processed Task 327 (Type: UPLOAD)
[2026-02-09 16:45:32] [Info] [Thread 0x7000075f3000] Processed Task 322 (Type: EMAIL)
[2026-02-09 16:45:32] [Info] [Thread 0x700007a0b000] Processed Task 317 (Type: CONVERT)
[2026-02-09 16:45:32] [Info] [Thread 0x7000076f9000] Processed Task 323 (Type: CONVERT)
[2026-02-09 16:45:32] [Info] [Thread 0x7000072e1000] Processed Task 319 (Type: EMAIL)
[2026-02-09 16:45:32] [Info] [Thread 0x7000071db000] Processed Task 316 (Type: EMAIL)
[2026-02-09 16:45:32] [Info] [Thread 0x70000746a000] Processed Task 312 (Type: UPLOAD)
[2026-02-09 16:45:32] [Info] [Thread 0x700007364000] Processed Task 324 (Type: UPLOAD)
[2026-02-09 16:45:32] [Info] [Thread 0x7000070d5000] Processed Task 318 (Type: UPLOAD)
[2026-02-09 16:45:32] [Info] [Thread 0x700007988000] Processed Task 313 (Type: EMAIL)
[2026-02-09 16:45:32] [Info] [Thread 0x700007d1d000] Processed Task 330 (Type: UPLOAD)
[2026-02-09 16:45:32] [Info] [Thread 0x700007a8e000] Task 399 finished in 1599ms
[2026-02-09 16:45:32] [Info] [Thread 0x7000074ed000] Task 402 finished in 1599ms
[2026-02-09 16:45:32] [Info] [Thread 0x700007b94000] Task 395 finished in 1600ms
[2026-02-09 16:45:32] [Info] [Thread 0x700007fac000] Task 396 finished in 1600ms
[2026-02-09 16:45:32] [Info] [Thread 0x700007ea6000] Task 394 finished in 1600ms
[2026-02-09 16:45:32] [Info] [Thread 0x700007882000] Task 400 finished in 1599ms
[2026-02-09 16:45:32] [Info] [Thread 0x700007905000] Task 393 finished in 1600ms
[2026-02-09 16:45:32] [Info] [Thread 0x700007da0000] Task 391 finished in 1600ms
[2026-02-09 16:45:32] [Info] [Thread 0x700007e23000] Task 401 finished in 1601ms
[2026-02-09 16:45:32] [Info] [Thread 0x700007158000] Task 404 finished in 1601ms
[2026-02-09 16:45:32] [Info] [Thread 0x700007988000] Task 419 finished in 1600ms
[2026-02-09 16:45:32] [Info] [Thread 0x70000746a000] Task 418 finished in 1600ms
[2026-02-09 16:45:32] [Info] [Thread 0x7000071db000] Task 412 finished in 1601ms
[2026-02-09 16:45:32] [Info] [Thread 0x7000072e1000] Task 413 finished in 1601ms
[2026-02-09 16:45:32] [Info] [Thread 0x7000075f3000] Task 408 finished in 1601ms
[2026-02-09 16:45:32] [Info] [Thread 0x70000725e000] Task 409 finished in 1601ms
[2026-02-09 16:45:32] [Info] [Thread 0x700007a0b000] Task 414 finished in 1601ms
[2026-02-09 16:45:32] [Info] [Thread 0x700007676000] Task 406 finished in 1602ms
[2026-02-09 16:45:32] [Info] [Thread 0x7000076f9000] Task 415 finished in 1601ms
[2026-02-09 16:45:32] [Info] [Thread 0x700007364000] Task 416 finished in 1601ms
[2026-02-09 16:45:32] [Info] [Thread 0x7000070d5000] Task 417 finished in 1601ms
[2026-02-09 16:45:32] [Info] [Thread 0x700007d1d000] Task 420 finished in 1602ms
[2026-02-09 16:45:32] [Error] [Thread 0x700007570000] Processing task 397 failed, retry #1
[2026-02-09 16:45:32] [Error] [Thread 0x7000073e7000] Processing task 392 failed, retry #1
[2026-02-09 16:45:32] [Error] [Thread 0x700007b11000] Processing task 398 failed, retry #1
[2026-02-09 16:45:32] [Info] [Thread 0x700007fac000] Processed Task 396 (Type: UPLOAD)
[2026-02-09 16:45:32] [Info] [Thread 0x700007a8e000] Processed Task 399 (Type: UPLOAD)
[2026-02-09 16:45:32] [Error] [Thread 0x700007c9a000] Processing task 410 failed, retry #1
[2026-02-09 16:45:32] [Error] [Thread 0x7000077ff000] Processing task 411 failed, retry #1
[2026-02-09 16:45:32] [Info] [Thread 0x700007905000] Processed Task 393 (Type: UPLOAD)
[2026-02-09 16:45:32] [Info] [Thread 0x700007882000] Processed Task 400 (Type: EMAIL)
[2026-02-09 16:45:32] [Error] [Thread 0x700007f29000] Processing task 407 failed, retry #1
[2026-02-09 16:45:32] [Info] [Thread 0x700007ea6000] Processed Task 394 (Type: EMAIL)
[2026-02-09 16:45:32] [Error] [Thread 0x700007c17000] Processing task 405 failed, retry #1
[2026-02-09 16:45:32] [Error] [Thread 0x70000777c000] Processing task 403 failed, retry #1
[2026-02-09 16:45:32] [Info] [Thread 0x7000074ed000] Processed Task 402 (Type: UPLOAD)
[2026-02-09 16:45:32] [Info] [Thread 0x700007676000] Processed Task 406 (Type: EMAIL)
[2026-02-09 16:45:32] [Info] [Thread 0x700007da0000] Processed Task 391 (Type: EMAIL)
[2026-02-09 16:45:32] [Info] [Thread 0x700007b94000] Processed Task 395 (Type: CONVERT)
[2026-02-09 16:45:32] [Info] [Thread 0x70000725e000] Processed Task 409 (Type: EMAIL)
[2026-02-09 16:45:32] [Info] [Thread 0x7000075f3000] Processed Task 408 (Type: UPLOAD)
[2026-02-09 16:45:32] [Info] [Thread 0x700007364000] Processed Task 416 (Type: CONVERT)
[2026-02-09 16:45:32] [Info] [Thread 0x700007988000] Processed Task 419 (Type: CONVERT)
[2026-02-09 16:45:32] [Info] [Thread 0x70000746a000] Processed Task 418 (Type: EMAIL)
[2026-02-09 16:45:32] [Info] [Thread 0x7000072e1000] Processed Task 413 (Type: CONVERT)
[2026-02-09 16:45:32] [Info] [Thread 0x7000071db000] Processed Task 412 (Type: EMAIL)
[2026-02-09 16:45:32] [Info] [Thread 0x700007d1d000] Processed Task 420 (Type: UPLOAD)
[2026-02-09 16:45:32] [Info] [Thread 0x7000076f9000] Processed Task 415 (Type: EMAIL)
[2026-02-09 16:45:32] [Info] [Thread 0x700007158000] Processed Task 404 (Type: CONVERT)
[2026-02-09 16:45:32] [Info] [Thread 0x700007a0b000] Processed Task 414 (Type: UPLOAD)
[2026-02-09 16:45:32] [Info] [Thread 0x700007e23000] Processed Task 401 (Type: CONVERT)
[2026-02-09 16:45:32] [Info] [Thread 0x7000070d5000] Processed Task 417 (Type: UPLOAD)
[2026-02-09 16:45:33] [Info] [Thread 0x700007570000] Task 481 finished in 1848ms
[2026-02-09 16:45:33] [Info] [Thread 0x7000073e7000] Task 482 finished in 1848ms
[2026-02-09 16:45:33] [Info] [Thread 0x7000077ff000] Task 487 finished in 1849ms
[2026-02-09 16:45:33] [Info] [Thread 0x700007a8e000] Task 485 finished in 1849ms
[2026-02-09 16:45:33] [Info] [Thread 0x700007b11000] Task 483 finished in 1849ms
[2026-02-09 16:45:33] [Error] [Thread 0x700007c9a000] Processing task 486 failed, retry #1
[2026-02-09 16:45:33] [Error] [Thread 0x700007fac000] Processing task 484 failed, retry #1
[2026-02-09 16:45:33] [Info] [Thread 0x700007570000] Processed Task 481 (Type: EMAIL)
[2026-02-09 16:45:33] [Info] [Thread 0x7000073e7000] Processed Task 482 (Type: CONVERT)
[2026-02-09 16:45:33] [Info] [Thread 0x7000077ff000] Processed Task 487 (Type: EMAIL)
[2026-02-09 16:45:33] [Info] [Thread 0x700007a8e000] Processed Task 485 (Type: CONVERT)
[2026-02-09 16:45:33] [Info] [Thread 0x700007b11000] Processed Task 483 (Type: UPLOAD)
[2026-02-09 16:45:33] [Info] [Thread 0x700007905000] Task 492 finished in 1854ms
[2026-02-09 16:45:33] [Info] [Thread 0x700007f29000] Task 490 finished in 1855ms
[2026-02-09 16:45:33] [Info] [Thread 0x700007882000] Task 491 finished in 1854ms
[2026-02-09 16:45:33] [Info] [Thread 0x700007676000] Task 495 finished in 1855ms
[2026-02-09 16:45:33] [Info] [Thread 0x700007da0000] Task 493 finished in 1855ms
[2026-02-09 16:45:33] [Info] [Thread 0x700007c17000] Task 489 finished in 1856ms
[2026-02-09 16:45:33] [Info] [Thread 0x7000074ed000] Task 494 finished in 1855ms
[2026-02-09 16:45:33] [Info] [Thread 0x700007e23000] Task 509 finished in 1854ms
[2026-02-09 16:45:33] [Info] [Thread 0x700007988000] Task 497 finished in 1855ms
[2026-02-09 16:45:33] [Info] [Thread 0x7000075f3000] Task 505 finished in 1855ms
[2026-02-09 16:45:33] [Info] [Thread 0x70000725e000] Task 507 finished in 1854ms
[2026-02-09 16:45:33] [Info] [Thread 0x70000777c000] Task 498 finished in 1855ms
[2026-02-09 16:45:33] [Info] [Thread 0x700007158000] Task 503 finished in 1855ms
[2026-02-09 16:45:33] [Info] [Thread 0x7000076f9000] Task 504 finished in 1855ms
[2026-02-09 16:45:33] [Info] [Thread 0x70000746a000] Task 499 finished in 1856ms
[2026-02-09 16:45:33] [Info] [Thread 0x700007d1d000] Task 506 finished in 1856ms
[2026-02-09 16:45:33] [Info] [Thread 0x700007a0b000] Task 508 finished in 1855ms
[2026-02-09 16:45:33] [Info] [Thread 0x7000070d5000] Task 510 finished in 1855ms
[2026-02-09 16:45:33] [Error] [Thread 0x7000072e1000] Processing task 500 failed, retry #1
[2026-02-09 16:45:33] [Error] [Thread 0x700007ea6000] Processing task 488 failed, retry #1
[2026-02-09 16:45:33] [Error] [Thread 0x700007b94000] Processing task 502 failed, retry #1
[2026-02-09 16:45:33] [Error] [Thread 0x700007364000] Processing task 496 failed, retry #1
[2026-02-09 16:45:33] [Error] [Thread 0x7000071db000] Processing task 501 failed, retry #1
[2026-02-09 16:45:33] [Info] [Thread 0x700007905000] Processed Task 492 (Type: UPLOAD)
[2026-02-09 16:45:33] [Info] [Thread 0x700007f29000] Processed Task 490 (Type: EMAIL)
[2026-02-09 16:45:33] [Info] [Thread 0x700007676000] Processed Task 495 (Type: UPLOAD)
[2026-02-09 16:45:33] [Info] [Thread 0x700007c17000] Processed Task 489 (Type: UPLOAD)
[2026-02-09 16:45:33] [Info] [Thread 0x700007882000] Processed Task 491 (Type: CONVERT)
[2026-02-09 16:45:33] [Info] [Thread 0x7000074ed000] Processed Task 494 (Type: CONVERT)
[2026-02-09 16:45:33] [Info] [Thread 0x700007da0000] Processed Task 493 (Type: EMAIL)
[2026-02-09 16:45:33] [Info] [Thread 0x70000725e000] Processed Task 507 (Type: UPLOAD)
[2026-02-09 16:45:33] [Info] [Thread 0x70000746a000] Processed Task 499 (Type: EMAIL)
[2026-02-09 16:45:33] [Info] [Thread 0x70000777c000] Processed Task 498 (Type: UPLOAD)
[2026-02-09 16:45:33] [Info] [Thread 0x700007988000] Processed Task 497 (Type: CONVERT)
[2026-02-09 16:45:33] [Info] [Thread 0x700007158000] Processed Task 503 (Type: CONVERT)
[2026-02-09 16:45:33] [Info] [Thread 0x700007a0b000] Processed Task 508 (Type: EMAIL)
[2026-02-09 16:45:33] [Info] [Thread 0x700007e23000] Processed Task 509 (Type: CONVERT)
[2026-02-09 16:45:33] [Info] [Thread 0x700007d1d000] Processed Task 506 (Type: CONVERT)
[2026-02-09 16:45:33] [Info] [Thread 0x7000070d5000] Processed Task 510 (Type: UPLOAD)
[2026-02-09 16:45:33] [Info] [Thread 0x7000076f9000] Processed Task 504 (Type: UPLOAD)
[2026-02-09 16:45:33] [Info] [Thread 0x7000075f3000] Processed Task 505 (Type: EMAIL)
[2026-02-09 16:45:33] [Info] [Thread 0x700007b11000] Task 577 finished in 2099ms
[2026-02-09 16:45:33] [Info] [Thread 0x7000077ff000] Task 575 finished in 2099ms
[2026-02-09 16:45:33] [Info] [Thread 0x7000073e7000] Task 574 finished in 2099ms
[2026-02-09 16:45:33] [Info] [Thread 0x700007fac000] Task 572 finished in 2100ms
[2026-02-09 16:45:33] [Info] [Thread 0x700007c9a000] Task 571 finished in 2100ms
[2026-02-09 16:45:33] [Info] [Thread 0x700007a8e000] Task 576 finished in 2100ms
[2026-02-09 16:45:33] [Error] [Thread 0x700007570000] Processing task 573 failed, retry #1
[2026-02-09 16:45:33] [Info] [Thread 0x700007fac000] Processed Task 572 (Type: CONVERT)
[2026-02-09 16:45:33] [Info] [Thread 0x700007c9a000] Processed Task 571 (Type: EMAIL)
[2026-02-09 16:45:33] [Info] [Thread 0x7000077ff000] Processed Task 575 (Type: CONVERT)
[2026-02-09 16:45:33] [Info] [Thread 0x700007a8e000] Processed Task 576 (Type: UPLOAD)
[2026-02-09 16:45:33] [Info] [Thread 0x700007b11000] Processed Task 577 (Type: EMAIL)
[2026-02-09 16:45:33] [Info] [Thread 0x7000073e7000] Processed Task 574 (Type: EMAIL)
[2026-02-09 16:45:33] [Info] [Thread 0x700007da0000] Task 589 finished in 2109ms
[2026-02-09 16:45:33] [Info] [Thread 0x7000076f9000] Task 597 finished in 2109ms
[2026-02-09 16:45:33] [Info] [Thread 0x700007c17000] Task 585 finished in 2110ms
[2026-02-09 16:45:33] [Info] [Thread 0x70000777c000] Task 587 finished in 2109ms
[2026-02-09 16:45:33] [Info] [Thread 0x7000074ed000] Task 592 finished in 2109ms
[2026-02-09 16:45:33] [Info] [Thread 0x700007ea6000] Task 579 finished in 2110ms
[2026-02-09 16:45:33] [Info] [Thread 0x700007905000] Task 582 finished in 2110ms
[2026-02-09 16:45:33] [Info] [Thread 0x7000070d5000] Task 594 finished in 2110ms
[2026-02-09 16:45:33] [Info] [Thread 0x700007e23000] Task 595 finished in 2110ms
[2026-02-09 16:45:33] [Info] [Thread 0x700007d1d000] Task 599 finished in 2110ms
[2026-02-09 16:45:33] [Info] [Thread 0x700007a0b000] Task 596 finished in 2110ms
[2026-02-09 16:45:33] [Info] [Thread 0x7000075f3000] Task 600 finished in 2111ms
[2026-02-09 16:45:33] [Info] [Thread 0x7000071db000] Task 583 finished in 2112ms
[2026-02-09 16:45:33] [Info] [Thread 0x700007676000] Task 584 finished in 2112ms
[2026-02-09 16:45:33] [Error] [Thread 0x700007b94000] Processing task 580 failed, retry #1
[2026-02-09 16:45:33] [Error] [Thread 0x70000725e000] Processing task 588 failed, retry #1
[2026-02-09 16:45:33] [Error] [Thread 0x700007f29000] Processing task 593 failed, retry #1
[2026-02-09 16:45:33] [Error] [Thread 0x70000746a000] Processing task 586 failed, retry #1
[2026-02-09 16:45:33] [Error] [Thread 0x700007158000] Processing task 590 failed, retry #1
[2026-02-09 16:45:33] [Error] [Thread 0x700007988000] Processing task 591 failed, retry #1
[2026-02-09 16:45:33] [Error] [Thread 0x700007882000] Processing task 598 failed, retry #1
[2026-02-09 16:45:33] [Error] [Thread 0x7000072e1000] Processing task 578 failed, retry #1
[2026-02-09 16:45:33] [Error] [Thread 0x700007364000] Processing task 581 failed, retry #1
[2026-02-09 16:45:33] [Info] [Thread 0x700007d1d000] Processed Task 599 (Type: CONVERT)
[2026-02-09 16:45:33] [Info] [Thread 0x700007da0000] Processed Task 589 (Type: EMAIL)
[2026-02-09 16:45:33] [Info] [Thread 0x700007e23000] Processed Task 595 (Type: EMAIL)
[2026-02-09 16:45:33] [Info] [Thread 0x700007905000] Processed Task 582 (Type: UPLOAD)
[2026-02-09 16:45:33] [Info] [Thread 0x7000070d5000] Processed Task 594 (Type: UPLOAD)
[2026-02-09 16:45:33] [Info] [Thread 0x7000074ed000] Processed Task 592 (Type: EMAIL)
[2026-02-09 16:45:33] [Info] [Thread 0x700007c17000] Processed Task 585 (Type: UPLOAD)
[2026-02-09 16:45:33] [Info] [Thread 0x700007ea6000] Processed Task 579 (Type: UPLOAD)
[2026-02-09 16:45:33] [Info] [Thread 0x7000075f3000] Processed Task 600 (Type: UPLOAD)
[2026-02-09 16:45:33] [Info] [Thread 0x7000071db000] Processed Task 583 (Type: EMAIL)
[2026-02-09 16:45:33] [Info] [Thread 0x700007a0b000] Processed Task 596 (Type: CONVERT)
[2026-02-09 16:45:33] [Info] [Thread 0x7000076f9000] Processed Task 597 (Type: UPLOAD)
[2026-02-09 16:45:33] [Info] [Thread 0x700007676000] Processed Task 584 (Type: CONVERT)
[2026-02-09 16:45:33] [Info] [Thread 0x70000777c000] Processed Task 587 (Type: CONVERT)
[2026-02-09 16:45:33] [Info] [Thread 0x700007b11000] Task 666 finished in 2347ms
[2026-02-09 16:45:33] [Info] [Thread 0x700007fac000] Task 662 finished in 2347ms
[2026-02-09 16:45:33] [Info] [Thread 0x7000077ff000] Task 664 finished in 2347ms
[2026-02-09 16:45:33] [Info] [Thread 0x700007c9a000] Task 663 finished in 2347ms
[2026-02-09 16:45:33] [Info] [Thread 0x700007a8e000] Task 665 finished in 2347ms
[2026-02-09 16:45:33] [Error] [Thread 0x700007570000] Processing task 661 failed, retry #1
[2026-02-09 16:45:33] [Error] [Thread 0x7000073e7000] Processing task 667 failed, retry #1
[2026-02-09 16:45:33] [Info] [Thread 0x700007c9a000] Processed Task 663 (Type: UPLOAD)
[2026-02-09 16:45:33] [Info] [Thread 0x7000077ff000] Processed Task 664 (Type: EMAIL)
[2026-02-09 16:45:33] [Info] [Thread 0x700007fac000] Processed Task 662 (Type: CONVERT)
[2026-02-09 16:45:33] [Info] [Thread 0x700007a8e000] Processed Task 665 (Type: CONVERT)
[2026-02-09 16:45:33] [Info] [Thread 0x700007b11000] Processed Task 666 (Type: UPLOAD)
[2026-02-09 16:45:33] [Info] [Thread 0x700007905000] Task 680 finished in 2361ms
[2026-02-09 16:45:33] [Info] [Thread 0x7000070d5000] Task 679 finished in 2361ms
[2026-02-09 16:45:33] [Info] [Thread 0x700007f29000] Task 670 finished in 2362ms
[2026-02-09 16:45:33] [Info] [Thread 0x700007b94000] Task 668 finished in 2363ms
[2026-02-09 16:45:33] [Info] [Thread 0x700007882000] Task 674 finished in 2362ms
[2026-02-09 16:45:33] [Info] [Thread 0x700007e23000] Task 682 finished in 2361ms
[2026-02-09 16:45:33] [Info] [Thread 0x70000746a000] Task 671 finished in 2362ms
[2026-02-09 16:45:33] [Info] [Thread 0x7000074ed000] Task 681 finished in 2361ms
[2026-02-09 16:45:33] [Info] [Thread 0x7000071db000] Task 689 finished in 2360ms
[2026-02-09 16:45:33] [Info] [Thread 0x700007364000] Task 677 finished in 2362ms
[2026-02-09 16:45:33] [Info] [Thread 0x700007ea6000] Task 683 finished in 2361ms
[2026-02-09 16:45:33] [Info] [Thread 0x700007676000] Task 687 finished in 2361ms
[2026-02-09 16:45:33] [Info] [Thread 0x70000777c000] Task 690 finished in 2362ms
[2026-02-09 16:45:33] [Info] [Thread 0x7000076f9000] Task 688 finished in 2362ms
[2026-02-09 16:45:33] [Error] [Thread 0x700007988000] Processing task 673 failed, retry #1
[2026-02-09 16:45:33] [Error] [Thread 0x700007158000] Processing task 672 failed, retry #1
[2026-02-09 16:45:33] [Error] [Thread 0x7000075f3000] Processing task 685 failed, retry #1
[2026-02-09 16:45:33] [Error] [Thread 0x700007a0b000] Processing task 686 failed, retry #1
[2026-02-09 16:45:33] [Error] [Thread 0x700007c17000] Processing task 684 failed, retry #1
[2026-02-09 16:45:33] [Error] [Thread 0x700007da0000] Processing task 676 failed, retry #1
[2026-02-09 16:45:33] [Error] [Thread 0x700007d1d000] Processing task 678 failed, retry #1
[2026-02-09 16:45:33] [Error] [Thread 0x70000725e000] Processing task 669 failed, retry #1
[2026-02-09 16:45:33] [Error] [Thread 0x7000072e1000] Processing task 675 failed, retry #1
[2026-02-09 16:45:33] [Info] [Thread 0x7000070d5000] Processed Task 679 (Type: EMAIL)
[2026-02-09 16:45:33] [Info] [Thread 0x700007b94000] Processed Task 668 (Type: CONVERT)
[2026-02-09 16:45:33] [Info] [Thread 0x700007e23000] Processed Task 682 (Type: EMAIL)
[2026-02-09 16:45:33] [Info] [Thread 0x7000071db000] Processed Task 689 (Type: CONVERT)
[2026-02-09 16:45:33] [Info] [Thread 0x700007364000] Processed Task 677 (Type: CONVERT)
[2026-02-09 16:45:33] [Info] [Thread 0x700007905000] Processed Task 680 (Type: CONVERT)
[2026-02-09 16:45:33] [Info] [Thread 0x700007882000] Processed Task 674 (Type: CONVERT)
[2026-02-09 16:45:33] [Info] [Thread 0x7000074ed000] Processed Task 681 (Type: UPLOAD)
[2026-02-09 16:45:33] [Info] [Thread 0x70000746a000] Processed Task 671 (Type: CONVERT)
[2026-02-09 16:45:33] [Info] [Thread 0x700007f29000] Processed Task 670 (Type: EMAIL)
[2026-02-09 16:45:33] [Info] [Thread 0x7000076f9000] Processed Task 688 (Type: EMAIL)
[2026-02-09 16:45:33] [Info] [Thread 0x700007ea6000] Processed Task 683 (Type: CONVERT)
[2026-02-09 16:45:33] [Info] [Thread 0x700007676000] Processed Task 687 (Type: UPLOAD)
[2026-02-09 16:45:33] [Info] [Thread 0x70000777c000] Processed Task 690 (Type: UPLOAD)
[2026-02-09 16:45:33] [Info] [Thread 0x700007fac000] Task 755 finished in 2597ms
[2026-02-09 16:45:33] [Info] [Thread 0x700007570000] Task 752 finished in 2597ms
[2026-02-09 16:45:33] [Info] [Thread 0x700007c9a000] Task 753 finished in 2597ms
[2026-02-09 16:45:33] [Info] [Thread 0x7000077ff000] Task 754 finished in 2597ms
[2026-02-09 16:45:33] [Info] [Thread 0x700007a8e000] Task 756 finished in 2597ms
[2026-02-09 16:45:33] [Info] [Thread 0x700007b11000] Task 757 finished in 2597ms
[2026-02-09 16:45:33] [Info] [Thread 0x7000073e7000] Task 751 finished in 2597ms
[2026-02-09 16:45:33] [Info] [Thread 0x700007b11000] Processed Task 757 (Type: EMAIL)
[2026-02-09 16:45:33] [Info] [Thread 0x700007570000] Processed Task 752 (Type: CONVERT)
[2026-02-09 16:45:33] [Info] [Thread 0x700007fac000] Processed Task 755 (Type: CONVERT)
[2026-02-09 16:45:33] [Info] [Thread 0x7000073e7000] Processed Task 751 (Type: EMAIL)
[2026-02-09 16:45:33] [Info] [Thread 0x7000077ff000] Processed Task 754 (Type: EMAIL)
[2026-02-09 16:45:33] [Info] [Thread 0x700007a8e000] Processed Task 756 (Type: UPLOAD)
[2026-02-09 16:45:33] [Info] [Thread 0x700007c9a000] Processed Task 753 (Type: UPLOAD)
[2026-02-09 16:45:33] [Info] [Thread 0x700007f29000] Task 776 finished in 2613ms
[2026-02-09 16:45:33] [Info] [Thread 0x700007b94000] Task 770 finished in 2614ms
[2026-02-09 16:45:33] [Info] [Thread 0x7000070d5000] Task 767 finished in 2614ms
[2026-02-09 16:45:33] [Info] [Thread 0x700007a0b000] Task 761 finished in 2614ms
[2026-02-09 16:45:33] [Info] [Thread 0x700007d1d000] Task 765 finished in 2615ms
[2026-02-09 16:45:33] [Info] [Thread 0x70000725e000] Task 764 finished in 2615ms
[2026-02-09 16:45:33] [Info] [Thread 0x700007e23000] Task 771 finished in 2614ms
[2026-02-09 16:45:33] [Info] [Thread 0x7000075f3000] Task 760 finished in 2616ms
[2026-02-09 16:45:33] [Info] [Thread 0x70000746a000] Task 775 finished in 2614ms
[2026-02-09 16:45:33] [Info] [Thread 0x700007158000] Task 759 finished in 2616ms
[2026-02-09 16:45:33] [Info] [Thread 0x700007c17000] Task 762 finished in 2615ms
[2026-02-09 16:45:33] [Info] [Thread 0x700007905000] Task 772 finished in 2615ms
[2026-02-09 16:45:33] [Info] [Thread 0x700007882000] Task 773 finished in 2615ms
[2026-02-09 16:45:33] [Info] [Thread 0x700007da0000] Task 763 finished in 2616ms
[2026-02-09 16:45:33] [Info] [Thread 0x7000074ed000] Task 774 finished in 2615ms
[2026-02-09 16:45:33] [Info] [Thread 0x70000777c000] Task 780 finished in 2615ms
[2026-02-09 16:45:33] [Info] [Thread 0x7000076f9000] Task 777 finished in 2616ms
[2026-02-09 16:45:33] [Error] [Thread 0x7000071db000] Processing task 769 failed, retry #1
[2026-02-09 16:45:33] [Error] [Thread 0x700007364000] Processing task 766 failed, retry #1
[2026-02-09 16:45:33] [Error] [Thread 0x7000072e1000] Processing task 768 failed, retry #1
[2026-02-09 16:45:33] [Error] [Thread 0x700007988000] Processing task 758 failed, retry #1
[2026-02-09 16:45:33] [Info] [Thread 0x700007d1d000] Processed Task 765 (Type: UPLOAD)
[2026-02-09 16:45:33] [Info] [Thread 0x70000746a000] Processed Task 775 (Type: EMAIL)
[2026-02-09 16:45:33] [Info] [Thread 0x7000070d5000] Processed Task 767 (Type: CONVERT)
[2026-02-09 16:45:33] [Info] [Thread 0x700007a0b000] Processed Task 761 (Type: CONVERT)
[2026-02-09 16:45:33] [Error] [Thread 0x700007676000] Processing task 779 failed, retry #1
[2026-02-09 16:45:33] [Info] [Thread 0x700007e23000] Processed Task 771 (Type: UPLOAD)
[2026-02-09 16:45:33] [Info] [Thread 0x700007b94000] Processed Task 770 (Type: CONVERT)
[2026-02-09 16:45:33] [Info] [Thread 0x700007c17000] Processed Task 762 (Type: UPLOAD)
[2026-02-09 16:45:33] [Info] [Thread 0x700007f29000] Processed Task 776 (Type: CONVERT)
[2026-02-09 16:45:33] [Info] [Thread 0x700007158000] Processed Task 759 (Type: UPLOAD)
[2026-02-09 16:45:33] [Info] [Thread 0x7000075f3000] Processed Task 760 (Type: EMAIL)
[2026-02-09 16:45:33] [Error] [Thread 0x700007ea6000] Processing task 778 failed, retry #1
[2026-02-09 16:45:33] [Info] [Thread 0x70000725e000] Processed Task 764 (Type: CONVERT)
[2026-02-09 16:45:33] [Info] [Thread 0x70000777c000] Processed Task 780 (Type: UPLOAD)
[2026-02-09 16:45:33] [Info] [Thread 0x700007905000] Processed Task 772 (Type: EMAIL)
[2026-02-09 16:45:33] [Info] [Thread 0x7000076f9000] Processed Task 777 (Type: UPLOAD)
[2026-02-09 16:45:33] [Info] [Thread 0x700007da0000] Processed Task 763 (Type: EMAIL)
[2026-02-09 16:45:33] [Info] [Thread 0x7000074ed000] Processed Task 774 (Type: UPLOAD)
[2026-02-09 16:45:33] [Info] [Thread 0x700007882000] Processed Task 773 (Type: CONVERT)
[2026-02-09 16:45:34] [Info] [Thread 0x700007570000] Task 842 finished in 2846ms
[2026-02-09 16:45:34] [Info] [Thread 0x700007b11000] Task 841 finished in 2846ms
[2026-02-09 16:45:34] [Info] [Thread 0x700007fac000] Task 843 finished in 2846ms
[2026-02-09 16:45:34] [Error] [Thread 0x700007a8e000] Processing task 846 failed, retry #1
[2026-02-09 16:45:34] [Error] [Thread 0x7000073e7000] Processing task 844 failed, retry #1
[2026-02-09 16:45:34] [Error] [Thread 0x700007c9a000] Processing task 847 failed, retry #1
[2026-02-09 16:45:34] [Error] [Thread 0x7000077ff000] Processing task 845 failed, retry #1
[2026-02-09 16:45:34] [Info] [Thread 0x700007570000] Processed Task 842 (Type: CONVERT)
[2026-02-09 16:45:34] [Info] [Thread 0x700007b11000] Processed Task 841 (Type: EMAIL)
[2026-02-09 16:45:34] [Info] [Thread 0x700007fac000] Processed Task 843 (Type: UPLOAD)
[2026-02-09 16:45:34] [Info] [Thread 0x700007988000] Task 851 finished in 2865ms
[2026-02-09 16:45:34] [Info] [Thread 0x7000072e1000] Task 850 finished in 2865ms
[2026-02-09 16:45:34] [Info] [Thread 0x7000071db000] Task 848 finished in 2866ms
[2026-02-09 16:45:34] [Info] [Thread 0x7000072e1000] Processed Task 850 (Type: EMAIL)
[2026-02-09 16:45:34] [Info] [Thread 0x7000071db000] Processed Task 848 (Type: CONVERT)
[2026-02-09 16:45:34] [Info] [Thread 0x700007988000] Processed Task 851 (Type: CONVERT)
[2026-02-09 16:45:34] [Info] [Thread 0x700007158000] Task 864 finished in 2869ms
[2026-02-09 16:45:34] [Info] [Thread 0x70000746a000] Task 852 finished in 2869ms
[2026-02-09 16:45:34] [Info] [Thread 0x7000075f3000] Task 863 finished in 2869ms
[2026-02-09 16:45:34] [Info] [Thread 0x700007c17000] Task 855 finished in 2869ms
[2026-02-09 16:45:34] [Info] [Thread 0x70000725e000] Task 866 finished in 2868ms
[2026-02-09 16:45:34] [Info] [Thread 0x700007905000] Task 865 finished in 2869ms
[2026-02-09 16:45:34] [Info] [Thread 0x7000076f9000] Task 868 finished in 2868ms
[2026-02-09 16:45:34] [Info] [Thread 0x7000070d5000] Task 859 finished in 2869ms
[2026-02-09 16:45:34] [Info] [Thread 0x7000074ed000] Task 869 finished in 2868ms
[2026-02-09 16:45:34] [Info] [Thread 0x70000777c000] Task 861 finished in 2869ms
[2026-02-09 16:45:34] [Info] [Thread 0x700007d1d000] Task 853 finished in 2869ms
[2026-02-09 16:45:34] [Error] [Thread 0x700007b94000] Processing task 857 failed, retry #1
[2026-02-09 16:45:34] [Error] [Thread 0x700007364000] Processing task 849 failed, retry #1
[2026-02-09 16:45:34] [Error] [Thread 0x700007676000] Processing task 854 failed, retry #1
[2026-02-09 16:45:34] [Error] [Thread 0x700007882000] Processing task 870 failed, retry #1
[2026-02-09 16:45:34] [Error] [Thread 0x700007da0000] Processing task 867 failed, retry #1
[2026-02-09 16:45:34] [Error] [Thread 0x700007e23000] Processing task 862 failed, retry #1
[2026-02-09 16:45:34] [Error] [Thread 0x700007f29000] Processing task 856 failed, retry #1
[2026-02-09 16:45:34] [Error] [Thread 0x700007ea6000] Processing task 860 failed, retry #1
[2026-02-09 16:45:34] [Error] [Thread 0x700007a0b000] Processing task 858 failed, retry #1
[2026-02-09 16:45:34] [Info] [Thread 0x7000074ed000] Processed Task 869 (Type: CONVERT)
[2026-02-09 16:45:34] [Info] [Thread 0x7000076f9000] Processed Task 868 (Type: EMAIL)
[2026-02-09 16:45:34] [Info] [Thread 0x700007d1d000] Processed Task 853 (Type: EMAIL)
[2026-02-09 16:45:34] [Info] [Thread 0x700007c17000] Processed Task 855 (Type: UPLOAD)
[2026-02-09 16:45:34] [Info] [Thread 0x70000777c000] Processed Task 861 (Type: UPLOAD)
[2026-02-09 16:45:34] [Info] [Thread 0x70000746a000] Processed Task 852 (Type: UPLOAD)
[2026-02-09 16:45:34] [Info] [Thread 0x700007905000] Processed Task 865 (Type: EMAIL)
[2026-02-09 16:45:34] [Info] [Thread 0x7000075f3000] Processed Task 863 (Type: CONVERT)
[2026-02-09 16:45:34] [Info] [Thread 0x700007158000] Processed Task 864 (Type: UPLOAD)
[2026-02-09 16:45:34] [Info] [Thread 0x7000070d5000] Processed Task 859 (Type: EMAIL)
[2026-02-09 16:45:34] [Info] [Thread 0x70000725e000] Processed Task 866 (Type: CONVERT)
[2026-02-09 16:45:34] [Info] [Thread 0x700007c9a000] Task 933 finished in 3096ms
[2026-02-09 16:45:34] [Info] [Thread 0x700007fac000] Task 937 finished in 3096ms
[2026-02-09 16:45:34] [Info] [Thread 0x700007b11000] Task 936 finished in 3096ms
[2026-02-09 16:45:34] [Info] [Thread 0x700007570000] Task 935 finished in 3096ms
[2026-02-09 16:45:34] [Error] [Thread 0x700007a8e000] Processing task 931 failed, retry #1
[2026-02-09 16:45:34] [Error] [Thread 0x7000073e7000] Processing task 932 failed, retry #1
[2026-02-09 16:45:34] [Error] [Thread 0x7000077ff000] Processing task 934 failed, retry #1
[2026-02-09 16:45:34] [Info] [Thread 0x700007570000] Processed Task 935 (Type: CONVERT)
[2026-02-09 16:45:34] [Info] [Thread 0x700007c9a000] Processed Task 933 (Type: UPLOAD)
[2026-02-09 16:45:34] [Info] [Thread 0x700007b11000] Processed Task 936 (Type: UPLOAD)
[2026-02-09 16:45:34] [Info] [Thread 0x700007fac000] Processed Task 937 (Type: EMAIL)
[2026-02-09 16:45:34] [Info] [Thread 0x7000072e1000] Task 938 finished in 3111ms
[2026-02-09 16:45:34] [Info] [Thread 0x7000071db000] Task 939 finished in 3111ms
[2026-02-09 16:45:34] [Info] [Thread 0x700007988000] Task 940 finished in 3111ms
[2026-02-09 16:45:34] [Info] [Thread 0x700007988000] Processed Task 940 (Type: EMAIL)
[2026-02-09 16:45:34] [Info] [Thread 0x7000071db000] Processed Task 939 (Type: UPLOAD)
[2026-02-09 16:45:34] [Info] [Thread 0x7000072e1000] Processed Task 938 (Type: CONVERT)
[2026-02-09 16:45:34] [Info] [Thread 0x700007a0b000] Task 956 finished in 3118ms
[2026-02-09 16:45:34] [Info] [Thread 0x700007f29000] Task 949 finished in 3119ms
[2026-02-09 16:45:34] [Info] [Thread 0x70000777c000] Task 952 finished in 3118ms
[2026-02-09 16:45:34] [Info] [Thread 0x700007882000] Task 943 finished in 3119ms
[2026-02-09 16:45:34] [Info] [Thread 0x700007364000] Task 942 finished in 3119ms
[2026-02-09 16:45:34] [Info] [Thread 0x7000074ed000] Task 948 finished in 3120ms
[2026-02-09 16:45:34] [Info] [Thread 0x700007b94000] Task 941 finished in 3119ms
[2026-02-09 16:45:34] [Info] [Thread 0x700007ea6000] Task 950 finished in 3119ms
[2026-02-09 16:45:34] [Info] [Thread 0x700007da0000] Task 946 finished in 3120ms
[2026-02-09 16:45:34] [Info] [Thread 0x700007905000] Task 955 finished in 3118ms
[2026-02-09 16:45:34] [Info] [Thread 0x7000076f9000] Task 947 finished in 3121ms
[2026-02-09 16:45:34] [Info] [Thread 0x70000746a000] Task 954 finished in 3120ms
[2026-02-09 16:45:34] [Info] [Thread 0x70000725e000] Task 960 finished in 3120ms
[2026-02-09 16:45:34] [Info] [Thread 0x7000075f3000] Task 957 finished in 3120ms
[2026-02-09 16:45:34] [Info] [Thread 0x700007d1d000] Task 951 finished in 3121ms
[2026-02-09 16:45:34] [Info] [Thread 0x700007e23000] Task 945 finished in 3121ms
[2026-02-09 16:45:34] [Info] [Thread 0x7000070d5000] Task 959 finished in 3120ms
[2026-02-09 16:45:34] [Error] [Thread 0x700007c17000] Processing task 953 failed, retry #1
[2026-02-09 16:45:34] [Error] [Thread 0x700007676000] Processing task 944 failed, retry #1
[2026-02-09 16:45:34] [Error] [Thread 0x700007158000] Processing task 958 failed, retry #1
[2026-02-09 16:45:34] [Info] [Thread 0x700007882000] Processed Task 943 (Type: EMAIL)
[2026-02-09 16:45:34] [Info] [Thread 0x700007b94000] Processed Task 941 (Type: CONVERT)
[2026-02-09 16:45:34] [Info] [Thread 0x700007364000] Processed Task 942 (Type: UPLOAD)
[2026-02-09 16:45:34] [Info] [Thread 0x700007ea6000] Processed Task 950 (Type: CONVERT)
[2026-02-09 16:45:34] [Info] [Thread 0x700007a0b000] Processed Task 956 (Type: CONVERT)
[2026-02-09 16:45:34] [Info] [Thread 0x70000777c000] Processed Task 952 (Type: EMAIL)
[2026-02-09 16:45:34] [Info] [Thread 0x7000074ed000] Processed Task 948 (Type: UPLOAD)
[2026-02-09 16:45:34] [Info] [Thread 0x700007f29000] Processed Task 949 (Type: EMAIL)
[2026-02-09 16:45:34] [Info] [Thread 0x700007905000] Processed Task 955 (Type: EMAIL)
[2026-02-09 16:45:34] [Info] [Thread 0x700007da0000] Processed Task 946 (Type: EMAIL)
[2026-02-09 16:45:34] [Info] [Thread 0x7000076f9000] Processed Task 947 (Type: CONVERT)
[2026-02-09 16:45:34] [Info] [Thread 0x70000746a000] Processed Task 954 (Type: UPLOAD)
[2026-02-09 16:45:34] [Info] [Thread 0x7000075f3000] Processed Task 957 (Type: UPLOAD)
[2026-02-09 16:45:34] [Info] [Thread 0x70000725e000] Processed Task 960 (Type: UPLOAD)
[2026-02-09 16:45:34] [Info] [Thread 0x700007d1d000] Processed Task 951 (Type: UPLOAD)
[2026-02-09 16:45:34] [Info] [Thread 0x700007e23000] Processed Task 945 (Type: UPLOAD)
[2026-02-09 16:45:34] [Info] [Thread 0x7000070d5000] Processed Task 959 (Type: CONVERT)
[2026-02-09 16:45:34] [Info] [Thread 0x700007a8e000] Task 21 finished in 3464ms
[2026-02-09 16:45:34] [Info] [Thread 0x7000073e7000] Task 22 finished in 3464ms
[2026-02-09 16:45:34] [Info] [Thread 0x7000077ff000] Task 23 finished in 3464ms
[2026-02-09 16:45:34] [Info] [Thread 0x700007b11000] Task 26 finished in 3463ms
[2026-02-09 16:45:34] [Error] [Thread 0x700007570000] Processing task 24 failed, retry #1
[2026-02-09 16:45:34] [Error] [Thread 0x700007c9a000] Processing task 25 failed, retry #1
[2026-02-09 16:45:34] [Error] [Thread 0x700007fac000] Processing task 27 failed, retry #1
[2026-02-09 16:45:34] [Info] [Thread 0x700007a8e000] Processed Task 21 (Type: UPLOAD)
[2026-02-09 16:45:34] [Info] [Thread 0x7000077ff000] Processed Task 23 (Type: CONVERT)
[2026-02-09 16:45:34] [Info] [Thread 0x700007b11000] Processed Task 26 (Type: CONVERT)
[2026-02-09 16:45:34] [Info] [Thread 0x7000073e7000] Processed Task 22 (Type: EMAIL)
[2026-02-09 16:45:34] [Info] [Thread 0x7000071db000] Task 29 finished in 3480ms
[2026-02-09 16:45:34] [Info] [Thread 0x700007988000] Task 28 finished in 3480ms
[2026-02-09 16:45:34] [Error] [Thread 0x7000072e1000] Processing task 30 failed, retry #1
[2026-02-09 16:45:34] [Info] [Thread 0x7000071db000] Processed Task 29 (Type: CONVERT)
[2026-02-09 16:45:34] [Info] [Thread 0x700007988000] Processed Task 28 (Type: EMAIL)
[2026-02-09 16:45:34] [Info] [Thread 0x700007882000] Task 30 finished in 3489ms
[2026-02-09 16:45:34] [Info] [Thread 0x700007a0b000] Task 15 finished in 3494ms
[2026-02-09 16:45:34] [Info] [Thread 0x700007ea6000] Task 21 finished in 3492ms
[2026-02-09 16:45:34] [Info] [Thread 0x700007364000] Task 4 finished in 3496ms
[2026-02-09 16:45:34] [Error] [Thread 0x700007b94000] Processing task 23 failed, retry #2
[2026-02-09 16:45:34] [Error] [Thread 0x700007158000] Processing task 17 failed, retry #2
[2026-02-09 16:45:34] [Error] [Thread 0x700007c17000] Processing task 1 failed, retry #2
[2026-02-09 16:45:34] [Error] [Thread 0x700007676000] Processing task 9 failed, retry #2
[2026-02-09 16:45:34] [Info] [Thread 0x700007882000] Processed Task 30 (Type: UPLOAD)
[2026-02-09 16:45:34] [Info] [Thread 0x700007a0b000] Processed Task 15 (Type: UPLOAD)
[2026-02-09 16:45:34] [Info] [Thread 0x700007ea6000] Processed Task 21 (Type: UPLOAD)
[2026-02-09 16:45:34] [Info] [Thread 0x700007364000] Processed Task 4 (Type: EMAIL)
[2026-02-09 16:45:34] [Info] [Thread 0x7000075f3000] Task 40 finished in 3494ms
[2026-02-09 16:45:34] [Info] [Thread 0x700007e23000] Task 44 finished in 3494ms
[2026-02-09 16:45:34] [Info] [Thread 0x7000076f9000] Task 37 finished in 3495ms
[2026-02-09 16:45:34] [Info] [Thread 0x700007da0000] Task 39 finished in 3495ms
[2026-02-09 16:45:34] [Info] [Thread 0x700007f29000] Task 31 finished in 3496ms
[2026-02-09 16:45:34] [Info] [Thread 0x700007905000] Task 38 finished in 3495ms
[2026-02-09 16:45:34] [Info] [Thread 0x7000070d5000] Task 45 finished in 3495ms
[2026-02-09 16:45:34] [Error] [Thread 0x700007d1d000] Processing task 43 failed, retry #1
[2026-02-09 16:45:34] [Error] [Thread 0x70000746a000] Processing task 36 failed, retry #1
[2026-02-09 16:45:34] [Error] [Thread 0x70000725e000] Processing task 42 failed, retry #1
[2026-02-09 16:45:34] [Error] [Thread 0x7000074ed000] Processing task 32 failed, retry #1
[2026-02-09 16:45:34] [Error] [Thread 0x70000777c000] Processing task 33 failed, retry #1
[2026-02-09 16:45:34] [Info] [Thread 0x700007905000] Processed Task 38 (Type: CONVERT)
[2026-02-09 16:45:34] [Info] [Thread 0x700007f29000] Processed Task 31 (Type: EMAIL)
[2026-02-09 16:45:34] [Info] [Thread 0x700007da0000] Processed Task 39 (Type: UPLOAD)
[2026-02-09 16:45:34] [Info] [Thread 0x7000075f3000] Processed Task 40 (Type: EMAIL)
[2026-02-09 16:45:34] [Info] [Thread 0x700007e23000] Processed Task 44 (Type: CONVERT)
[2026-02-09 16:45:34] [Info] [Thread 0x7000076f9000] Processed Task 37 (Type: EMAIL)
[2026-02-09 16:45:34] [Info] [Thread 0x7000070d5000] Processed Task 45 (Type: UPLOAD)
[2026-02-09 16:45:34] [Info] [Thread 0x7000077ff000] Task 81 finished in 3711ms
[2026-02-09 16:45:34] [Info] [Thread 0x700007c9a000] Task 70 finished in 3713ms
[2026-02-09 16:45:34] [Info] [Thread 0x7000073e7000] Task 77 finished in 3712ms
[2026-02-09 16:45:34] [Error] [Thread 0x700007a8e000] Processing task 72 failed, retry #2
[2026-02-09 16:45:34] [Error] [Thread 0x700007fac000] Processing task 64 failed, retry #2
[2026-02-09 16:45:34] [Error] [Thread 0x700007570000] Processing task 56 failed, retry #2
[2026-02-09 16:45:34] [Error] [Thread 0x700007b11000] Processing task 86 failed, retry #2
[2026-02-09 16:45:34] [Info] [Thread 0x7000073e7000] Processed Task 77 (Type: CONVERT)
[2026-02-09 16:45:34] [Info] [Thread 0x7000077ff000] Processed Task 81 (Type: UPLOAD)
[2026-02-09 16:45:34] [Info] [Thread 0x700007c9a000] Processed Task 70 (Type: EMAIL)
[2026-02-09 16:45:34] [Info] [Thread 0x700007988000] Task 76 finished in 3729ms
[2026-02-09 16:45:34] [Error] [Thread 0x7000072e1000] Processing task 75 failed, retry #2
[2026-02-09 16:45:34] [Error] [Thread 0x7000071db000] Processing task 87 failed, retry #2
[2026-02-09 16:45:34] [Info] [Thread 0x700007988000] Processed Task 76 (Type: EMAIL)
[2026-02-09 16:45:34] [Info] [Thread 0x700007158000] Task 107 finished in 3730ms
[2026-02-09 16:45:34] [Info] [Thread 0x700007c17000] Task 119 finished in 3728ms
[2026-02-09 16:45:34] [Info] [Thread 0x700007882000] Task 115 finished in 3728ms
[2026-02-09 16:45:34] [Error] [Thread 0x700007b94000] Processing task 99 failed, retry #2
[2026-02-09 16:45:34] [Error] [Thread 0x700007676000] Processing task 111 failed, retry #2
[2026-02-09 16:45:34] [Info] [Thread 0x700007882000] Processed Task 115 (Type: EMAIL)
[2026-02-09 16:45:34] [Info] [Thread 0x700007158000] Processed Task 107 (Type: CONVERT)
[2026-02-09 16:45:34] [Info] [Thread 0x700007c17000] Processed Task 119 (Type: CONVERT)
[2026-02-09 16:45:34] [Info] [Thread 0x700007ea6000] Task 126 finished in 3732ms
[2026-02-09 16:45:34] [Error] [Thread 0x700007364000] Processing task 124 failed, retry #2
[2026-02-09 16:45:34] [Info] [Thread 0x700007ea6000] Processed Task 126 (Type: UPLOAD)
[2026-02-09 16:45:34] [Error] [Thread 0x700007a0b000] Processing task 116 failed, retry #2
[2026-02-09 16:45:34] [Info] [Thread 0x7000074ed000] Task 148 finished in 3734ms
[2026-02-09 16:45:34] [Info] [Thread 0x70000777c000] Task 151 finished in 3734ms
[2026-02-09 16:45:34] [Info] [Thread 0x7000070d5000] Task 194 finished in 3728ms
[2026-02-09 16:45:34] [Info] [Thread 0x700007e23000] Task 180 finished in 3730ms
[2026-02-09 16:45:34] [Error] [Thread 0x70000746a000] Processing task 143 failed, retry #2
[2026-02-09 16:45:34] [Error] [Thread 0x700007905000] Processing task 170 failed, retry #2
[2026-02-09 16:45:34] [Error] [Thread 0x70000725e000] Processing task 137 failed, retry #2
[2026-02-09 16:45:34] [Error] [Thread 0x700007f29000] Processing task 169 failed, retry #2
[2026-02-09 16:45:34] [Error] [Thread 0x700007d1d000] Processing task 125 failed, retry #2
[2026-02-09 16:45:34] [Error] [Thread 0x7000075f3000] Processing task 173 failed, retry #2
[2026-02-09 16:45:34] [Error] [Thread 0x7000076f9000] Processing task 189 failed, retry #2
[2026-02-09 16:45:34] [Error] [Thread 0x700007da0000] Processing task 176 failed, retry #2
[2026-02-09 16:45:34] [Info] [Thread 0x70000777c000] Processed Task 151 (Type: EMAIL)
[2026-02-09 16:45:34] [Info] [Thread 0x7000070d5000] Processed Task 194 (Type: CONVERT)
[2026-02-09 16:45:34] [Info] [Thread 0x7000074ed000] Processed Task 148 (Type: EMAIL)
[2026-02-09 16:45:34] [Info] [Thread 0x700007e23000] Processed Task 180 (Type: UPLOAD)
[2026-02-09 16:45:35] [Info] [Thread 0x700007a8e000] Task 365 finished in 3923ms
[2026-02-09 16:45:35] [Info] [Thread 0x700007c9a000] Task 370 finished in 3922ms
[2026-02-09 16:45:35] [Info] [Thread 0x700007b11000] Task 386 finished in 3919ms
[2026-02-09 16:45:35] [Info] [Thread 0x7000073e7000] Task 374 finished in 3921ms
[2026-02-09 16:45:35] [Info] [Thread 0x700007fac000] Task 363 finished in 3923ms
[2026-02-09 16:45:35] [Error] [Thread 0x700007570000] Processing task 371 failed, retry #2
[2026-02-09 16:45:35] [Error] [Thread 0x7000077ff000] Processing task 387 failed, retry #2
[2026-02-09 16:45:35] [Info] [Thread 0x700007a8e000] Processed Task 365 (Type: CONVERT)
[2026-02-09 16:45:35] [Info] [Thread 0x7000073e7000] Processed Task 374 (Type: CONVERT)
[2026-02-09 16:45:35] [Info] [Thread 0x700007c9a000] Processed Task 370 (Type: EMAIL)
[2026-02-09 16:45:35] [Info] [Thread 0x700007fac000] Processed Task 363 (Type: UPLOAD)
[2026-02-09 16:45:35] [Info] [Thread 0x700007b11000] Processed Task 386 (Type: CONVERT)
[2026-02-09 16:45:35] [Info] [Thread 0x7000072e1000] Task 398 finished in 3930ms
[2026-02-09 16:45:35] [Error] [Thread 0x7000071db000] Processing task 392 failed, retry #2
[2026-02-09 16:45:35] [Error] [Thread 0x700007988000] Processing task 397 failed, retry #2
[2026-02-09 16:45:35] [Info] [Thread 0x7000072e1000] Processed Task 398 (Type: CONVERT)
[2026-02-09 16:45:35] [Info] [Thread 0x700007c17000] Task 422 finished in 3934ms
[2026-02-09 16:45:35] [Info] [Thread 0x700007882000] Task 405 finished in 3936ms
[2026-02-09 16:45:35] [Info] [Thread 0x700007158000] Task 407 finished in 3935ms
[2026-02-09 16:45:35] [Info] [Thread 0x700007b94000] Task 410 finished in 3936ms
[2026-02-09 16:45:35] [Error] [Thread 0x700007676000] Processing task 411 failed, retry #2
[2026-02-09 16:45:35] [Info] [Thread 0x700007364000] Task 425 finished in 3936ms
[2026-02-09 16:45:35] [Info] [Thread 0x700007158000] Processed Task 407 (Type: CONVERT)
[2026-02-09 16:45:35] [Info] [Thread 0x700007ea6000] Task 421 finished in 3938ms
[2026-02-09 16:45:35] [Info] [Thread 0x700007c17000] Processed Task 422 (Type: CONVERT)
[2026-02-09 16:45:35] [Info] [Thread 0x700007882000] Processed Task 405 (Type: UPLOAD)
[2026-02-09 16:45:35] [Info] [Thread 0x700007b94000] Processed Task 410 (Type: CONVERT)
[2026-02-09 16:45:35] [Info] [Thread 0x700007364000] Processed Task 425 (Type: CONVERT)
[2026-02-09 16:45:35] [Error] [Thread 0x700007a0b000] Processing task 433 failed, retry #2
[2026-02-09 16:45:35] [Info] [Thread 0x700007ea6000] Processed Task 421 (Type: EMAIL)
[2026-02-09 16:45:35] [Info] [Thread 0x700007905000] Task 435 finished in 3947ms
[2026-02-09 16:45:35] [Info] [Thread 0x70000725e000] Task 444 finished in 3946ms
[2026-02-09 16:45:35] [Info] [Thread 0x70000746a000] Task 431 finished in 3948ms
[2026-02-09 16:45:35] [Error] [Thread 0x7000075f3000] Processing task 488 failed, retry #2
[2026-02-09 16:45:35] [Error] [Thread 0x700007f29000] Processing task 474 failed, retry #2
[2026-02-09 16:45:35] [Error] [Thread 0x700007d1d000] Processing task 486 failed, retry #2
[2026-02-09 16:45:35] [Info] [Thread 0x700007905000] Processed Task 435 (Type: UPLOAD)
[2026-02-09 16:45:35] [Info] [Thread 0x70000725e000] Processed Task 444 (Type: UPLOAD)
[2026-02-09 16:45:35] [Info] [Thread 0x70000746a000] Processed Task 431 (Type: CONVERT)
[2026-02-09 16:45:35] [Info] [Thread 0x700007e23000] Task 570 finished in 3939ms
[2026-02-09 16:45:35] [Info] [Thread 0x7000074ed000] Task 533 finished in 3943ms
[2026-02-09 16:45:35] [Info] [Thread 0x700007da0000] Task 496 finished in 3945ms
[2026-02-09 16:45:35] [Info] [Thread 0x70000777c000] Task 523 finished in 3943ms
[2026-02-09 16:45:35] [Error] [Thread 0x7000076f9000] Processing task 516 failed, retry #2
[2026-02-09 16:45:35] [Error] [Thread 0x7000070d5000] Processing task 536 failed, retry #2
[2026-02-09 16:45:35] [Info] [Thread 0x700007e23000] Processed Task 570 (Type: UPLOAD)
[2026-02-09 16:45:35] [Info] [Thread 0x7000074ed000] Processed Task 533 (Type: CONVERT)
[2026-02-09 16:45:35] [Info] [Thread 0x700007da0000] Processed Task 496 (Type: EMAIL)
[2026-02-09 16:45:35] [Info] [Thread 0x70000777c000] Processed Task 523 (Type: EMAIL)
[2026-02-09 16:45:35] [Info] [Thread 0x700007fac000] Task 706 finished in 4145ms
[2026-02-09 16:45:35] [Info] [Thread 0x700007a8e000] Task 704 finished in 4145ms
[2026-02-09 16:45:35] [Info] [Thread 0x7000077ff000] Task 703 finished in 4145ms
[2026-02-09 16:45:35] [Info] [Thread 0x7000073e7000] Task 713 finished in 4144ms
[2026-02-09 16:45:35] [Info] [Thread 0x700007570000] Task 694 finished in 4146ms
[2026-02-09 16:45:35] [Error] [Thread 0x700007c9a000] Processing task 702 failed, retry #2
[2026-02-09 16:45:35] [Info] [Thread 0x700007fac000] Processed Task 706 (Type: EMAIL)
[2026-02-09 16:45:35] [Error] [Thread 0x700007b11000] Processing task 712 failed, retry #2
[2026-02-09 16:45:35] [Info] [Thread 0x7000073e7000] Processed Task 713 (Type: CONVERT)
[2026-02-09 16:45:35] [Info] [Thread 0x700007a8e000] Processed Task 704 (Type: CONVERT)
[2026-02-09 16:45:35] [Info] [Thread 0x700007570000] Processed Task 694 (Type: EMAIL)
[2026-02-09 16:45:35] [Info] [Thread 0x7000077ff000] Processed Task 703 (Type: EMAIL)
[2026-02-09 16:45:35] [Info] [Thread 0x700007988000] Task 715 finished in 4154ms
[2026-02-09 16:45:35] [Info] [Thread 0x7000071db000] Task 714 finished in 4154ms
[2026-02-09 16:45:35] [Info] [Thread 0x7000072e1000] Task 719 finished in 4155ms
[2026-02-09 16:45:35] [Info] [Thread 0x700007988000] Processed Task 715 (Type: EMAIL)
[2026-02-09 16:45:35] [Info] [Thread 0x7000072e1000] Processed Task 719 (Type: CONVERT)
[2026-02-09 16:45:35] [Info] [Thread 0x7000071db000] Processed Task 714 (Type: UPLOAD)
[2026-02-09 16:45:35] [Info] [Thread 0x700007158000] Task 730 finished in 4160ms
[2026-02-09 16:45:35] [Info] [Thread 0x700007c17000] Task 734 finished in 4161ms
[2026-02-09 16:45:35] [Info] [Thread 0x700007882000] Task 735 finished in 4160ms
[2026-02-09 16:45:35] [Info] [Thread 0x700007b94000] Task 737 finished in 4160ms
[2026-02-09 16:45:35] [Info] [Thread 0x700007a0b000] Task 736 finished in 4161ms
[2026-02-09 16:45:35] [Info] [Thread 0x700007364000] Task 738 finished in 4161ms
[2026-02-09 16:45:35] [Error] [Thread 0x700007676000] Processing task 732 failed, retry #2
[2026-02-09 16:45:35] [Info] [Thread 0x700007882000] Processed Task 735 (Type: UPLOAD)
[2026-02-09 16:45:35] [Info] [Thread 0x700007158000] Processed Task 730 (Type: EMAIL)
[2026-02-09 16:45:35] [Error] [Thread 0x700007ea6000] Processing task 742 failed, retry #2
[2026-02-09 16:45:35] [Info] [Thread 0x700007b94000] Processed Task 737 (Type: CONVERT)
[2026-02-09 16:45:35] [Info] [Thread 0x700007c17000] Processed Task 734 (Type: CONVERT)
[2026-02-09 16:45:35] [Info] [Thread 0x700007a0b000] Processed Task 736 (Type: EMAIL)
[2026-02-09 16:45:35] [Info] [Thread 0x700007364000] Processed Task 738 (Type: UPLOAD)
[2026-02-09 16:45:35] [Info] [Thread 0x700007905000] Task 778 finished in 4173ms
[2026-02-09 16:45:35] [Error] [Thread 0x70000725e000] Processing task 779 failed, retry #2
[2026-02-09 16:45:35] [Info] [Thread 0x700007905000] Processed Task 778 (Type: EMAIL)
[2026-02-09 16:45:35] [Info] [Thread 0x700007d1d000] Task 758 finished in 4178ms
[2026-02-09 16:45:35] [Info] [Thread 0x7000075f3000] Task 769 finished in 4177ms
[2026-02-09 16:45:35] [Info] [Thread 0x700007f29000] Task 768 finished in 4178ms
[2026-02-09 16:45:35] [Error] [Thread 0x70000746a000] Processing task 796 failed, retry #2
[2026-02-09 16:45:35] [Info] [Thread 0x700007d1d000] Processed Task 758 (Type: CONVERT)
[2026-02-09 16:45:35] [Info] [Thread 0x7000075f3000] Processed Task 769 (Type: EMAIL)
[2026-02-09 16:45:35] [Info] [Thread 0x700007f29000] Processed Task 768 (Type: UPLOAD)
[2026-02-09 16:45:35] [Info] [Thread 0x700007da0000] Task 826 finished in 4177ms
[2026-02-09 16:45:35] [Info] [Thread 0x7000074ed000] Task 817 finished in 4178ms
[2026-02-09 16:45:35] [Info] [Thread 0x7000076f9000] Task 799 finished in 4181ms
[2026-02-09 16:45:35] [Error] [Thread 0x70000777c000] Processing task 846 failed, retry #2
[2026-02-09 16:45:35] [Error] [Thread 0x700007e23000] Processing task 805 failed, retry #2
[2026-02-09 16:45:35] [Error] [Thread 0x7000070d5000] Processing task 801 failed, retry #2
[2026-02-09 16:45:35] [Info] [Thread 0x700007da0000] Processed Task 826 (Type: EMAIL)
[2026-02-09 16:45:35] [Info] [Thread 0x7000074ed000] Processed Task 817 (Type: EMAIL)
[2026-02-09 16:45:35] [Info] [Thread 0x7000076f9000] Processed Task 799 (Type: EMAIL)
[2026-02-09 16:45:35] [Error] [Thread 0x700007c9a000] Processing task 5 failed, retry #2
[2026-02-09 16:45:35] [Info] [Thread 0x700007fac000] Task 1 finished in 4504ms
[2026-02-09 16:45:35] [Info] [Thread 0x700007b11000] Task 2 finished in 4502ms
[2026-02-09 16:45:35] [Info] [Thread 0x700007570000] Task 13 finished in 4500ms
[2026-02-09 16:45:35] [Info] [Thread 0x700007a8e000] Task 17 finished in 4499ms
[2026-02-09 16:45:35] [Error] [Thread 0x7000073e7000] Processing task 7 failed, retry #2
[2026-02-09 16:45:35] [Error] [Thread 0x7000077ff000] Processing task 24 failed, retry #2
[2026-02-09 16:45:35] [Info] [Thread 0x700007fac000] Processed Task 1 (Type: EMAIL)
[2026-02-09 16:45:35] [Info] [Thread 0x700007a8e000] Processed Task 17 (Type: CONVERT)
[2026-02-09 16:45:35] [Info] [Thread 0x700007570000] Processed Task 13 (Type: EMAIL)
[2026-02-09 16:45:35] [Info] [Thread 0x700007b11000] Processed Task 2 (Type: CONVERT)
[2026-02-09 16:45:35] [Info] [Thread 0x7000072e1000] Task 27 finished in 4506ms
[2026-02-09 16:45:35] [Info] [Thread 0x7000071db000] Task 30 finished in 4505ms
[2026-02-09 16:45:35] [Info] [Thread 0x700007988000] Task 25 finished in 4507ms
[2026-02-09 16:45:35] [Info] [Thread 0x7000072e1000] Processed Task 27 (Type: UPLOAD)
[2026-02-09 16:45:35] [Info] [Thread 0x7000071db000] Processed Task 30 (Type: UPLOAD)
[2026-02-09 16:45:35] [Info] [Thread 0x700007988000] Processed Task 25 (Type: EMAIL)
[2026-02-09 16:45:35] [Info] [Thread 0x700007676000] Task 17 finished in 4515ms
[2026-02-09 16:45:35] [Info] [Thread 0x700007676000] Processed Task 17 (Type: CONVERT)
[2026-02-09 16:45:35] [Info] [Thread 0x700007ea6000] Task 19 finished in 4516ms
[2026-02-09 16:45:35] [Info] [Thread 0x700007b94000] Task 46 finished in 4510ms
[2026-02-09 16:45:35] [Info] [Thread 0x700007364000] Task 35 finished in 4513ms
[2026-02-09 16:45:35] [Info] [Thread 0x700007a0b000] Task 47 finished in 4511ms
[2026-02-09 16:45:35] [Error] [Thread 0x700007882000] Processing task 23 failed, retry #3
[2026-02-09 16:45:35] [Error] [Thread 0x700007158000] Processing task 9 failed, retry #3
[2026-02-09 16:45:35] [Info] [Thread 0x700007ea6000] Processed Task 19 (Type: EMAIL)
[2026-02-09 16:45:35] [Info] [Thread 0x700007b94000] Processed Task 46 (Type: EMAIL)
[2026-02-09 16:45:35] [Error] [Thread 0x700007c17000] Processing task 32 failed, retry #2
[2026-02-09 16:45:35] [Info] [Thread 0x700007364000] Processed Task 35 (Type: CONVERT)
[2026-02-09 16:45:35] [Info] [Thread 0x700007a0b000] Processed Task 47 (Type: CONVERT)
[2026-02-09 16:45:35] [Info] [Thread 0x70000725e000] Task 42 finished in 4527ms
[2026-02-09 16:45:35] [Info] [Thread 0x700007905000] Task 36 finished in 4528ms
[2026-02-09 16:45:35] [Info] [Thread 0x700007d1d000] Task 33 finished in 4532ms
[2026-02-09 16:45:35] [Info] [Thread 0x70000725e000] Processed Task 42 (Type: UPLOAD)
[2026-02-09 16:45:35] [Info] [Thread 0x700007905000] Processed Task 36 (Type: UPLOAD)
[2026-02-09 16:45:35] [Error] [Thread 0x70000746a000] Processing task 34 failed, retry #2
[2026-02-09 16:45:35] [Error] [Thread 0x7000075f3000] Processing task 59 failed, retry #2
[2026-02-09 16:45:35] [Error] [Thread 0x700007f29000] Processing task 67 failed, retry #2
[2026-02-09 16:45:35] [Info] [Thread 0x700007d1d000] Processed Task 33 (Type: UPLOAD)
[2026-02-09 16:45:35] [Info] [Thread 0x700007e23000] Task 76 finished in 4532ms
[2026-02-09 16:45:35] [Info] [Thread 0x7000074ed000] Task 34 finished in 4540ms
[2026-02-09 16:45:35] [Error] [Thread 0x7000070d5000] Processing task 74 failed, retry #2
[2026-02-09 16:45:35] [Error] [Thread 0x7000076f9000] Processing task 86 failed, retry #3
[2026-02-09 16:45:35] [Error] [Thread 0x700007da0000] Processing task 59 failed, retry #3
[2026-02-09 16:45:35] [Error] [Thread 0x70000777c000] Processing task 80 failed, retry #2
[2026-02-09 16:45:35] [Info] [Thread 0x700007e23000] Processed Task 76 (Type: EMAIL)
[2026-02-09 16:45:35] [Info] [Thread 0x7000074ed000] Processed Task 34 (Type: EMAIL)
[2026-02-09 16:45:35] [Error] [Thread 0x700007c9a000] Processing task 580 failed, retry #3
[2026-02-09 16:45:35] [Info] [Thread 0x7000077ff000] Task 617 finished in 4667ms
[2026-02-09 16:45:35] [Info] [Thread 0x700007fac000] Task 649 finished in 4665ms
[2026-02-09 16:45:35] [Info] [Thread 0x700007a8e000] Task 667 finished in 4663ms
[2026-02-09 16:45:35] [Info] [Thread 0x700007570000] Task 657 finished in 4664ms
[2026-02-09 16:45:35] [Error] [Thread 0x7000073e7000] Processing task 606 failed, retry #3
[2026-02-09 16:45:35] [Error] [Thread 0x700007b11000] Processing task 672 failed, retry #3
[2026-02-09 16:45:35] [Info] [Thread 0x700007a8e000] Processed Task 667 (Type: EMAIL)
[2026-02-09 16:45:35] [Info] [Thread 0x700007fac000] Processed Task 649 (Type: EMAIL)
[2026-02-09 16:45:35] [Info] [Thread 0x700007570000] Processed Task 657 (Type: UPLOAD)
[2026-02-09 16:45:35] [Info] [Thread 0x7000077ff000] Processed Task 617 (Type: CONVERT)
[2026-02-09 16:45:35] [Info] [Thread 0x7000071db000] Task 693 finished in 4667ms
[2026-02-09 16:45:35] [Error] [Thread 0x7000072e1000] Processing task 676 failed, retry #3
[2026-02-09 16:45:35] [Error] [Thread 0x700007988000] Processing task 685 failed, retry #3
[2026-02-09 16:45:35] [Info] [Thread 0x7000071db000] Processed Task 693 (Type: UPLOAD)
[2026-02-09 16:45:35] [Info] [Thread 0x700007676000] Task 692 finished in 4675ms
[2026-02-09 16:45:35] [Info] [Thread 0x700007676000] Processed Task 692 (Type: CONVERT)
[2026-02-09 16:45:35] [Error] [Thread 0x700007364000] Processing task 796 failed, retry #3
[2026-02-09 16:45:35] [Error] [Thread 0x700007a0b000] Processing task 785 failed, retry #3
[2026-02-09 16:45:35] [Error] [Thread 0x700007d1d000] Processing task 845 failed, retry #3
[2026-02-09 16:45:35] [Error] [Thread 0x70000746a000] Processing task 806 failed, retry #3
[2026-02-09 16:45:35] [Error] [Thread 0x7000076f9000] Processing task 884 failed, retry #3
[2026-02-09 16:45:35] [Error] [Thread 0x700007e23000] Processing task 981 failed, retry #3
[2026-02-09 16:45:35] [Info] [Thread 0x700007c17000] Task 748 finished in 4716ms
[2026-02-09 16:45:35] [Info] [Thread 0x700007158000] Task 732 finished in 4717ms
[2026-02-09 16:45:35] [Error] [Thread 0x7000070d5000] Processing task 892 failed, retry #3
[2026-02-09 16:45:35] [Info] [Thread 0x700007ea6000] Task 742 finished in 4717ms
[2026-02-09 16:45:35] [Info] [Thread 0x70000725e000] Task 801 finished in 4711ms
[2026-02-09 16:45:35] [Info] [Thread 0x700007905000] Task 805 finished in 4712ms
[2026-02-09 16:45:35] [Info] [Thread 0x7000075f3000] Task 834 finished in 4710ms
[2026-02-09 16:45:35] [Info] [Thread 0x700007f29000] Task 856 finished in 4708ms
[2026-02-09 16:45:36] [Error] [Thread 0x7000073e7000] Task 80 exceeded retry limit, sending to dead letter queue.
[2026-02-09 16:45:36] [Error] [Thread 0x700007570000] Task 5 exceeded retry limit, sending to dead letter queue.
[2026-02-09 16:45:37] [Info] [Thread 0x700007158000] Processed Task 732 (Type: UPLOAD)
[2026-02-09 16:45:37] [Info] [Thread 0x7000075f3000] Processed Task 834 (Type: UPLOAD)
[2026-02-09 16:45:37] [Info] [Thread 0x700007f29000] Processed Task 856 (Type: EMAIL)
[2026-02-09 16:45:37] [Info] [Thread 0x700007fac000] Task 884 finished in 5771ms
[2026-02-09 16:45:37] [Info] [Thread 0x700007b11000] Task 74 finished in 5871ms
[2026-02-09 16:45:37] [Info] [Thread 0x700007c9a000] Task 879 finished in 5773ms
[2026-02-09 16:45:37] [Info] [Thread 0x700007a8e000] Task 892 finished in 5772ms
[2026-02-09 16:45:38] [Info] [Thread 0x700007b94000] Task 779 finished in 6787ms
[2026-02-09 16:45:38] [Info] [Thread 0x700007905000] Processed Task 805 (Type: EMAIL)
[2026-02-09 16:45:38] [Info] [Thread 0x700007b11000] Processed Task 74 (Type: CONVERT)
[2026-02-09 16:45:38] [Info] [Thread 0x700007fac000] Processed Task 884 (Type: CONVERT)
[2026-02-09 16:45:38] [Info] [Thread 0x70000777c000] Task 919 finished in 7684ms
[2026-02-09 16:45:38] [Info] [Thread 0x700007a8e000] Processed Task 892 (Type: EMAIL)
[2026-02-09 16:45:38] [Info] [Thread 0x700007882000] Task 712 finished in 7702ms
[2026-02-09 16:45:38] [Info] [Thread 0x700007da0000] Task 908 finished in 7686ms
[2026-02-09 16:45:38] [Info] [Thread 0x7000074ed000] Task 969 finished in 7681ms
[2026-02-09 16:45:39] [Info] [Thread 0x700007b94000] Processed Task 779 (Type: CONVERT)
[2026-02-09 16:45:40] [Info] [Thread 0x7000074ed000] Processed Task 969 (Type: UPLOAD)
[2026-02-09 16:45:40] [Info] [Thread 0x700007ea6000] Processed Task 742 (Type: EMAIL)
[2026-02-09 16:45:41] [Info] [Thread 0x70000777c000] Processed Task 919 (Type: EMAIL)
[2026-02-09 16:45:41] [Info] [Thread 0x700007882000] Processed Task 712 (Type: EMAIL)
[2026-02-09 16:45:41] [Info] [Thread 0x700007da0000] Processed Task 908 (Type: CONVERT)
[2026-02-09 16:45:41] [Info] [Thread 0x700007c17000] Processed Task 748 (Type: EMAIL)
[2026-02-09 16:45:41] [Info] [Thread 0x70000725e000] Processed Task 801 (Type: UPLOAD)
[2026-02-09 16:45:48] [Info] [Thread 0x700007c9a000] Processed Task 879 (Type: UPLOAD)
Shutting down gracefully...
[2026-02-09 16:46:07] [Info] [Thread 0x700007b94000] Thread shutting down.
[2026-02-09 16:46:07] [Info] [Thread 0x700007f29000] Thread shutting down.
[2026-02-09 16:46:07] [Info] [Thread 0x7000076f9000] Thread shutting down.
[2026-02-09 16:46:07] [Info] [Thread 0x7000070d5000] Thread shutting down.
[2026-02-09 16:46:07] [Info] [Thread 0x700007fac000] Thread shutting down.
[2026-02-09 16:46:07] [Info] [Thread 0x700007676000] Thread shutting down.
[2026-02-09 16:46:07] [Info] [Thread 0x700007a8e000] Thread shutting down.
[2026-02-09 16:46:07] [Info] [Thread 0x700007b11000] Thread shutting down.
[2026-02-09 16:46:07] [Info] [Thread 0x7000074ed000] Thread shutting down.
[2026-02-09 16:46:07] [Info] [Thread 0x700007c17000] Thread shutting down.
[2026-02-09 16:46:07] [Info] [Thread 0x700007905000] Thread shutting down.
[2026-02-09 16:46:08] [Info] [Thread 0x7000071db000] Thread shutting down.
[2026-02-09 16:46:08] [Info] [Thread 0x700007ea6000] Thread shutting down.
[2026-02-09 16:46:08] [Info] [Thread 0x700007882000] Thread shutting down.
[2026-02-09 16:46:08] [Info] [Thread 0x7000077ff000] Thread shutting down.
[2026-02-09 16:46:08] [Info] [Thread 0x7000075f3000] Thread shutting down.
[2026-02-09 16:46:08] [Info] [Thread 0x70000725e000] Thread shutting down.
[2026-02-09 16:46:08] [Info] [Thread 0x700007e23000] Thread shutting down.
[2026-02-09 16:46:08] [Info] [Thread 0x7000072e1000] Thread shutting down.
[2026-02-09 16:46:08] [Info] [Thread 0x70000746a000] Thread shutting down.
[2026-02-09 16:46:08] [Info] [Thread 0x700007988000] Thread shutting down.
[2026-02-09 16:46:08] [Info] [Thread 0x700007158000] Thread shutting down.
[2026-02-09 16:46:09] [Info] [Thread 0x7000073e7000] Thread shutting down.
[2026-02-09 16:46:09] [Info] [Thread 0x700007c9a000] Thread shutting down.
[2026-02-09 16:46:09] [Info] [Thread 0x700007a0b000] Thread shutting down.
[2026-02-09 16:46:09] [Info] [Thread 0x700007570000] Thread shutting down.
[2026-02-09 16:46:09] [Info] [Thread 0x70000777c000] Thread shutting down.
[2026-02-09 16:46:09] [Info] [Thread 0x700007da0000] Thread shutting down.
[2026-02-09 16:46:09] [Info] [Thread 0x700007364000] Thread shutting down.
[2026-02-09 16:46:09] [Info] [Thread 0x700007d1d000] Thread shutting down.
