Connected to Redis!
Reaper: Recovered zombie task back to pending.
Reaper: Recovered zombie task back to pending.
Reaper: Recovered zombie task back to pending.
Reaper: Recovered zombie task back to pending.
Reaper: Recovered zombie task back to pending.
Reaper: Recovered zombie task back to pending.
Reaper: Recovered zombie task back to pending.
Reaper: Recovered zombie task back to pending.
Reaper: Recovered zombie task back to pending.
Reaper: Recovered zombie task back to pending.
Reaper: Recovered zombie task back to pending.
Reaper: Recovered zombie task back to pending.
Reaper: Recovered zombie task back to pending.
Reaper: Recovered zombie task back to pending.
Reaper: Recovered zombie task back to pending.
Reaper: Recovered zombie task back to pending.
Reaper: Recovered zombie task back to pending.
Reaper: Recovered zombie task back to pending.
Reaper: Recovered zombie task back to pending.
Reaper: Recovered zombie task back to pending.
Reaper: Recovered zombie task back to pending.
Reaper: Recovered zombie task back to pending.
Reaper: Recovered zombie task back to pending.
Reaper: Recovered zombie task back to pending.
Reaper: Recovered zombie task back to pending.
Reaper: Recovered zombie task back to pending.
Reaper: Recovered zombie task back to pending.
Reaper: Recovered zombie task back to pending.
Reaper: Recovered zombie task back to pending.
Reaper: Recovered zombie task back to pending.
Reaper: Recovered zombie task back to pending.
Reaper: Recovered zombie task back to pending.
Reaper: Recovered zombie task back to pending.
Reaper: Recovered zombie task back to pending.
Reaper: Recovered zombie task back to pending.
Reaper: Recovered zombie task back to pending.
Reaper: Recovered zombie task back to pending.
Reaper: Recovered zombie task back to pending.
Reaper: Recovered zombie task back to pending.
Reaper: Recovered zombie task back to pending.
Reaper: Recovered zombie task back to p[2026-02-02 16:41:14] [Info] [Thread 0x70000814d000] Processed Task 106 (Type: EMAIL)
[2026-02-02 16:41:14] [Info] [Thread 0x70000845f000] Processed Task 102 (Type: UPLOAD)
[2026-02-02 16:41:14] [Info] [Thread 0x7000081d0000] Processed Task 103 (Type: EMAIL)
[2026-02-02 16:41:14] [Info] [Thread 0x7000084e2000] Processed Task 108 (Type: UPLOAD)
[2026-02-02 16:41:14] [Info] [Thread 0x7000080ca000] Processed Task 101 (Type: CONVERT)
[2026-02-02 16:41:14] [Info] [Thread[2026-02-02 16:41:14] [Info] [Thread 0x70000d214000] Processed Task 153 (Type: UPLOAD)
[2026-02-02 16:41:14] [Info] [Thread 0x70000d62c000] Processed Task 160 (Type: EMAIL)
[2026-02-02 16:41:14] [Info] [Thread 0x70000d297000] Processed Task 154 (Type: EMAIL)
[2026-02-02 16:41:14] [Info] [Thread 0x70000d420000] Processed Task 157 (Type: EMAIL)
[2026-02-02 16:41:14] [Info] [Thread 0x70000d4a3000] Processed Task 152 (Type: CONVERT)
[2026-02-02 16:41:14] [Info] [Thread [2026-02-02 16:41:14] [Info] [Thread 0x70000f3cb000] Processed Task 278 (Type: CONVERT)
[2026-02-02 16:41:14] [Info] [Thread 0x70000f44e000] Processed Task 279 (Type: UPLOAD)
[2026-02-02 16:41:14] [Info] [Thread 0x70000f242000] Processed Task 276 (Type: UPLOAD)
[2026-02-02 16:41:14] [Info] [Thread 0x70000f348000] Processed Task 277 (Type: EMAIL)
[2026-02-02 16:41:14] [Info] [Thread 0x70000f4d1000] Processed Task 280 (Type: EMAIL)
[2026-02-02 16:41:14] [Info] [Thread[2026-02-02 16:41:14] [Info] [Thread 0x700002141000] Processed Task 344 (Type: CONVERT)
[2026-02-02 16:41:14] [Info] [Thread 0x70000234d000] Processed Task 346 (Type: EMAIL)
[2026-02-02 16:41:14] [Info] [Thread 0x7000021c4000] Processed Task 342 (Type: UPLOAD)
[2026-02-02 16:41:14] [Info] [Thread 0x700002453000] Processed Task 348 (Type: UPLOAD)
[2026-02-02 16:41:14] [Info] [Thread 0x7000024d6000] Processed Task 349 (Type: EMAIL)
[2026-02-02 16:41:14] [Info] [Thread[2026-02-02 16:41:15] [Info] [Thread 0x70000f40e000] Processed Task 421 (Type: EMAIL)
[2026-02-02 16:41:15] [Info] [Thread 0x70000f720000] Processed Task 422 (Type: CONVERT)
[2026-02-02 16:41:15] [Info] [Thread 0x70000f8a9000] Processed Task 430 (Type: EMAIL)
[2026-02-02 16:41:15] [Info] [Thread 0x70000f597000] Processed Task 424 (Type: EMAIL)
[2026-02-02 16:41:15] [Info] [Thread 0x70000f61a000] Processed Task 426 (Type: UPLOAD)
[2026-02-02 16:41:15] [Error] [Thread 0x70000f491000] Processing task 425 failed, retry #1
[2026-02-02 16:41:15] [Error] [Thread 0x70000f514000] Processing task 423 failed, retry #1
[2026-02-02 16:41:15] [Error] [Thread 0x70000f826000] Processing task 429 failed, retry #1
[2026-02-02 16:41:15] [Error] [Thread 0x70000f69d000] Processing task 427 failed, retry #1
[2026-02-02 16:41:15] [Error] [Thread 0x70000f7a3000] Processing task 428 failed, retry #1
[2026-02-02 16:41:15] [Info] [Thread 0x70000f720000] Processed Task 522 (Type: UPLOAD)
[2026-02-02 16:41:15] [Error] [Thread 0x70000f40e000] Processing task 521 failed, retry #1
[2026-02-02 16:41:15] [Error] [Thread 0x70000f8a9000] Processing task 523 failed, retry #1
[2026-02-02 16:41:15] [Info] [Thread 0x70000f61a000] Processed Task 525 (Type: UPLOAD)
[2026-02-02 16:41:15] [Info] [Thread 0x70000f514000] Processed Task 527 (Type: CONVERT)
[2026-02-02 16:41:15] [Info] [Thread 0x70000f826000] Processed Task 528 (Type: UPLOAD)
[2026-02-02 16:41:15] [Info] [Thread 0x70000f69d000] Processed Task 529 (Type: EMAIL)
[2026-02-02 16:41:15] [Info] [Thread 0x70000f7a3000] Processed Task 530 (Type: CONVERT)
[2026-02-02 16:41:15] [Error] [Thread 0x70000f491000] Processing task 526 failed, retry #1
[2026-02-02 16:41:15] [Error] [Thread 0x70000f597000] Processing task 524 failed, retry #1
[2026-02-02 16:41:15] [Info] [Thread 0x70000f720000] Processed Task 620 (Type: CONVERT)
[2026-02-02 16:41:15] [Info] [Thread 0x70000f8a9000] Processed Task 623 (Type: CONVERT)
[2026-02-02 16:41:15] [Info] [Thread 0x70000f40e000] Processed Task 622 (Type: EMAIL)
[2026-02-02 16:41:15] [Info] [Thread 0x70000f826000] Processed Task 626 (Type: CONVERT)
[2026-02-02 16:41:15] [Info] [Thread 0x70000f61a000] Processed Task 624 (Type: UPLOAD)
[202cessing task 407 failed, retry #1
[2026-02-02 16:41:15] [Info] [Thread 0x700008253000] Processed Task 410 (Type: CONVERT)
[2026-02-02 16:41:15] [Info] [Thread 0x700008359000] Processed Task 409 (Type: EMAIL)
[2026-02-02 16:41:15] [Info] [Thread 0x700008565000] Processed Task 408 (Type: UPLOAD)
[2026-02-02 16:41:15] [Info] [Thread 0x7000082d6000] Processed Task 502 (Type: EMAIL)
[2026-02-02 16:41:15] [Info] [Thread 0x70000845f000] Processed Task 505 (Type: EMAIL)
[20rror] [Thread 0x70000d191000] Processing task 495 failed, retry #1
[2026-02-02 16:41:15] [Error] [Thread 0x70000d420000] Processing task 496 failed, retry #1
[2026-02-02 16:41:15] [Info] [Thread 0x70000d526000] Processed Task 500 (Type: CONVERT)
[2026-02-02 16:41:15] [Info] [Thread 0x70000d31a000] Processed Task 499 (Type: EMAIL)
[2026-02-02 16:41:15] [Info] [Thread 0x70000d297000] Processed Task 591 (Type: UPLOAD)
[2026-02-02 16:41:15] [Error] [Thread 0x70000d62c0000f348000] Processed Task 667 (Type: EMAIL)
[2026-02-02 16:41:15] [Info] [Thread 0x70000f4d1000] Processed Task 669 (Type: UPLOAD)
[2026-02-02 16:41:15] [Info] [Thread 0x70000f036000] Processed Task 663 (Type: UPLOAD)
[2026-02-02 16:41:15] [Info] [Thread 0x70000f2c5000] Processed Task 661 (Type: EMAIL)
[2026-02-02 16:41:15] [Info] [Thread 0x70000f4d1000] Processed Task 768 (Type: UPLOAD)
[2026-02-02 16:41:15] [Info] [Thread 0x70000f1bf000] Processed Task 766 (Type: 0] Processing task 739 failed, retry #1
[2026-02-02 16:41:15] [Info] [Thread 0x7000023d0000] Processed Task 750 (Type: UPLOAD)
[2026-02-02 16:41:15] [Info] [Thread 0x70000234d000] Processed Task 749 (Type: CONVERT)
[2026-02-02 16:41:15] [Error] [Thread 0x700002247000] Processing task 746 failed, retry #1
[2026-02-02 16:41:16] [Info] [Thread 0x7000024d6000] Processed Task 838 (Type: EMAIL)
[2026-02-02 16:41:16] [Error] [Thread 0x700002453000] Processing task 839 fail [Thread 0x70000f7a3000] Processed Task 828 (Type: UPLOAD)
[2026-02-02 16:41:16] [Info] [Thread 0x70000f826000] Processed Task 825 (Type: UPLOAD)
[2026-02-02 16:41:16] [Info] [Thread 0x70000f491000] Processed Task 829 (Type: EMAIL)
[2026-02-02 16:41:16] [Info] [Thread 0x70000f61a000] Processed Task 826 (Type: EMAIL)
[2026-02-02 16:41:16] [Info] [Thread 0x70000f8a9000] Processed Task 916 (Type: EMAIL)
[2026-02-02 16:41:16] [Info] [Thread 0x70000f40e000] Processed Task 914 (Type: CONVERT)
[2026-02-02 16:41:16] [Error] [Thread 0x70000f720000] Processing task 912 failed, retry #1
[2026-02-02 16:41:16] [Info] [Thread 0x70000f491000] Processed Task 929 (Type: CONVERT)
[2026-02-02 16:41:16] [Info] [Thread 0x70000f69d000] Processed Task 925 (Type: EMAIL)
[2026-02-02 16:41:16] [Info] [Thread 0x70000f61a000] Processed Task 930 (Type: UPLOAD)
[2026-02-02 16:41:16] [Info] [Thread 0x70000f514000] Processed Task 926 (Type: CONVERT)
[2026-02-02 16:41:16] [Info] [Thread 0x70000f597000] Processed Task 924 (Type: UPLOAD)
[2026-02-02 16:41:16] [Info] [Thread 0x70000f7a3000] Processed Task 928 (Type: EMAIL)
[2026-02-02 16:41:16] [Error] [Thread 0x70000f826000] Processing task 927 failed, retry #1
[2026-02-02 16:41:16] [Info] [Thread 0x70000f720000] Processed Task 13 (Type: EMAIL)
[2026-02-02 16:41:16] [Info] [Thread 0x70000f8a9000] Processed Task 1 (Type: EMAIL)
[2026-02-02 16:41:16] [Info] [Thread 0x70000f40e000] Processed Task 8 (Type: CONVERT)
[2026-02-02 16:41:16] [Info] [Thread 0x70000f826000] Processed Task 26 (Type: CONVERT)
[2026-02-02 16:41:16] [Info] [Thread 0x70000f491000] Processed Task 18 (Type: UPLOAD)
[2026-02-02 16:41:16] [Info] [Thread 0x70000f61a000] Processed Task 20 (Type: CONVERT)
[2026-02-02 16:41:16] [Info] [Thread 0x70000f597000] Processed Task 23 (Type: CONVERT)
[2026-02-02 16:41:16] [Error] [Thread 0x70000f69d000] Processing task 19 failed, retry #1
[2026-02-02 16:41:16] [Error] [Thread 0x70000f7a3000] Processing task 24 failed, retry #1
[2026-02-02 16:41:16] [Error] [Thread 0x70000f514000] Processing task 22 failed, retry #1
[2026-02-02 16:41:16] [Info] [Thread 0x70000f720000] Processed Task 88 (Type: EMAIL)
[2026-02-02 16:41:16] [Info] [Thread 0x70000f8a9000] Processed Task 89 (Type: CONVERT)
[2026-02-02 16:41:16] [Error] [Thread 0x70000f40e000] Processing task 90 failed, retry #1
[2026-02-02 16:41:16] [Info] [Thread 0x70000f7a3000] Processed Task 72 (Type: UPLOAD)
[2026-02-02 16:41:16] [Info] [Thread 0x70000f597000] Processed Task 62 (Type: CONVERT)
[2026-02-02 16:41:16] [Info] [Thread 0x70000f61a000] Processed Task 100 (Type: EMAIL)
[2026-02-02 16:41:16] [Info] [Thread 0x70000f826000] Processed Task 98 (Type: CONVERT)
[2026-02-0(Type: UPLOAD)
[2026-02-02 16:41:16] [Info] [Thread 0x70000d214000] Processed Task 995 (Type: CONVERT)
[2026-02-02 16:41:16] [Info] [Thread 0x70000d4a3000] Processed Task 993 (Type: UPLOAD)
[2026-02-02 16:41:16] [Info] [Thread 0x70000d420000] Processed Task 994 (Type: EMAIL)
[2026-02-02 16:41:16] [Info] [Thread 0x70000d39d000] Processed Task 1000 (Type: EMAIL)
[2026-02-02 16:41:16] [Info] [Thread 0x70000d191000] Processed Task 997 (Type: EMAIL)
[2026-02-02 16:41:16]26-02-02 16:41:16] [Error] [Thread 0x700009d93000] Processing task 51 failed, retry #2
[2026-02-02 16:41:16] [Info] [Thread 0x700009a81000] Processed Task 64 (Type: EMAIL)
[2026-02-02 16:41:16] [Info] [Thread 0x7000098f8000] Processed Task 65 (Type: CONVERT)
[2026-02-02 16:41:16] [Info] [Thread 0x700009b04000] Processed Task 63 (Type: UPLOAD)
[2026-02-02 16:41:16] [Info] [Thread 0x700009c0a000] Processed Task 66 (Type: UPLOAD)
[2026-02-02 16:41:16] [Info] [Thread 0x (Type: CONVERT)
[2026-02-02 16:41:17] [Info] [Thread 0x7000022ca000] Processed Task 193 (Type: EMAIL)
[2026-02-02 16:41:17] [Info] [Thread 0x7000024d6000] Processed Task 197 (Type: CONVERT)
[2026-02-02 16:41:17] [Error] [Thread 0x7000023d0000] Processing task 196 failed, retry #1
[2026-02-02 16:41:17] [Error] [Thread 0x700002453000] Processing task 199 failed, retry #1
[2026-02-02 16:41:17] [Info] [Thread 0x700002141000] Processed Task 200 (Type: CONVERT)
[2026-02-:17] [Info] [Thread 0x70000f7a3000] Processed Task 264 (Type: UPLOAD)
[2026-02-02 16:41:17] [Info] [Thread 0x70000f597000] Processed Task 262 (Type: EMAIL)
[2026-02-02 16:41:17] [Info] [Thread 0x70000f491000] Processed Task 266 (Type: CONVERT)
[2026-02-02 16:41:17] [Info] [Thread 0x70000f61a000] Processed Task 270 (Type: UPLOAD)
[2026-02-02 16:41:17] [Info] [Thread 0x70000f826000] Processed Task 269 (Type: CONVERT)
[2026-02-02 16:41:17] [Error] [Thread 0x70000f69d000] Processing task 268 failed, retry #1
[2026-02-02 16:41:17] [Error] [Thread 0x70000f514000] Processing task 263 failed, retry #1
[2026-02-02 16:41:17] [Info] [Thread 0x70000f8a9000] Processed Task 330 (Type: UPLOAD)
[2026-02-02 16:41:17] [Info] [Thread 0x70000f40e000] Processed Task 337 (Type: EMAIL)
[2026-02-02 16:41:17] [Info] [Thread 0x70000f720000] Processed Task 334 (Type: EMAIL)
[2026-02-02 16:41:17] [Info] [Thread 0x70000f491000] Processed Task 271 (Type: EMAIL)
[2026-02-02 16:41:17] [Info] [Thread 0x70000f597000] Processed Task 275 (Type: CONVERT)
[2026-02-02 16:41:17] [Info] [Thread 0x70000f7a3000] Processed Task 262 (Type: EMAIL)
[2026-02-02 16:41:17] [Info] [Thread 0x70000f69d000] Processed Task 291 (Type: UPLOAD)
[2026-02-02 16:41:17] [Info] [Thread 0x70000f514000] Processed Task 292 (Type: EMAIL)
[2026-02-02 16:41:17] [Info] [Thread 0x70000f61a000] Processed Task 290 (Type: CONVERT)
[2026-02-02 16:41:17] [Info] [Thread 0x70000f826000] Processed Task 300 (Type: UPLOAD)
[2026-02-02 16:41:17] [Info] [Thread 0x70000f8a9000] Processed Task 406 (Type: EMAIL)
[2026-02-02 16:41:17] [Info] [Thread 0x70000f40e000] Processed Task 413 (Type: CONVERT)
[2026-02-02 16:41:17] [Error] [Thread 0x70000f720000] Processing task 415 failed, retry #1
[2026-02-02 16:41:17] [Info] [Thread 0x70000f61a000] Processed Task 347 (Type: CONVERT)
[2026-02-02 16:41:17] [Info] [Thread 0x70000f7a3000] Processed Task 420 (Type: UPLOAD)
[2026-02-02 16:41:17] [Info] [Thread 0x70000f514000] Processed Task 336 (Type: UPLOAD)
[2026-02-02 16:41:17] [Info] [Thread 0x70000f826000] Processed Task 345 (Type: UPLOAD)
[2026-02-02 16:41:17] [Error] [Thread 0x70000f491000] Processing task 417 failed, retry #1
[2026-02-02 16:41:17] [Error] [Thread 0x700g task 248 failed, retry #1
[2026-02-02 16:41:17] [Error] [Thread 0x7000084e2000] Processing task 244 failed, retry #1
[2026-02-02 16:41:17] [Info] [Thread 0x7000082d6000] Processed Task 321 (Type: UPLOAD)
[2026-02-02 16:41:17] [Info] [Thread 0x700008253000] Processed Task 323 (Type: CONVERT)
[2026-02-02 16:41:17] [Info] [Thread 0x700008565000] Processed Task 326 (Type: CONVERT)
[2026-02-02 16:41:17] [Info] [Thread 0x700008359000] Processed Task 325 (Type: EMAIL)
[2000] Processing task 320 failed, retry #1
[2026-02-02 16:41:17] [Info] [Thread 0x70000d297000] Processed Task 386 (Type: CONVERT)
[2026-02-02 16:41:17] [Error] [Thread 0x70000d62c000] Processing task 387 failed, retry #1
[2026-02-02 16:41:17] [Info] [Thread 0x70000d5a9000] Processed Task 388 (Type: EMAIL)
[2026-02-02 16:41:17] [Info] [Thread 0x70000d31a000] Processed Task 391 (Type: EMAIL)
[2026-02-02 16:41:17] [Info] [Thread 0x70000d420000] Processed Task 389 (Type[Thread 0x70000f44e000] Processing task 457 failed, retry #2
[2026-02-02 16:41:18] [Info] [Thread 0x70000f1bf000] Processed Task 803 (Type: CONVERT)
[2026-02-02 16:41:18] [Info] [Thread 0x70000f4d1000] Processed Task 834 (Type: UPLOAD)
[2026-02-02 16:41:18] [Info] [Thread 0x70000f242000] Processed Task 815 (Type: CONVERT)
[2026-02-02 16:41:18] [Info] [Thread 0x70000f0b9000] Processed Task 802 (Type: EMAIL)
[2026-02-02 16:41:18] [Info] [Thread 0x70000f036000] Processad 0x7000021c4000] Processing task 759 failed, retry #2
[2026-02-02 16:41:18] [Info] [Thread 0x700002453000] Processed Task 61 (Type: EMAIL)
[2026-02-02 16:41:18] [Info] [Thread 0x7000024d6000] Processed Task 34 (Type: EMAIL)
[2026-02-02 16:41:18] [Info] [Thread 0x7000023d0000] Processed Task 39 (Type: UPLOAD)
[2026-02-02 16:41:18] [Info] [Thread 0x700002247000] Processed Task 56 (Type: CONVERT)
[2026-02-02 16:41:18] [Info] [Thread 0x7000022ca000] Processed Task 38  #3
[2026-02-02 16:41:18] [Info] [Thread 0x70000f40e000] Processed Task 244 (Type: EMAIL)
[2026-02-02 16:41:18] [Error] [Thread 0x70000f8a9000] Processing task 207 failed, retry #3
[2026-02-02 16:41:18] [Error] [Thread 0x70000f720000] Processing task 286 failed, retry #2
[2026-02-02 16:41:18] [Info] [Thread 0x70000f826000] Processed TInfo] [Thread 0x700000b0e000] Processed Task 377 (Type: CONVERT)
[2026-02-02 16:41:17] [Info] [Thread 0x700000b91000] Processed Task 376 (Type: EMAIL)
[2026-02-02 16:41:17] [Error] [Thread 0x700000d1a000] Processing task 374 failed, retry #1
[2026-02-02 16:41:17] [Error] [Thread 0x700000d9d000] Processing task 375 failed, retry #1
[2026-02-02 16:41:17] [Info] [Thread 0x700000a08000] Processed Task 496 (Type: EMAIL)
[2026-02-02 16:41:17] [Error] [Thread 0x700000c14000] Processing task 495 failed, retry #2
[2026-02-02 16:41:17] [Info] [Thread 0x700000c97000] Processed Task 510 (Type: UPLOAD)
[2026-02-02 16:41:17] [Info] [Thread 0x700000d9d000] Processed Task 534 (Type: UPLOAD)
[2026-02-02 16:41:17] [Info] [Thread 0x700000902000] Processed Task 515 (Type: CONVERT)
[2026-02-02 16:41:17] [Info] [Thread 0x700000d1a000] Processed Task 524 (Type: CONVERT)
[2026-02-02 16:41:17] [Info] [Thread 0x700000985000] Processed Task 517 (Type: EMAIL)
[2026-02-02 16:41:17] [Info] [Thread 0x700000b0e000] Processed Task 521 (Type: CONVERT)
[2026-02-02 16:41:17] [Error] [Thread 0x700000b91000] Processing task 526 failed, retry #2
[2026-02-02 16:41:17] [Error] [Thread 0x700000a8b000] Processing task 523 failed, retry #2
[2026-02-02 16:41:18] [Info] [Thread 0x700000a08000] Processed Task 842 (Type: CONVERT)
[2026-02-02 16:41:18] [Info] [Thread 0x700000c14000] Processed Task 847 (Type: EMAIL)
[2026-02-02 16:41:18] [Info] [Thread 0x700000a8b000] Processed Task 873 (Type: UPLOAD)[2026-02-02 16:41:25] [Info] [Thread 0x70000f826000] Thread shutting down.
[2026-02-02 16:41:25] [Info] [Thread 0x70000f61a000] Thread shutting down.
[2026-02-02 16:41:25] [Info] [Thread 0x70000f69d000] Thread shutting down.
[2026-02-02 16:41:25] [Info] [Thread 0x70000f7a3000] Thread shutting down.
[2026-02-02 16:41:25] [Info] [Thread 0x70000f491000] Thread shutting down.
[2026-02-02 16:41:25] [Info] [Thread 0x70000f40e000] Thread shutting down.
[2026-02-02 16:41:25] [Info] [Thread 0x7000021c4000] Thread shutting down.
[2026-02-02 16:41:25] [Info] [Thread 0x7000020be000] Thread shutting down.
[2026-02-02 16:41:25] [Info] [Thread 0x7000024d6000] Thread shutting down.
[2026-02-02 16:41:25] [Info] [Thread 0x700002559000] Thread shutting down.
[2026-02-02 16:41:25] [Info] [Thread 0x7000023d0000] Thread shutting down.
[2026-02-02 16:41:25] [Info] [Thread 0x70000245302-02 16:41:18] [Info] [Thread 0x[2026-02-02 16:41:26] [Info] [Thread 0x70000f13c000] Thread shutting down.
[2026-02-02 16:41:26] [Info] [Thread 0x70000f3cb000] Thread shutting down.
[2026-02-02 16:41:26] [Info] [Thread 0x70000f036000] Thread shutting down.
[2026-02-02 16:41:26] [Info] [Thread 0x70000f242000] Thread shutting down.
[2026-02-02 16:41:26] [Info] [Thread 0x70000[2026-02-02 16:41:26] [Info] [Thread 0x70000d526000] Thread shutting down.
[2026-02-02 16:41:26] [Info] [Thread 0x70000d297000] Thread shutting down.
[2026-02-02 16:41:26] [Info] [Thread 0x70000d62c000] Thread shutting down.
[2026-02-02 16:41:26] [Info] [Thread 0x70000d39d000] Thread shutting down.
[2026-02-02 16:41:26] [Info] [Thread 0x70000d31a000] Thread shutting down.
[2026-02-02 16:41:26] [Info] [Thread 0x70000d191000] Thread shutting down.
[2026-02-02 16:41:26] [Info] [Thread 0x70000d5a9000] Thread shutting down.
[2026-02-02 16:41:26] [Info] [Thread 0x70000d214000] Thread shutting down.
[2026-02-02 16:41:26] [Info] [Thread 0x70000d4a3000] Thread shutting down.
[2026-02-02 16:41:26] [Info] [Thread 0x70000d420000] Thread shutting down.
x700008565000] Thread shutting down.
[2026-02-02 16:41:25] [I[2026-02-02 16:41:25] [Info] [Thread 0x7000075e2000] Thread shutting down.
[2026-02-02 16:41:25] [Info] [Thread 0x7000072d0000] Thread shutting down.
[2026-02-02 16:41:25] [Info] [Thread 0x7000073d6000] Thread shutting down.
[2026-02-02 16:41:25] [Info] [Thread 0x7000071ca000] Thread shutting down.
[2026-02-02 16:41:25] [Info] [Thread [2026-02-02 16:41:26] [Info] [Thread 0x700000902000] Thread shutting down.
[2026-02-02 16:41:26] [Info] [Thread 0x700000a08000] Thread shutting down.
[2026-02-02 16:41:26] [Info] [Thread 0x700000a8b000] Thread shutting down.
[2026-02-02 16:41:26] [Info] [Thread 0x700000d9d000] Thread shutting down.
[2026-02-02 16:41:26] [Info] [Thread 0x700000d1a000] Thread shutting down.
[2026-02-02 16:41:26] [Info] [Thread 0x700000c97000] Thread shutting down.
[2026-02-02 16:41:26] [Info] [Thread 0x700000b91000] Thread shutting down.
[2026-02-02 16:41:26] [Info] [Thread 0x700000985000] Thread shutting down.
[2026-02-02 16:41:26] [Info] [Thread 0x700000b0e000] Thread shutting down.
[2026-02-02 16:41:26] [Info] [Thread 0x700000c14000] Thread shutting down.
9000] Thread shutting down.
[2026-02-02 16:41:26] [Info] [Thread 0x70000e000000] Thread shutting down.
[2026-02-02 16:41:26] [Info] [Thread 0x70000df7d000] Thread shutting down.
[2026-02-02 16:41:26] [Info] [Thread 0x70000de77000] Thread shutting down.
[2026-02-02 16:41:26] [Info] [Thread 0x70000ddf4000] Thread shutting down.
[2026-02-02 16:41:26] [Info] [Thread 0x70000e106000] Thread shutting down.
[2026-02-02 16:41:26] [Info] [Thread 0x70000defa000] Thread shutting down.
[2026-02-02 16:41:26] [Info] [Thread 0x70000e083000] Thread shutting down.
