Connected to Redis!
Reaper: Recovered zombie task back to pending.
Reaper: Recovered zombie task back to pending.
Reaper: Recovered zombie task back to pending.
Reaper: Recovered zombie task back to pending.
Reaper: Recovered zombie task back to pending.
Reaper: Recovered zombie task back to pending.
Reaper: Recovered zombie task back to pending.
Reaper: Recovered zombie task back to pending.
Reaper: Recovered zombie task back to pending.
Reaper: Recovered zombie task back to pending.
Reaper: Recovered zombie task back to pending.
Reaper: Recovered zombie task back to pending.
Reaper: Recovered zombie task back to pending.
Reaper: Recovered zombie task back to pending.
Reaper: Recovered zombie task back to pending.
Reaper: Recovered zombie task back to pending.
Reaper: Recovered zombie task back to pending.
Reaper: Recovered zombie task back to pending.
Reaper: Recovered zombie task back to pending.
Reaper: Recovered zombie task back to pending.
Consumer running. Waiting for tasks...
[2026-02-09 15:30:29] [Info] [Thread 0x70000e8dd000] Processed Task 31 (Type: EMAIL)
[2026-02-09 15:30:29] [Info] [Thread 0x70000eae9000] Processed Task 32 (Type: CONVERT)
[2026-02-09 15:30:29] [Info] [Thread 0x70000ecf5000] Processed Task 38 (Type: CONVERT)
[2026-02-09 15:30:29] [Error] [Thread 0x70000ed78000] Processing task 40 failed, retry #1
[2026-02-09 15:30:29] [Error] [Thread 0x70000ebef000] Processing task 37 failed, retry #1
[2026-02-09 15:30:29] [Error] [Thread 0x70000e9e3000] Processing task 35 failed, retry #1
[2026-02-09 15:30:29] [Error] [Thread 0x70000e960000] Processing task 33 failed, retry #1
[2026-02-09 15:30:29] [Error] [Thread 0x70000ea66000] Processing task 36 failed, retry #1
[2026-02-09 15:30:29] [Error] [Thread 0x70000eb6c000] Processing task 34 failed, retry #1
[2026-02-09 15:30:29] [Error] [Thread 0x70000ec72000] Processing task 39 failed, retry #1
[2026-02-09 15:30:29] [Info] [Thread 0x70000e960000] Processed Task 66 (Type: UPLOAD)
[2026-02-09 15:30:29] [Info] [Thread 0x70000eb6c000] Processed Task 69 (Type: UPLOAD)
[2026-02-09 15:30:29] [Info] [Thread 0x70000ed78000] Processed Task 64 (Type: EMAIL)
[2026-02-09 15:30:29] [Info] [Thread 0x70000ebef000] Processed Task 65 (Type: CONVERT)
[2026-02-09 15:30:29] [Error] [Thread 0x70000e9e3000] Processing task 67 failed, retry #1
[2026-02-09 15:30:29] [Error] [Thread 0x70000ec72000] Processing task 70 failed, retry #1
[2026-02-09 15:30:29] [Error] [Thread 0x70000ea66000] Processing task 68 failed, retry #1
[2026-02-09 15:30:29] [Error] [Thread 0x70000e8dd000] Processing task 61 failed, retry #1
[2026-02-09 15:30:29] [Error] [Thread 0x70000eae9000] Processing task 62 failed, retry #1
[2026-02-09 15:30:29] [Error] [Thread 0x70000ecf5000] Processing task 63 failed, retry #1
[2026-02-09 15:30:29] [Info] [Thread 0x70000ec72000] Processed Task 96 (Type: UPLOAD)
[2026-02-09 15:30:29] [Info] [Thread 0x70000eb6c000] Processed Task 92 (Type: CONVERT)
[2026-02-09 15:30:29] [Info] [Thread 0x70000e8dd000] Processed Task 98 (Type: CONVERT)
[2026-02-09 15:30:29] [Info] [Thread 0x70000ecf5000] Processed Task 100 (Type: EMAIL)
[2026-02-09 15:30:29] [Info] [Thread 0x70000e960000] Processed Task 91 (Type: EMAIL)
[2026-02-09 15:30:29] [Error] [Thread 0x70000e9e3000] Processing task 95 failed, retry #1
[2026-02-09 15:30:29] [Error] [Thread 0x70000eae9000] Processing task 99 failed, retry #1
[2026-02-09 15:30:29] [Error] [Thread 0x70000ea66000] Processing task 97 failed, retry #1
[2026-02-09 15:30:29] [Error] [Thread 0x70000ebef000] Processing task 94 failed, retry #1
[2026-02-09 15:30:29] [Error] [Thread 0x70000ed78000] Processing task 93 failed, retry #1
[2026-02-09 15:30:29] [Info] [Thread 0x70000ecf5000] Processed Task 125 (Type: CONVERT)
[2026-02-09 15:30:29] [Info] [Thread 0x70000ec72000] Processed Task 121 (Type: EMAIL)
[2026-02-09 15:30:29] [Error] [Thread 0x70000e8dd000] Processing task 123 failed, retry #1
[2026-02-09 15:30:29] [Error] [Thread 0x70000e960000] Processing task 124 failed, retry #1
[2026-02-09 15:30:29] [Error] [Thread 0x70000eb6c000] Processing task 122 failed, retry #1
[2026-02-09 15:30:29] [Info] [Thread 0x70000ea66000] Processed Task 128 (Type: CONVERT)
[2026-02-09 15:30:29] [Info] [Thread 0x70000e9e3000] Processed Task 126 (Type: UPLOAD)
[2026-02-09 15:30:29] [Info] [Thread 0x70000eae9000] Processed Task 127 (Type: EMAIL)
[2026-02-09 15:30:29] [Info] [Thread 0x70000ebef000] Processed Task 129 (Type: UPLOAD)
[2026-02-09 15:30:29] [Error] [Thread 0x70000ed78000] Processing task 130 failed, retry #1
[2026-02-09 15:30:30] [Error] [Thread 0x70000ec72000] Processing task 152 failed, retry #1
[2026-02-09 15:30:30] [Error] [Thread 0x70000ecf5000] Processing task 151 failed, retry #1
[2026-02-09 15:30:30] [Info] [Thread 0x70000e960000] Processed Task 154 (Type: EMAIL)
[2026-02-09 15:30:30] [Info] [Thread 0x70000ea66000] Processed Task 156 (Type: UPLOAD)
[2026-02-09 15:30:30] [Info] [Thread 0x70000eb6c000] Processed Task 155 (Type: CONVERT)
[2026-02-09 15:30:30] [Info] [Thread 0x70000e9e3000] Processed Task 157 (Type: EMAIL)
[2026-02-09 15:30:30] [Info] [Thread 0x70000eae9000] Processed Task 158 (Type: CONVERT)
[2026-02-09 15:30:30] [Info] [Thread 0x70000ed78000] Processed Task 160 (Type: EMAIL)
[2026-02-09 15:30:30] [Info] [Thread 0x70000ebef000] Processed Task 159 (Type: UPLOAD)
[2026-02-09 15:30:30] [Error] [Thread 0x70000e8dd000] Processing task 153 failed, retry #1
[2026-02-09 15:30:30] [Info] [Thread 0x70000ecf5000] Processed Task 182 (Type: CONVERT)
[2026-02-09 15:30:30] [Error] [Thread 0x70000ec72000] Processing task 181 failed, retry #1
[2026-02-09 15:30:30] [Info] [Thread 0x70000e9e3000] Processed Task 186 (Type: UPLOAD)
[2026-02-09 15:30:30] [Info] [Thread 0x70000eb6c000] Processed Task 185 (Type: CONVERT)
[2026-02-09 15:30:30] [Info] [Thread 0x70000ebef000] Processed Task 189 (Type: UPLOAD)
[2026-02-09 15:30:30] [Info] [Thread 0x70000eae9000] Processed Task 187 (Type: EMAIL)
[2026-02-09 15:30:30] [Info] [Thread 0x70000ed78000] Processed Task 188 (Type: CONVERT)
[2026-02-09 15:30:30] [Error] [Thread 0x70000e8dd000] Processing task 190 failed, retry #1
[2026-02-09 15:30:30] [Error] [Thread 0x70000e960000] Processing task 183 failed, retry #1
[2026-02-09 15:30:30] [Error] [Thread 0x70000ea66000] Processing task 184 failed, retry #1
[2026-02-09 15:30:30] [Info] [Thread 0x70000ecf5000] Processed Task 211 (Type: EMAIL)
[2026-02-09 15:30:30] [Info] [Thread 0x70000ed78000] Processed Task 215 (Type: CONVERT)
[2026-02-09 15:30:30] [Info] [Thread 0x70000ebef000] Processed Task 216 (Type: UPLOAD)
[2026-02-09 15:30:30] [Error] [Thread 0x70000ec72000] Processing task 212 failed, retry #1
[2026-02-09 15:30:30] [Info] [Thread 0x70000ea66000] Processed Task 220 (Type: EMAIL)
[2026-02-09 15:30:30] [Error] [Thread 0x70000e9e3000] Processing task 213 failed, retry #1
[2026-02-09 15:30:30] [Error] [Thread 0x70000eae9000] Processing task 217 failed, retry #1
[2026-02-09 15:30:30] [Error] [Thread 0x70000eb6c000] Processing task 214 failed, retry #1
[2026-02-09 15:30:30] [Error] [Thread 0x70000e960000] Processing task 219 failed, retry #1
[2026-02-09 15:30:30] [Error] [Thread 0x70000e8dd000] Processing task 218 failed, retry #1
[2026-02-09 15:30:30] [Info] [Thread 0x70000ecf5000] Processed Task 241 (Type: EMAIL)
[2026-02-09 15:30:30] [Info] [Thread 0x70000ed78000] Processed Task 242 (Type: CONVERT)
[2026-02-09 15:30:30] [Info] [Thread 0x70000e9e3000] Processed Task 246 (Type: UPLOAD)
[2026-02-09 15:30:30] [Info] [Thread 0x70000ec72000] Processed Task 244 (Type: EMAIL)
[2026-02-09 15:30:30] [Info] [Thread 0x70000ea66000] Processed Task 245 (Type: CONVERT)
[2026-02-09 15:30:30] [Info] [Thread 0x70000e960000] Processed Task 249 (Type: UPLOAD)
[2026-02-09 15:30:30] [Error] [Thread 0x70000e8dd000] Processing task 250 failed, retry #1
[2026-02-09 15:30:30] [Error] [Thread 0x70000ebef000] Processing task 243 failed, retry #1
[2026-02-09 15:30:30] [Error] [Thread 0x70000eae9000] Processing task 247 failed, retry #1
[2026-02-09 15:30:30] [Error] [Thread 0x70000eb6c000] Processing task 248 failed, retry #1
[2026-02-09 15:30:31] [Info] [Thread 0x70000ecf5000] Processed Task 271 (Type: EMAIL)
[2026-02-09 15:30:31] [Info] [Thread 0x70000ed78000] Processed Task 272 (Type: CONVERT)
[2026-02-09 15:30:31] [Info] [Thread 0x70000ec72000] Processed Task 274 (Type: EMAIL)
[2026-02-09 15:30:31] [Info] [Thread 0x70000eb6c000] Processed Task 280 (Type: EMAIL)
[2026-02-09 15:30:31] [Info] [Thread 0x70000ebef000] Processed Task 278 (Type: CONVERT)
[2026-02-09 15:30:31] [Info] [Thread 0x70000eae9000] Processed Task 279 (Type: UPLOAD)
[2026-02-09 15:30:31] [Error] [Thread 0x70000ea66000] Processing task 275 failed, retry #1
[2026-02-09 15:30:31] [Error] [Thread 0x70000e960000] Processing task 276 failed, retry #1
[2026-02-09 15:30:31] [Error] [Thread 0x70000e9e3000] Processing task 273 failed, retry #1
[2026-02-09 15:30:31] [Error] [Thread 0x70000e8dd000] Processing task 277 failed, retry #1
[2026-02-09 15:30:31] [Info] [Thread 0x70000ed78000] Processed Task 302 (Type: CONVERT)
[2026-02-09 15:30:31] [Info] [Thread 0x70000ec72000] Processed Task 303 (Type: UPLOAD)
[2026-02-09 15:30:31] [Info] [Thread 0x70000ecf5000] Processed Task 301 (Type: EMAIL)
[2026-02-09 15:30:31] [Info] [Thread 0x70000eb6c000] Processed Task 304 (Type: EMAIL)
[2026-02-09 15:30:31] [Info] [Thread 0x70000ea66000] Processed Task 307 (Type: EMAIL)
[2026-02-09 15:30:31] [Info] [Thread 0x70000e8dd000] Processed Task 310 (Type: EMAIL)
[2026-02-09 15:30:31] [Info] [Thread 0x70000ebef000] Processed Task 306 (Type: UPLOAD)
[2026-02-09 15:30:31] [Info] [Thread 0x70000e960000] Processed Task 308 (Type: CONVERT)
[2026-02-09 15:30:31] [Error] [Thread 0x70000eae9000] Processing task 305 failed, retry #1
[2026-02-09 15:30:31] [Error] [Thread 0x70000e9e3000] Processing task 309 failed, retry #1
[2026-02-09 15:30:31] [Info] [Thread 0x70000ecf5000] Processed Task 333 (Type: UPLOAD)
[2026-02-09 15:30:31] [Info] [Thread 0x70000eae9000] Processed Task 339 (Type: UPLOAD)
[2026-02-09 15:30:31] [Info] [Thread 0x70000e960000] Processed Task 338 (Type: CONVERT)
[2026-02-09 15:30:31] [Info] [Thread 0x70000eb6c000] Processed Task 334 (Type: EMAIL)
[2026-02-09 15:30:31] [Info] [Thread 0x70000e8dd000] Processed Task 336 (Type: UPLOAD)
[2026-02-09 15:30:31] [Error] [Thread 0x70000ebef000] Processing task 337 failed, retry #1
[2026-02-09 15:30:31] [Error] [Thread 0x70000ea66000] Processing task 335 failed, retry #1
[2026-02-09 15:30:31] [Error] [Thread 0x70000ec72000] Processing task 331 failed, retry #1
[2026-02-09 15:30:31] [Error] [Thread 0x70000ed78000] Processing task 332 failed, retry #1
[2026-02-09 15:30:31] [Info] [Thread 0x70000e9e3000] Processed Task 340 (Type: EMAIL)
[2026-02-09 15:30:31] [Info] [Thread 0x70000eae9000] Processed Task 362 (Type: CONVERT)
[2026-02-09 15:30:31] [Info] [Thread 0x70000ec72000] Processed Task 369 (Type: UPLOAD)
[2026-02-09 15:30:31] [Info] [Thread 0x70000ebef000] Processed Task 366 (Type: UPLOAD)
[2026-02-09 15:30:31] [Error] [Thread 0x70000ecf5000] Processing task 361 failed, retry #1
[2026-02-09 15:30:31] [Error] [Thread 0x70000e960000] Processing task 363 failed, retry #1
[2026-02-09 15:30:31] [Error] [Thread 0x70000eb6c000] Processing task 364 failed, retry #1
[2026-02-09 15:30:31] [Info] [Thread 0x70000ea66000] Processed Task 367 (Type: EMAIL)
[2026-02-09 15:30:31] [Info] [Thread 0x70000e8dd000] Processed Task 365 (Type: CONVERT)
[2026-02-09 15:30:31] [Error] [Thread 0x70000ed78000] Processing task 368 failed, retry #1
[2026-02-09 15:30:31] [Info] [Thread 0x70000e9e3000] Processed Task 370 (Type: EMAIL)
[2026-02-09 15:30:32] [Info] [Thread 0x70000eae9000] Processed Task 391 (Type: EMAIL)
[2026-02-09 15:30:32] [Info] [Thread 0x70000ecf5000] Processed Task 394 (Type: EMAIL)
[2026-02-09 15:30:32] [Info] [Thread 0x70000ec72000] Processed Task 392 (Type: CONVERT)
[2026-02-09 15:30:32] [Info] [Thread 0x70000e8dd000] Processed Task 398 (Type: CONVERT)
[2026-02-09 15:30:32] [Info] [Thread 0x70000eb6c000] Processed Task 396 (Type: UPLOAD)
[2026-02-09 15:30:32] [Info] [Thread 0x70000e960000] Processed Task 395 (Type: CONVERT)
[2026-02-09 15:30:32] [Info] [Thread 0x70000ea66000] Processed Task 397 (Type: EMAIL)
[2026-02-09 15:30:32] [Info] [Thread 0x70000ed78000] Processed Task 399 (Type: UPLOAD)
[2026-02-09 15:30:32] [Info] [Thread 0x70000e9e3000] Processed Task 400 (Type: EMAIL)
[2026-02-09 15:30:32] [Error] [Thread 0x70000ebef000] Processing task 393 failed, retry #1
[2026-02-09 15:30:32] [Error] [Thread 0x70000eae9000] Processing task 421 failed, retry #1
[2026-02-09 15:30:32] [Info] [Thread 0x70000e9e3000] Processed Task 429 (Type: UPLOAD)
[2026-02-09 15:30:32] [Info] [Thread 0x70000eb6c000] Processed Task 425 (Type: CONVERT)
[2026-02-09 15:30:32] [Info] [Thread 0x70000ecf5000] Processed Task 422 (Type: CONVERT)
[2026-02-09 15:30:32] [Info] [Thread 0x70000e8dd000] Processed Task 424 (Type: EMAIL)
[2026-02-09 15:30:32] [Info] [Thread 0x70000ec72000] Processed Task 423 (Type: UPLOAD)
[2026-02-09 15:30:32] [Info] [Thread 0x70000e960000] Processed Task 426 (Type: UPLOAD)
[2026-02-09 15:30:32] [Info] [Thread 0x70000ed78000] Processed Task 428 (Type: CONVERT)
[2026-02-09 15:30:32] [Info] [Thread 0x70000ebef000] Processed Task 430 (Type: EMAIL)
[2026-02-09 15:30:32] [Info] [Thread 0x70000ea66000] Processed Task 427 (Type: EMAIL)
[2026-02-09 15:30:32] [Info] [Thread 0x70000eae9000] Processed Task 451 (Type: EMAIL)
[2026-02-09 15:30:32] [Info] [Thread 0x70000eb6c000] Processed Task 453 (Type: UPLOAD)
[2026-02-09 15:30:32] [Info] [Thread 0x70000e9e3000] Processed Task 452 (Type: CONVERT)
[2026-02-09 15:30:32] [Info] [Thread 0x70000ecf5000] Processed Task 454 (Type: EMAIL)
[2026-02-09 15:30:32] [Info] [Thread 0x70000ebef000] Processed Task 458 (Type: CONVERT)
[2026-02-09 15:30:32] [Info] [Thread 0x70000e8dd000] Processed Task 455 (Type: CONVERT)
[2026-02-09 15:30:32] [Info] [Thread 0x70000e960000] Processed Task 457 (Type: EMAIL)
[2026-02-09 15:30:32] [Error] [Thread 0x70000ec72000] Processing task 456 failed, retry #1
[2026-02-09 15:30:32] [Error] [Thread 0x70000ea66000] Processing task 460 failed, retry #1
[2026-02-09 15:30:32] [Error] [Thread 0x70000ed78000] Processing task 459 failed, retry #1
[2026-02-09 15:30:32] [Info] [Thread 0x70000ea66000] Processed Task 489 (Type: UPLOAD)
[2026-02-09 15:30:32] [Info] [Thread 0x70000ebef000] Processed Task 485 (Type: CONVERT)
[2026-02-09 15:30:32] [Info] [Thread 0x70000e9e3000] Processed Task 483 (Type: UPLOAD)
[2026-02-09 15:30:32] [Info] [Thread 0x70000eb6c000] Processed Task 482 (Type: CONVERT)
[2026-02-09 15:30:32] [Info] [Thread 0x70000ecf5000] Processed Task 484 (Type: EMAIL)
[2026-02-09 15:30:32] [Info] [Thread 0x70000eae9000] Processed Task 481 (Type: EMAIL)
[2026-02-09 15:30:32] [Info] [Thread 0x70000e960000] Processed Task 487 (Type: EMAIL)
[2026-02-09 15:30:32] [Error] [Thread 0x70000e8dd000] Processing task 486 failed, retry #1
[2026-02-09 15:30:32] [Error] [Thread 0x70000ed78000] Processing task 490 failed, retry #1
[2026-02-09 15:30:32] [Error] [Thread 0x70000ec72000] Processing task 488 failed, retry #1
[2026-02-09 15:30:33] [Info] [Thread 0x70000ea66000] Processed Task 511 (Type: EMAIL)
[2026-02-09 15:30:33] [Info] [Thread 0x70000e8dd000] Processed Task 518 (Type: CONVERT)
[2026-02-09 15:30:33] [Info] [Thread 0x70000eae9000] Processed Task 516 (Type: UPLOAD)
[2026-02-09 15:30:33] [Info] [Thread 0x70000ed78000] Processed Task 519 (Type: UPLOAD)
[2026-02-09 15:30:33] [Info] [Thread 0x70000ecf5000] Processed Task 514 (Type: EMAIL)
[2026-02-09 15:30:33] [Info] [Thread 0x70000e9e3000] Processed Task 513 (Type: UPLOAD)
[2026-02-09 15:30:33] [Error] [Thread 0x70000e960000] Processing task 517 failed, retry #1
[2026-02-09 15:30:33] [Error] [Thread 0x70000ec72000] Processing task 520 failed, retry #1
[2026-02-09 15:30:33] [Error] [Thread 0x70000ebef000] Processing task 512 failed, retry #1
[2026-02-09 15:30:33] [Error] [Thread 0x70000eb6c000] Processing task 515 failed, retry #1
[2026-02-09 15:30:33] [Info] [Thread 0x70000ea66000] Processed Task 541 (Type: EMAIL)
[2026-02-09 15:30:33] [Info] [Thread 0x70000e9e3000] Processed Task 546 (Type: UPLOAD)
[2026-02-09 15:30:33] [Info] [Thread 0x70000e8dd000] Processed Task 542 (Type: CONVERT)
[2026-02-09 15:30:33] [Info] [Thread 0x70000eae9000] Processed Task 543 (Type: UPLOAD)
[2026-02-09 15:30:33] [Info] [Thread 0x70000ec72000] Processed Task 548 (Type: CONVERT)
[2026-02-09 15:30:33] [Info] [Thread 0x70000eb6c000] Processed Task 550 (Type: EMAIL)
[2026-02-09 15:30:33] [Info] [Thread 0x70000e960000] Processed Task 547 (Type: EMAIL)
[2026-02-09 15:30:33] [Error] [Thread 0x70000ecf5000] Processing task 545 failed, retry #1
[2026-02-09 15:30:33] [Error] [Thread 0x70000ed78000] Processing task 544 failed, retry #1
[2026-02-09 15:30:33] [Error] [Thread 0x70000ebef000] Processing task 549 failed, retry #1
[2026-02-09 15:30:33] [Info] [Thread 0x70000ea66000] Processed Task 571 (Type: EMAIL)
[2026-02-09 15:30:33] [Info] [Thread 0x70000e8dd000] Processed Task 573 (Type: UPLOAD)
[2026-02-09 15:30:33] [Info] [Thread 0x70000eae9000] Processed Task 574 (Type: EMAIL)
[2026-02-09 15:30:33] [Error] [Thread 0x70000e9e3000] Processing task 572 failed, retry #1
[2026-02-09 15:30:33] [Info] [Thread 0x70000e960000] Processed Task 577 (Type: EMAIL)
[2026-02-09 15:30:33] [Error] [Thread 0x70000eb6c000] Processing task 576 failed, retry #1
[2026-02-09 15:30:33] [Error] [Thread 0x70000ec72000] Processing task 575 failed, retry #1
[2026-02-09 15:30:33] [Info] [Thread 0x70000ed78000] Processed Task 579 (Type: UPLOAD)
[2026-02-09 15:30:33] [Info] [Thread 0x70000ecf5000] Processed Task 578 (Type: CONVERT)
[2026-02-09 15:30:33] [Error] [Thread 0x70000ebef000] Processing task 580 failed, retry #1
[2026-02-09 15:30:33] [Info] [Thread 0x70000e9e3000] Processed Task 604 (Type: EMAIL)
[2026-02-09 15:30:33] [Error] [Thread 0x70000e8dd000] Processing task 602 failed, retry #1
[2026-02-09 15:30:33] [Error] [Thread 0x70000eae9000] Processing task 603 failed, retry #1
[2026-02-09 15:30:33] [Error] [Thread 0x70000ea66000] Processing task 601 failed, retry #1
[2026-02-09 15:30:33] [Info] [Thread 0x70000ed78000] Processed Task 608 (Type: CONVERT)
[2026-02-09 15:30:33] [Info] [Thread 0x70000eb6c000] Processed Task 607 (Type: EMAIL)
[2026-02-09 15:30:33] [Info] [Thread 0x70000ec72000] Processed Task 606 (Type: UPLOAD)
[2026-02-09 15:30:33] [Info] [Thread 0x70000ecf5000] Processed Task 609 (Type: UPLOAD)
[2026-02-09 15:30:33] [Error] [Thread 0x70000e960000] Processing task 605 failed, retry #1
[2026-02-09 15:30:33] [Error] [Thread 0x70000ebef000] Processing task 610 failed, retry #1
[2026-02-09 15:30:34] [Info] [Thread 0x70000eae9000] Processed Task 633 (Type: UPLOAD)
[2026-02-09 15:30:34] [Error] [Thread 0x70000e9e3000] Processing task 631 failed, retry #1
[2026-02-09 15:30:34] [Error] [Thread 0x70000e8dd000] Processing task 632 failed, retry #1
[2026-02-09 15:30:34] [Error] [Thread 0x70000ea66000] Processing task 634 failed, retry #1
[2026-02-09 15:30:34] [Info] [Thread 0x70000eb6c000] Processed Task 636 (Type: UPLOAD)
[2026-02-09 15:30:34] [Info] [Thread 0x70000ec72000] Processed Task 637 (Type: EMAIL)
[2026-02-09 15:30:34] [Error] [Thread 0x70000ed78000] Processing task 635 failed, retry #1
[2026-02-09 15:30:34] [Info] [Thread 0x70000ecf5000] Processed Task 638 (Type: CONVERT)
[2026-02-09 15:30:34] [Error] [Thread 0x70000e960000] Processing task 639 failed, retry #1
[2026-02-09 15:30:34] [Info] [Thread 0x70000ebef000] Processed Task 640 (Type: EMAIL)
[2026-02-09 15:30:34] [Info] [Thread 0x70000e9e3000] Processed Task 662 (Type: CONVERT)
[2026-02-09 15:30:34] [Info] [Thread 0x70000eb6c000] Processed Task 665 (Type: CONVERT)
[2026-02-09 15:30:34] [Info] [Thread 0x70000e8dd000] Processed Task 663 (Type: UPLOAD)
[2026-02-09 15:30:34] [Info] [Thread 0x70000ec72000] Processed Task 666 (Type: UPLOAD)
[2026-02-09 15:30:34] [Info] [Thread 0x70000ea66000] Processed Task 664 (Type: EMAIL)
[2026-02-09 15:30:34] [Info] [Thread 0x70000ecf5000] Processed Task 668 (Type: CONVERT)
[2026-02-09 15:30:34] [Info] [Thread 0x70000e960000] Processed Task 669 (Type: UPLOAD)
[2026-02-09 15:30:34] [Error] [Thread 0x70000ed78000] Processing task 667 failed, retry #1
[2026-02-09 15:30:34] [Error] [Thread 0x70000eae9000] Processing task 661 failed, retry #1
[2026-02-09 15:30:34] [Error] [Thread 0x70000ebef000] Processing task 670 failed, retry #1
[2026-02-09 15:30:34] [Info] [Thread 0x70000e8dd000] Processed Task 692 (Type: CONVERT)
[2026-02-09 15:30:34] [Info] [Thread 0x70000e9e3000] Processed Task 691 (Type: EMAIL)
[2026-02-09 15:30:34] [Info] [Thread 0x70000ea66000] Processed Task 695 (Type: CONVERT)
[2026-02-09 15:30:34] [Info] [Thread 0x70000e960000] Processed Task 697 (Type: EMAIL)
[2026-02-09 15:30:34] [Info] [Thread 0x70000eb6c000] Processed Task 693 (Type: UPLOAD)
[2026-02-09 15:30:34] [Info] [Thread 0x70000eae9000] Processed Task 699 (Type: UPLOAD)
[2026-02-09 15:30:34] [Info] [Thread 0x70000ed78000] Processed Task 698 (Type: CONVERT)
[2026-02-09 15:30:34] [Info] [Thread 0x70000ebef000] Processed Task 700 (Type: EMAIL)
[2026-02-09 15:30:34] [Error] [Thread 0x70000ecf5000] Processing task 696 failed, retry #1
[2026-02-09 15:30:34] [Error] [Thread 0x70000ec72000] Processing task 694 failed, retry #1
[2026-02-09 15:30:34] [Info] [Thread 0x70000e9e3000] Processed Task 722 (Type: CONVERT)
[2026-02-09 15:30:34] [Info] [Thread 0x70000eb6c000] Processed Task 725 (Type: CONVERT)
[2026-02-09 15:30:34] [Info] [Thread 0x70000e960000] Processed Task 724 (Type: EMAIL)
[2026-02-09 15:30:34] [Info] [Thread 0x70000eae9000] Processed Task 726 (Type: UPLOAD)
[2026-02-09 15:30:34] [Info] [Thread 0x70000ed78000] Processed Task 727 (Type: EMAIL)
[2026-02-09 15:30:34] [Info] [Thread 0x70000ea66000] Processed Task 723 (Type: UPLOAD)
[2026-02-09 15:30:34] [Info] [Thread 0x70000e8dd000] Processed Task 721 (Type: EMAIL)
[2026-02-09 15:30:34] [Error] [Thread 0x70000ecf5000] Processing task 729 failed, retry #1
[2026-02-09 15:30:34] [Error] [Thread 0x70000ebef000] Processing task 728 failed, retry #1
[2026-02-09 15:30:34] [Error] [Thread 0x70000ec72000] Processing task 730 failed, retry #1
[2026-02-09 15:30:35] [Info] [Thread 0x70000ecf5000] Processed Task 758 (Type: CONVERT)
[2026-02-09 15:30:35] [Info] [Thread 0x70000ebef000] Processed Task 759 (Type: UPLOAD)
[2026-02-09 15:30:35] [Info] [Thread 0x70000e8dd000] Processed Task 757 (Type: EMAIL)
[2026-02-09 15:30:35] [Info] [Thread 0x70000ec72000] Processed Task 760 (Type: EMAIL)
[2026-02-09 15:30:35] [Info] [Thread 0x70000ea66000] Processed Task 756 (Type: UPLOAD)
[2026-02-09 15:30:35] [Info] [Thread 0x70000ed78000] Processed Task 755 (Type: CONVERT)
[2026-02-09 15:30:35] [Info] [Thread 0x70000eb6c000] Processed Task 752 (Type: CONVERT)
[2026-02-09 15:30:35] [Info] [Thread 0x70000eae9000] Processed Task 754 (Type: EMAIL)
[2026-02-09 15:30:35] [Error] [Thread 0x70000e9e3000] Processing task 751 failed, retry #1
[2026-02-09 15:30:35] [Error] [Thread 0x70000e960000] Processing task 753 failed, retry #1
[2026-02-09 15:30:35] [Info] [Thread 0x70000ebef000] Processed Task 782 (Type: CONVERT)
[2026-02-09 15:30:35] [Info] [Thread 0x70000ecf5000] Processed Task 781 (Type: EMAIL)
[2026-02-09 15:30:35] [Info] [Thread 0x70000eae9000] Processed Task 788 (Type: CONVERT)
[2026-02-09 15:30:35] [Info] [Thread 0x70000e8dd000] Processed Task 784 (Type: EMAIL)
[2026-02-09 15:30:35] [Info] [Thread 0x70000ec72000] Processed Task 783 (Type: UPLOAD)
[2026-02-09 15:30:35] [Info] [Thread 0x70000eb6c000] Processed Task 787 (Type: EMAIL)
[2026-02-09 15:30:35] [Info] [Thread 0x70000e9e3000] Processed Task 789 (Type: UPLOAD)
[2026-02-09 15:30:35] [Info] [Thread 0x70000ed78000] Processed Task 786 (Type: UPLOAD)
[2026-02-09 15:30:35] [Error] [Thread 0x70000e960000] Processing task 790 failed, retry #1
[2026-02-09 15:30:35] [Error] [Thread 0x70000ea66000] Processing task 785 failed, retry #1
[2026-02-09 15:30:35] [Info] [Thread 0x70000e8dd000] Processed Task 814 (Type: EMAIL)
[2026-02-09 15:30:35] [Info] [Thread 0x70000ecf5000] Processed Task 812 (Type: CONVERT)
[2026-02-09 15:30:35] [Info] [Thread 0x70000ea66000] Processed Task 820 (Type: EMAIL)
[2026-02-09 15:30:35] [Info] [Thread 0x70000eae9000] Processed Task 813 (Type: UPLOAD)
[2026-02-09 15:30:35] [Info] [Thread 0x70000ec72000] Processed Task 815 (Type: CONVERT)
[2026-02-09 15:30:35] [Info] [Thread 0x70000e9e3000] Processed Task 818 (Type: CONVERT)
[2026-02-09 15:30:35] [Info] [Thread 0x70000ed78000] Processed Task 817 (Type: EMAIL)
[2026-02-09 15:30:35] [Error] [Thread 0x70000ebef000] Processing task 811 failed, retry #1
[2026-02-09 15:30:35] [Error] [Thread 0x70000e960000] Processing task 819 failed, retry #1
[2026-02-09 15:30:35] [Error] [Thread 0x70000eb6c000] Processing task 816 failed, retry #1
[2026-02-09 15:30:35] [Info] [Thread 0x70000e8dd000] Processed Task 841 (Type: EMAIL)
[2026-02-09 15:30:35] [Info] [Thread 0x70000ecf5000] Processed Task 842 (Type: CONVERT)
[2026-02-09 15:30:35] [Info] [Thread 0x70000ed78000] Processed Task 847 (Type: EMAIL)
[2026-02-09 15:30:35] [Info] [Thread 0x70000ea66000] Processed Task 843 (Type: UPLOAD)
[2026-02-09 15:30:35] [Info] [Thread 0x70000eae9000] Processed Task 844 (Type: EMAIL)
[2026-02-09 15:30:35] [Info] [Thread 0x70000e9e3000] Processed Task 846 (Type: UPLOAD)
[2026-02-09 15:30:35] [Info] [Thread 0x70000ec72000] Processed Task 845 (Type: CONVERT)
[2026-02-09 15:30:35] [Info] [Thread 0x70000e960000] Processed Task 849 (Type: UPLOAD)
[2026-02-09 15:30:35] [Info] [Thread 0x70000eb6c000] Processed Task 850 (Type: EMAIL)
[2026-02-09 15:30:35] [Info] [Thread 0x70000ebef000] Processed Task 848 (Type: CONVERT)
[2026-02-09 15:30:36] [Info] [Thread 0x70000ed78000] Processed Task 875 (Type: CONVERT)
[2026-02-09 15:30:36] [Info] [Thread 0x70000eae9000] Processed Task 874 (Type: EMAIL)
[2026-02-09 15:30:36] [Info] [Thread 0x70000eb6c000] Processed Task 880 (Type: EMAIL)
[2026-02-09 15:30:36] [Info] [Thread 0x70000e960000] Processed Task 878 (Type: CONVERT)
[2026-02-09 15:30:36] [Info] [Thread 0x70000ebef000] Processed Task 879 (Type: UPLOAD)
[2026-02-09 15:30:36] [Error] [Thread 0x70000e9e3000] Processing task 876 failed, retry #1
[2026-02-09 15:30:36] [Error] [Thread 0x70000e8dd000] Processing task 871 failed, retry #1
[2026-02-09 15:30:36] [Error] [Thread 0x70000ea66000] Processing task 873 failed, retry #1
[2026-02-09 15:30:36] [Error] [Thread 0x70000ecf5000] Processing task 872 failed, retry #1
[2026-02-09 15:30:36] [Error] [Thread 0x70000ec72000] Processing task 877 failed, retry #1
[2026-02-09 15:30:36] [Info] [Thread 0x70000eae9000] Processed Task 902 (Type: CONVERT)
[2026-02-09 15:30:36] [Info] [Thread 0x70000ed78000] Processed Task 901 (Type: EMAIL)
[2026-02-09 15:30:36] [Info] [Thread 0x70000e9e3000] Processed Task 906 (Type: UPLOAD)
[2026-02-09 15:30:36] [Info] [Thread 0x70000ebef000] Processed Task 904 (Type: EMAIL)
[2026-02-09 15:30:36] [Info] [Thread 0x70000e960000] Processed Task 905 (Type: CONVERT)
[2026-02-09 15:30:36] [Info] [Thread 0x70000e8dd000] Processed Task 907 (Type: EMAIL)
[2026-02-09 15:30:36] [Error] [Thread 0x70000eb6c000] Processing task 903 failed, retry #1
[2026-02-09 15:30:36] [Error] [Thread 0x70000ea66000] Processing task 908 failed, retry #1
[2026-02-09 15:30:36] [Error] [Thread 0x70000ecf5000] Processing task 909 failed, retry #1
[2026-02-09 15:30:36] [Info] [Thread 0x70000ec72000] Processed Task 910 (Type: EMAIL)
[2026-02-09 15:30:36] [Info] [Thread 0x70000ea66000] Processed Task 938 (Type: CONVERT)
[2026-02-09 15:30:36] [Info] [Thread 0x70000ed78000] Processed Task 932 (Type: CONVERT)
[2026-02-09 15:30:36] [Info] [Thread 0x70000e9e3000] Processed Task 933 (Type: UPLOAD)
[2026-02-09 15:30:36] [Info] [Thread 0x70000eb6c000] Processed Task 937 (Type: EMAIL)
[2026-02-09 15:30:36] [Info] [Thread 0x70000ec72000] Processed Task 940 (Type: EMAIL)
[2026-02-09 15:30:36] [Error] [Thread 0x70000ebef000] Processing task 934 failed, retry #1
[2026-02-09 15:30:36] [Error] [Thread 0x70000ecf5000] Processing task 939 failed, retry #1
[2026-02-09 15:30:36] [Error] [Thread 0x70000e8dd000] Processing task 936 failed, retry #1
[2026-02-09 15:30:36] [Error] [Thread 0x70000eae9000] Processing task 931 failed, retry #1
[2026-02-09 15:30:36] [Error] [Thread 0x70000e960000] Processing task 935 failed, retry #1
[2026-02-09 15:30:36] [Info] [Thread 0x70000ea66000] Processed Task 961 (Type: EMAIL)
[2026-02-09 15:30:36] [Info] [Thread 0x70000eb6c000] Processed Task 964 (Type: EMAIL)
[2026-02-09 15:30:36] [Info] [Thread 0x70000ecf5000] Processed Task 967 (Type: EMAIL)
[2026-02-09 15:30:36] [Info] [Thread 0x70000e8dd000] Processed Task 968 (Type: CONVERT)
[2026-02-09 15:30:36] [Info] [Thread 0x70000e960000] Processed Task 970 (Type: EMAIL)
[2026-02-09 15:30:36] [Info] [Thread 0x70000eae9000] Processed Task 969 (Type: UPLOAD)
[2026-02-09 15:30:36] [Info] [Thread 0x70000ec72000] Processed Task 965 (Type: CONVERT)
[2026-02-09 15:30:36] [Info] [Thread 0x70000ebef000] Processed Task 966 (Type: UPLOAD)
[2026-02-09 15:30:36] [Error] [Thread 0x70000e9e3000] Processing task 963 failed, retry #1
[2026-02-09 15:30:36] [Error] [Thread 0x70000ed78000] Processing task 962 failed, retry #1
[2026-02-09 15:30:37] [Info] [Thread 0x70000eb6c000] Processed Task 992 (Type: CONVERT)
[2026-02-09 15:30:37] [Info] [Thread 0x70000ea66000] Processed Task 991 (Type: EMAIL)
[2026-02-09 15:30:37] [Info] [Thread 0x70000ecf5000] Processed Task 993 (Type: UPLOAD)
[2026-02-09 15:30:37] [Info] [Thread 0x70000ebef000] Processed Task 998 (Type: CONVERT)
[2026-02-09 15:30:37] [Info] [Thread 0x70000eae9000] Processed Task 996 (Type: UPLOAD)
[2026-02-09 15:30:37] [Info] [Thread 0x70000e9e3000] Processed Task 999 (Type: UPLOAD)
[2026-02-09 15:30:37] [Info] [Thread 0x70000ed78000] Processed Task 1000 (Type: EMAIL)
[2026-02-09 15:30:37] [Info] [Thread 0x70000e8dd000] Processed Task 994 (Type: EMAIL)
[2026-02-09 15:30:37] [Error] [Thread 0x70000ec72000] Processing task 997 failed, retry #1
[2026-02-09 15:30:37] [Error] [Thread 0x70000e960000] Processing task 995 failed, retry #1
[2026-02-09 15:30:37] [Info] [Thread 0x70000ebef000] Processed Task 22 (Type: EMAIL)
[2026-02-09 15:30:37] [Info] [Thread 0x70000eae9000] Processed Task 23 (Type: CONVERT)
[2026-02-09 15:30:37] [Info] [Thread 0x70000ea66000] Processed Task 20 (Type: CONVERT)
[2026-02-09 15:30:37] [Info] [Thread 0x70000eb6c000] Processed Task 19 (Type: EMAIL)
[2026-02-09 15:30:37] [Info] [Thread 0x70000e9e3000] Processed Task 24 (Type: UPLOAD)
[2026-02-09 15:30:37] [Info] [Thread 0x70000e8dd000] Processed Task 26 (Type: CONVERT)
[2026-02-09 15:30:37] [Info] [Thread 0x70000ec72000] Processed Task 27 (Type: UPLOAD)
[2026-02-09 15:30:37] [Info] [Thread 0x70000ed78000] Processed Task 25 (Type: EMAIL)
[2026-02-09 15:30:37] [Info] [Thread 0x70000e960000] Processed Task 28 (Type: EMAIL)
[2026-02-09 15:30:37] [Error] [Thread 0x70000ecf5000] Processing task 21 failed, retry #1
[2026-02-09 15:30:37] [Info] [Thread 0x70000e960000] Processed Task 83 (Type: CONVERT)
[2026-02-09 15:30:37] [Info] [Thread 0x70000ec72000] Processed Task 73 (Type: EMAIL)
[2026-02-09 15:30:37] [Info] [Thread 0x70000e9e3000] Processed Task 77 (Type: CONVERT)
[2026-02-09 15:30:37] [Info] [Thread 0x70000ea66000] Processed Task 62 (Type: CONVERT)
[2026-02-09 15:30:37] [Info] [Thread 0x70000eae9000] Processed Task 68 (Type: CONVERT)
[2026-02-09 15:30:37] [Info] [Thread 0x70000ecf5000] Processed Task 97 (Type: EMAIL)
[2026-02-09 15:30:37] [Info] [Thread 0x70000ebef000] Processed Task 63 (Type: UPLOAD)
[2026-02-09 15:30:37] [Error] [Thread 0x70000ed78000] Processing task 90 failed, retry #2
[2026-02-09 15:30:37] [Error] [Thread 0x70000eb6c000] Processing task 61 failed, retry #2
[2026-02-09 15:30:37] [Error] [Thread 0x70000e8dd000] Processing task 76 failed, retry #2
[2026-02-09 15:30:37] [Info] [Thread 0x70000ebef000] Processed Task 171 (Type: UPLOAD)
[2026-02-09 15:30:37] [Info] [Thread 0x70000ec72000] Processed Task 151 (Type: EMAIL)
[2026-02-09 15:30:37] [Info] [Thread 0x70000eae9000] Processed Task 170 (Type: CONVERT)
[2026-02-09 15:30:37] [Info] [Thread 0x70000ecf5000] Processed Task 174 (Type: UPLOAD)
[2026-02-09 15:30:37] [Info] [Thread 0x70000e9e3000] Processed Task 153 (Type: UPLOAD)
[2026-02-09 15:30:37] [Info] [Thread 0x70000e8dd000] Processed Task 181 (Type: EMAIL)
[2026-02-09 15:30:37] [Info] [Thread 0x70000eb6c000] Processed Task 176 (Type: CONVERT)
[2026-02-09 15:30:37] [Error] [Thread 0x70000ea66000] Processing task 164 failed, retry #2
[2026-02-09 15:30:37] [Error] [Thread 0x70000e960000] Processing task 152 failed, retry #2
[2026-02-09 15:30:37] [Error] [Thread 0x70000ed78000] Processing task 177 failed, retry #2
[2026-02-09 15:30:38] [Info] [Thread 0x70000eae9000] Processed Task 257 (Type: CONVERT)
[2026-02-09 15:30:38] [Info] [Thread 0x70000ed78000] Processed Task 268 (Type: EMAIL)
[2026-02-09 15:30:38] [Info] [Thread 0x70000e960000] Processed Task 261 (Type: UPLOAD)
[2026-02-09 15:30:38] [Info] [Thread 0x70000eb6c000] Processed Task 263 (Type: CONVERT)
[2026-02-09 15:30:38] [Info] [Thread 0x70000ecf5000] Processed Task 258 (Type: UPLOAD)
[2026-02-09 15:30:38] [Info] [Thread 0x70000ec72000] Processed Task 248 (Type: CONVERT)
[2026-02-09 15:30:38] [Info] [Thread 0x70000ebef000] Processed Task 243 (Type: UPLOAD)
[2026-02-09 15:30:38] [Error] [Thread 0x70000e9e3000] Processing task 259 failed, retry #2
[2026-02-09 15:30:38] [Error] [Thread 0x70000e8dd000] Processing task 267 failed, retry #2
[2026-02-09 15:30:38] [Error] [Thread 0x70000ea66000] Processing task 266 failed, retry #2
[2026-02-09 15:30:38] [Info] [Thread 0x70000ec72000] Processed Task 359 (Type: CONVERT)
[2026-02-09 15:30:38] [Info] [Thread 0x70000eb6c000] Processed Task 360 (Type: UPLOAD)
[2026-02-09 15:30:38] [Info] [Thread 0x70000e960000] Processed Task 352 (Type: EMAIL)
[2026-02-09 15:30:38] [Info] [Thread 0x70000ebef000] Processed Task 363 (Type: UPLOAD)
[2026-02-09 15:30:38] [Info] [Thread 0x70000ed78000] Processed Task 357 (Type: UPLOAD)
[2026-02-09 15:30:38] [Error] [Thread 0x70000eae9000] Processing task 335 failed, retry #2
[2026-02-09 15:30:38] [Error] [Thread 0x70000ecf5000] Processing task 351 failed, retry #2
[2026-02-09 15:30:38] [Error] [Thread 0x70000e8dd000] Processing task 364 failed, retry #2
[2026-02-09 15:30:38] [Error] [Thread 0x70000ea66000] Processing task 368 failed, retry #2
[2026-02-09 15:30:38] [Error] [Thread 0x70000e9e3000] Processing task 361 failed, retry #2
[2026-02-09 15:30:38] [Info] [Thread 0x70000ecf5000] Processed Task 486 (Type: UPLOAD)
[2026-02-09 15:30:38] [Info] [Thread 0x70000eb6c000] Processed Task 469 (Type: EMAIL)
[2026-02-09 15:30:38] [Info] [Thread 0x70000ec72000] Processed Task 464 (Type: CONVERT)
[2026-02-09 15:30:38] [Info] [Thread 0x70000ebef000] Processed Task 474 (Type: UPLOAD)
[2026-02-09 15:30:38] [Info] [Thread 0x70000e8dd000] Processed Task 490 (Type: EMAIL)
[2026-02-09 15:30:38] [Info] [Thread 0x70000e9e3000] Processed Task 495 (Type: UPLOAD)
[2026-02-09 15:30:38] [Info] [Thread 0x70000eae9000] Processed Task 475 (Type: EMAIL)
[2026-02-09 15:30:38] [Info] [Thread 0x70000e960000] Processed Task 468 (Type: UPLOAD)
[2026-02-09 15:30:38] [Info] [Thread 0x70000ed78000] Processed Task 472 (Type: EMAIL)
[2026-02-09 15:30:38] [Error] [Thread 0x70000ea66000] Processing task 488 failed, retry #2
[2026-02-09 15:30:38] [Info] [Thread 0x70000eb6c000] Processed Task 549 (Type: UPLOAD)
[2026-02-09 15:30:38] [Info] [Thread 0x70000ec72000] Processed Task 551 (Type: CONVERT)
[2026-02-09 15:30:38] [Info] [Thread 0x70000ebef000] Processed Task 558 (Type: UPLOAD)
[2026-02-09 15:30:38] [Error] [Thread 0x70000eae9000] Processing task 570 failed, retry #2
[2026-02-09 15:30:38] [Error] [Thread 0x70000e8dd000] Processing task 557 failed, retry #2
[2026-02-09 15:30:38] [Error] [Thread 0x70000e960000] Processing task 567 failed, retry #2
[2026-02-09 15:30:38] [Error] [Thread 0x70000e9e3000] Processing task 560 failed, retry #2
[2026-02-09 15:30:38] [Error] [Thread 0x70000ed78000] Processing task 566 failed, retry #2
[2026-02-09 15:30:38] [Error] [Thread 0x70000ecf5000] Processing task 544 failed, retry #2
[2026-02-09 15:30:38] [Error] [Thread 0x70000ea66000] Processing task 572 failed, retry #2
[2026-02-09 15:30:39] [Info] [Thread 0x70000e8dd000] Processed Task 639 (Type: UPLOAD)
[2026-02-09 15:30:39] [Info] [Thread 0x70000ea66000] Processed Task 661 (Type: EMAIL)
[2026-02-09 15:30:39] [Info] [Thread 0x70000eae9000] Processed Task 644 (Type: CONVERT)
[2026-02-09 15:30:39] [Info] [Thread 0x70000e960000] Processed Task 643 (Type: EMAIL)
[2026-02-09 15:30:39] [Info] [Thread 0x70000ecf5000] Processed Task 660 (Type: UPLOAD)
[2026-02-09 15:30:39] [Info] [Thread 0x70000ed78000] Processed Task 652 (Type: EMAIL)
[2026-02-09 15:30:39] [Error] [Thread 0x70000ebef000] Processing task 635 failed, retry #2
[2026-02-09 15:30:39] [Error] [Thread 0x70000ec72000] Processing task 634 failed, retry #2
[2026-02-09 15:30:39] [Error] [Thread 0x70000eb6c000] Processing task 632 failed, retry #2
[2026-02-09 15:30:39] [Error] [Thread 0x70000e9e3000] Processing task 646 failed, retry #2
[2026-02-09 15:30:39] [Info] [Thread 0x70000e960000] Processed Task 753 (Type: UPLOAD)
[2026-02-09 15:30:39] [Info] [Thread 0x70000ea66000] Processed Task 750 (Type: UPLOAD)
[2026-02-09 15:30:39] [Info] [Thread 0x70000ec72000] Processed Task 764 (Type: CONVERT)
[2026-02-09 15:30:39] [Info] [Thread 0x70000eae9000] Processed Task 749 (Type: CONVERT)
[2026-02-09 15:30:39] [Info] [Thread 0x70000e8dd000] Processed Task 746 (Type: CONVERT)
[2026-02-09 15:30:39] [Info] [Thread 0x70000e9e3000] Processed Task 780 (Type: UPLOAD)
[2026-02-09 15:30:39] [Info] [Thread 0x70000eb6c000] Processed Task 769 (Type: EMAIL)
[2026-02-09 15:30:39] [Info] [Thread 0x70000ebef000] Processed Task 763 (Type: EMAIL)
[2026-02-09 15:30:39] [Error] [Thread 0x70000ed78000] Processing task 761 failed, retry #2
[2026-02-09 15:30:39] [Error] [Thread 0x70000ecf5000] Processing task 751 failed, retry #2
[2026-02-09 15:30:39] [Info] [Thread 0x70000e960000] Processed Task 871 (Type: EMAIL)
[2026-02-09 15:30:39] [Info] [Thread 0x70000eae9000] Processed Task 872 (Type: CONVERT)
[2026-02-09 15:30:39] [Info] [Thread 0x70000e8dd000] Processed Task 877 (Type: EMAIL)
[2026-02-09 15:30:39] [Info] [Thread 0x70000ec72000] Processed Task 873 (Type: UPLOAD)
[2026-02-09 15:30:39] [Info] [Thread 0x70000ebef000] Processed Task 884 (Type: CONVERT)
[2026-02-09 15:30:39] [Info] [Thread 0x70000e9e3000] Processed Task 883 (Type: EMAIL)
[2026-02-09 15:30:39] [Info] [Thread 0x70000ecf5000] Processed Task 891 (Type: UPLOAD)
[2026-02-09 15:30:39] [Error] [Thread 0x70000eb6c000] Processing task 889 failed, retry #2
[2026-02-09 15:30:39] [Error] [Thread 0x70000ea66000] Processing task 876 failed, retry #2
[2026-02-09 15:30:39] [Error] [Thread 0x70000ed78000] Processing task 890 failed, retry #2
[2026-02-09 15:30:39] [Info] [Thread 0x70000eae9000] Processed Task 988 (Type: EMAIL)
[2026-02-09 15:30:40] [Info] [Thread 0x70000e8dd000] Processed Task 986 (Type: CONVERT)
[2026-02-09 15:30:40] [Info] [Thread 0x70000e9e3000] Processed Task 995 (Type: CONVERT)
[2026-02-09 15:30:40] [Info] [Thread 0x70000ed78000] Processed Task 21 (Type: UPLOAD)
[2026-02-09 15:30:40] [Info] [Thread 0x70000eb6c000] Processed Task 7 (Type: EMAIL)
[2026-02-09 15:30:40] [Info] [Thread 0x70000ecf5000] Processed Task 6 (Type: UPLOAD)
[2026-02-09 15:30:40] [Info] [Thread 0x70000e960000] Processed Task 982 (Type: EMAIL)
[2026-02-09 15:30:40] [Info] [Thread 0x70000ea66000] Processed Task 4 (Type: EMAIL)
[2026-02-09 15:30:40] [Info] [Thread 0x70000ebef000] Processed Task 997 (Type: EMAIL)
[2026-02-09 15:30:40] [Error] [Thread 0x70000ec72000] Processing task 984 failed, retry #2
[2026-02-09 15:30:40] [Info] [Thread 0x70000eae9000] Processed Task 214 (Type: EMAIL)
[2026-02-09 15:30:40] [Info] [Thread 0x70000ea66000] Processed Task 259 (Type: EMAIL)
[2026-02-09 15:30:40] [Info] [Thread 0x70000ebef000] Processed Task 277 (Type: EMAIL)
[2026-02-09 15:30:40] [Info] [Thread 0x70000ed78000] Processed Task 233 (Type: CONVERT)
[2026-02-09 15:30:40] [Info] [Thread 0x70000ec72000] Processed Task 337 (Type: EMAIL)
[2026-02-09 15:30:40] [Info] [Thread 0x70000ecf5000] Processed Task 269 (Type: CONVERT)
[2026-02-09 15:30:40] [Info] [Thread 0x70000e8dd000] Processed Task 217 (Type: EMAIL)
[2026-02-09 15:30:40] [Info] [Thread 0x70000e9e3000] Processed Task 219 (Type: UPLOAD)
[2026-02-09 15:30:40] [Info] [Thread 0x70000eb6c000] Processed Task 266 (Type: CONVERT)
[2026-02-09 15:30:40] [Error] [Thread 0x70000e960000] Processing task 267 failed, retry #3
[2026-02-09 15:30:40] [Info] [Thread 0x70000ec72000] Processed Task 570 (Type: UPLOAD)
[2026-02-09 15:30:40] [Info] [Thread 0x70000ebef000] Processed Task 545 (Type: CONVERT)
[2026-02-09 15:30:40] [Info] [Thread 0x70000ed78000] Processed Task 567 (Type: UPLOAD)
[2026-02-09 15:30:40] [Info] [Thread 0x70000e9e3000] Processed Task 560 (Type: CONVERT)
[2026-02-09 15:30:40] [Info] [Thread 0x70000eb6c000] Processed Task 572 (Type: CONVERT)
[2026-02-09 15:30:40] [Info] [Thread 0x70000e8dd000] Processed Task 566 (Type: CONVERT)
[2026-02-09 15:30:40] [Error] [Thread 0x70000eae9000] Processing task 515 failed, retry #3
[2026-02-09 15:30:40] [Error] [Thread 0x70000ea66000] Processing task 534 failed, retry #3
[2026-02-09 15:30:40] [Error] [Thread 0x70000ecf5000] Processing task 557 failed, retry #3
[2026-02-09 15:30:40] [Error] [Thread 0x70000e960000] Processing task 544 failed, retry #3
[2026-02-09 15:30:40] [Info] [Thread 0x70000ecf5000] Processed Task 984 (Type: UPLOAD)
[2026-02-09 15:30:40] [Info] [Thread 0x70000e960000] Processed Task 14 (Type: CONVERT)
[2026-02-09 15:30:40] [Info] [Thread 0x70000eb6c000] Processed Task 903 (Type: UPLOAD)
[2026-02-09 15:30:40] [Info] [Thread 0x70000e9e3000] Processed Task 890 (Type: CONVERT)
[2026-02-09 15:30:40] [Info] [Thread 0x70000eae9000] Processed Task 939 (Type: UPLOAD)
[2026-02-09 15:30:40] [Info] [Thread 0x70000ea66000] Processed Task 951 (Type: UPLOAD)
[2026-02-09 15:30:40] [Info] [Thread 0x70000e8dd000] Processed Task 897 (Type: UPLOAD)
[2026-02-09 15:30:40] [Error] [Thread 0x70000ed78000] Processing task 876 failed, retry #3
[2026-02-09 15:30:40] [Error] [Thread 0x70000ec72000] Processing task 825 failed, retry #3
[2026-02-09 15:30:40] [Error] [Thread 0x70000ebef000] Processing task 889 failed, retry #3
[2026-02-09 15:30:41] [Info] [Thread 0x70000e9e3000] Processed Task 825 (Type: UPLOAD)
[2026-02-09 15:30:41] [Info] [Thread 0x70000eb6c000] Processed Task 800 (Type: CONVERT)
[2026-02-09 15:30:41] [Info] [Thread 0x70000ea66000] Processed Task 889 (Type: EMAIL)
[2026-02-09 15:30:41] [Info] [Thread 0x70000ecf5000] Processed Task 751 (Type: EMAIL)
[2026-02-09 15:30:41] [Info] [Thread 0x70000eae9000] Processed Task 876 (Type: UPLOAD)
[2026-02-09 15:30:41] [Error] [Thread 0x70000e960000] Task 777 exceeded retry limit, sending to dead letter queue.
Shutting down gracefully...
[2026-02-09 15:30:44] [Info] [Thread 0x70000ec72000] Thread shutting down.
[2026-02-09 15:30:44] [Info] [Thread 0x70000ed78000] Thread shutting down.
[2026-02-09 15:30:44] [Info] [Thread 0x70000e8dd000] Thread shutting down.
[2026-02-09 15:30:44] [Info] [Thread 0x70000ebef000] Thread shutting down.
[2026-02-09 15:30:45] [Info] [Thread 0x70000eb6c000] Thread shutting down.
[2026-02-09 15:30:45] [Info] [Thread 0x70000e9e3000] Thread shutting down.
[2026-02-09 15:30:45] [Info] [Thread 0x70000e960000] Thread shutting down.
[2026-02-09 15:30:45] [Info] [Thread 0x70000ea66000] Thread shutting down.
[2026-02-09 15:30:45] [Info] [Thread 0x70000ecf5000] Thread shutting down.
[2026-02-09 15:30:45] [Info] [Thread 0x70000eae9000] Thread shutting down.
