Connected to Redis!
Consumer running. Waiting for tasks...
[2026-03-04 17:14:42] [Info] [Thread 0x700007ba7000] Task 2 finished in 501ms
[2026-03-04 17:14:42] [Info] [Thread 0x70000799b000] Task 1 finished in 504ms
[2026-03-04 17:14:42] [Info] [Thread 0x700007ba7000] Processed Task 2 (Type: CONVERT)
[2026-03-04 17:14:42] [Info] [Thread 0x70000799b000] Processed Task 1 (Type: EMAIL)
[2026-03-04 17:14:42] [Info] [Thread 0x700007895000] Task 3 finished in 505ms
[2026-03-04 17:14:42] [Info] [Thread 0x700007a1e000] Task 4 finished in 503ms
[2026-03-04 17:14:42] [Info] [Thread 0x700007a1e000] Processed Task 4 (Type: EMAIL)
[2026-03-04 17:14:42] [Info] [Thread 0x700007895000] Processed Task 3 (Type: UPLOAD)
[2026-03-04 17:14:42] [Info] [Thread 0x70000778f000] Task 6 finished in 503ms
[2026-03-04 17:14:42] [Info] [Thread 0x700007812000] Task 7 finished in 502ms
[2026-03-04 17:14:42] [Info] [Thread 0x700007918000] Task 5 finished in 505ms
[2026-03-04 17:14:42] [Info] [Thread 0x700007aa1000] Task 8 finished in 501ms
[2026-03-04 17:14:42] [Info] [Thread 0x70000778f000] Processed Task 6 (Type: UPLOAD)
[2026-03-04 17:14:42] [Info] [Thread 0x700007918000] Processed Task 5 (Type: CONVERT)
[2026-03-04 17:14:42] [Info] [Thread 0x700007812000] Processed Task 7 (Type: EMAIL)
[2026-03-04 17:14:42] [Info] [Thread 0x700007aa1000] Processed Task 8 (Type: CONVERT)
[2026-03-04 17:14:42] [Info] [Thread 0x700007c2a000] Task 9 finished in 506ms
[2026-03-04 17:14:42] [Info] [Thread 0x700007b24000] Task 10 finished in 505ms
[2026-03-04 17:14:42] [Info] [Thread 0x700007c2a000] Processed Task 9 (Type: UPLOAD)
[2026-03-04 17:14:42] [Info] [Thread 0x700007b24000] Processed Task 10 (Type: EMAIL)
[2026-03-04 17:14:42] [Info] [Thread 0x700007ba7000] Task 11 finished in 995ms
[2026-03-04 17:14:42] [Info] [Thread 0x70000799b000] Task 12 finished in 994ms
[2026-03-04 17:14:42] [Info] [Thread 0x700007895000] Task 14 finished in 991ms
[2026-03-04 17:14:42] [Info] [Thread 0x700007a1e000] Task 13 finished in 994ms
[2026-03-04 17:14:42] [Info] [Thread 0x700007ba7000] Processed Task 11 (Type: CONVERT)
[2026-03-04 17:14:42] [Info] [Thread 0x70000799b000] Processed Task 12 (Type: UPLOAD)
[2026-03-04 17:14:42] [Info] [Thread 0x700007895000] Processed Task 14 (Type: CONVERT)
[2026-03-04 17:14:42] [Info] [Thread 0x700007a1e000] Processed Task 13 (Type: EMAIL)
[2026-03-04 17:14:42] [Info] [Thread 0x700007aa1000] Task 18 finished in 989ms
[2026-03-04 17:14:42] [Info] [Thread 0x700007812000] Task 17 finished in 991ms
[2026-03-04 17:14:42] [Info] [Thread 0x70000778f000] Task 15 finished in 995ms
[2026-03-04 17:14:42] [Info] [Thread 0x700007918000] Task 16 finished in 993ms
[2026-03-04 17:14:42] [Info] [Thread 0x700007812000] Processed Task 17 (Type: CONVERT)
[2026-03-04 17:14:42] [Info] [Thread 0x700007918000] Processed Task 16 (Type: EMAIL)
[2026-03-04 17:14:42] [Info] [Thread 0x70000778f000] Processed Task 15 (Type: UPLOAD)
[2026-03-04 17:14:42] [Info] [Thread 0x700007aa1000] Processed Task 18 (Type: UPLOAD)
[2026-03-04 17:14:42] [Info] [Thread 0x700007b24000] Task 20 finished in 993ms
[2026-03-04 17:14:42] [Error] [Thread 0x700007c2a000] Processing task 19 failed, retry #1
[2026-03-04 17:14:42] [Info] [Thread 0x700007b24000] Processed Task 20 (Type: CONVERT)
[2026-03-04 17:14:43] [Info] [Thread 0x70000799b000] Task 22 finished in 1484ms
[2026-03-04 17:14:43] [Info] [Thread 0x700007895000] Task 23 finished in 1482ms
[2026-03-04 17:14:43] [Info] [Thread 0x700007a1e000] Task 24 finished in 1481ms
[2026-03-04 17:14:43] [Info] [Thread 0x700007812000] Task 25 finished in 1479ms
[2026-03-04 17:14:43] [Error] [Thread 0x700007ba7000] Processing task 21 failed, retry #1
[2026-03-04 17:14:43] [Info] [Thread 0x70000799b000] Processed Task 22 (Type: EMAIL)
[2026-03-04 17:14:43] [Info] [Thread 0x700007895000] Processed Task 23 (Type: CONVERT)
[2026-03-04 17:14:43] [Error] [Thread 0x700007918000] Processing task 26 failed, retry #1
[2026-03-04 17:14:43] [Error] [Thread 0x70000778f000] Processing task 27 failed, retry #1
[2026-03-04 17:14:43] [Info] [Thread 0x700007a1e000] Processed Task 24 (Type: UPLOAD)
[2026-03-04 17:14:43] [Info] [Thread 0x700007812000] Processed Task 25 (Type: EMAIL)
[2026-03-04 17:14:43] [Info] [Thread 0x700007aa1000] Task 28 finished in 1479ms
[2026-03-04 17:14:43] [Info] [Thread 0x700007aa1000] Processed Task 28 (Type: EMAIL)
[2026-03-04 17:14:43] [Info] [Thread 0x700007b24000] Task 30 finished in 1479ms
[2026-03-04 17:14:43] [Info] [Thread 0x700007c2a000] Task 29 finished in 1481ms
[2026-03-04 17:14:43] [Info] [Thread 0x700007b24000] Processed Task 30 (Type: UPLOAD)
[2026-03-04 17:14:43] [Info] [Thread 0x700007c2a000] Processed Task 29 (Type: CONVERT)
[2026-03-04 17:14:43] [Info] [Thread 0x700007895000] Task 33 finished in 1971ms
[2026-03-04 17:14:43] [Info] [Thread 0x70000778f000] Task 35 finished in 1967ms
[2026-03-04 17:14:43] [Info] [Thread 0x700007812000] Task 37 finished in 1964ms
[2026-03-04 17:14:43] [Info] [Thread 0x700007ba7000] Task 31 finished in 1975ms
[2026-03-04 17:14:43] [Info] [Thread 0x70000799b000] Task 32 finished in 1973ms
[2026-03-04 17:14:43] [Error] [Thread 0x700007918000] Processing task 34 failed, retry #1
[2026-03-04 17:14:43] [Error] [Thread 0x700007a1e000] Processing task 36 failed, retry #1
[2026-03-04 17:14:43] [Info] [Thread 0x700007ba7000] Processed Task 31 (Type: EMAIL)
[2026-03-04 17:14:43] [Info] [Thread 0x700007895000] Processed Task 33 (Type: UPLOAD)
[2026-03-04 17:14:43] [Info] [Thread 0x700007812000] Processed Task 37 (Type: EMAIL)
[2026-03-04 17:14:43] [Info] [Thread 0x70000799b000] Processed Task 32 (Type: CONVERT)
[2026-03-04 17:14:43] [Info] [Thread 0x70000778f000] Processed Task 35 (Type: CONVERT)
[2026-03-04 17:14:43] [Info] [Thread 0x700007aa1000] Task 38 finished in 1967ms
[2026-03-04 17:14:43] [Info] [Thread 0x700007aa1000] Processed Task 38 (Type: CONVERT)
[2026-03-04 17:14:43] [Info] [Thread 0x700007b24000] Task 39 finished in 1966ms
[2026-03-04 17:14:43] [Info] [Thread 0x700007c2a000] Task 40 finished in 1964ms
[2026-03-04 17:14:43] [Info] [Thread 0x700007b24000] Processed Task 39 (Type: UPLOAD)
[2026-03-04 17:14:43] [Info] [Thread 0x700007c2a000] Processed Task 40 (Type: EMAIL)
[2026-03-04 17:14:44] [Info] [Thread 0x700007a1e000] Task 41 finished in 2460ms
[2026-03-04 17:14:44] [Info] [Thread 0x700007812000] Task 45 finished in 2453ms
[2026-03-04 17:14:44] [Info] [Thread 0x700007918000] Task 42 finished in 2458ms
[2026-03-04 17:14:44] [Info] [Thread 0x700007895000] Task 44 finished in 2454ms
[2026-03-04 17:14:44] [Info] [Thread 0x70000799b000] Task 46 finished in 2451ms
[2026-03-04 17:14:44] [Error] [Thread 0x700007ba7000] Processing task 43 failed, retry #1
[2026-03-04 17:14:44] [Info] [Thread 0x700007812000] Processed Task 45 (Type: UPLOAD)
[2026-03-04 17:14:44] [Info] [Thread 0x700007a1e000] Processed Task 41 (Type: CONVERT)
[2026-03-04 17:14:44] [Info] [Thread 0x700007895000] Processed Task 44 (Type: CONVERT)
[2026-03-04 17:14:44] [Info] [Thread 0x700007918000] Processed Task 42 (Type: UPLOAD)
[2026-03-04 17:14:44] [Info] [Thread 0x70000799b000] Processed Task 46 (Type: EMAIL)
[2026-03-04 17:14:44] [Info] [Thread 0x70000778f000] Task 47 finished in 2451ms
[2026-03-04 17:14:44] [Info] [Thread 0x70000778f000] Processed Task 47 (Type: CONVERT)
[2026-03-04 17:14:44] [Info] [Thread 0x700007aa1000] Task 48 finished in 2453ms
[2026-03-04 17:14:44] [Info] [Thread 0x700007aa1000] Processed Task 48 (Type: UPLOAD)
[2026-03-04 17:14:44] [Info] [Thread 0x700007b24000] Task 49 finished in 2453ms
[2026-03-04 17:14:44] [Info] [Thread 0x700007c2a000] Task 50 finished in 2451ms
[2026-03-04 17:14:44] [Info] [Thread 0x700007c2a000] Processed Task 50 (Type: CONVERT)
[2026-03-04 17:14:44] [Info] [Thread 0x700007b24000] Processed Task 49 (Type: EMAIL)
[2026-03-04 17:14:44] [Info] [Thread 0x700007a1e000] Task 53 finished in 2942ms
[2026-03-04 17:14:44] [Info] [Thread 0x700007812000] Task 51 finished in 2946ms
[2026-03-04 17:14:44] [Info] [Thread 0x700007ba7000] Task 52 finished in 2944ms
[2026-03-04 17:14:44] [Error] [Thread 0x700007918000] Processing task 55 failed, retry #1
[2026-03-04 17:14:44] [Error] [Thread 0x70000799b000] Processing task 56 failed, retry #1
[2026-03-04 17:14:44] [Info] [Thread 0x700007aa1000] Task 58 finished in 2936ms
[2026-03-04 17:14:44] [Info] [Thread 0x70000778f000] Task 57 finished in 2939ms
[2026-03-04 17:14:44] [Error] [Thread 0x700007895000] Processing task 54 failed, retry #1
[2026-03-04 17:14:44] [Info] [Thread 0x700007812000] Processed Task 51 (Type: UPLOAD)
[2026-03-04 17:14:44] [Info] [Thread 0x700007a1e000] Processed Task 53 (Type: CONVERT)
[2026-03-04 17:14:44] [Info] [Thread 0x700007ba7000] Processed Task 52 (Type: EMAIL)
[2026-03-04 17:14:44] [Info] [Thread 0x700007aa1000] Processed Task 58 (Type: EMAIL)
[2026-03-04 17:14:44] [Info] [Thread 0x70000778f000] Processed Task 57 (Type: UPLOAD)
[2026-03-04 17:14:44] [Info] [Thread 0x700007b24000] Task 60 finished in 2938ms
[2026-03-04 17:14:44] [Info] [Thread 0x700007c2a000] Task 59 finished in 2940ms
[2026-03-04 17:14:44] [Info] [Thread 0x700007b24000] Processed Task 60 (Type: UPLOAD)
[2026-03-04 17:14:44] [Info] [Thread 0x700007c2a000] Processed Task 59 (Type: CONVERT)
[2026-03-04 17:14:45] [Info] [Thread 0x700007895000] Task 63 finished in 3433ms
[2026-03-04 17:14:45] [Info] [Thread 0x700007ba7000] Task 66 finished in 3426ms
[2026-03-04 17:14:45] [Info] [Thread 0x70000799b000] Task 62 finished in 3435ms
[2026-03-04 17:14:45] [Info] [Thread 0x700007a1e000] Task 65 finished in 3428ms
[2026-03-04 17:14:45] [Info] [Thread 0x70000778f000] Task 68 finished in 3422ms
[2026-03-04 17:14:45] [Info] [Thread 0x700007aa1000] Task 67 finished in 3424ms
[2026-03-04 17:14:45] [Info] [Thread 0x700007b24000] Task 69 finished in 3424ms
[2026-03-04 17:14:45] [Info] [Thread 0x700007c2a000] Task 70 finished in 3422ms
[2026-03-04 17:14:45] [Error] [Thread 0x700007918000] Processing task 61 failed, retry #1
[2026-03-04 17:14:45] [Error] [Thread 0x700007812000] Processing task 64 failed, retry #1
[2026-03-04 17:14:45] [Info] [Thread 0x700007aa1000] Processed Task 67 (Type: EMAIL)
[2026-03-04 17:14:45] [Info] [Thread 0x70000778f000] Processed Task 68 (Type: CONVERT)
[2026-03-04 17:14:45] [Info] [Thread 0x700007895000] Processed Task 63 (Type: UPLOAD)
[2026-03-04 17:14:45] [Info] [Thread 0x700007ba7000] Processed Task 66 (Type: UPLOAD)
[2026-03-04 17:14:45] [Info] [Thread 0x70000799b000] Processed Task 62 (Type: CONVERT)
[2026-03-04 17:14:45] [Info] [Thread 0x700007a1e000] Processed Task 65 (Type: CONVERT)
[2026-03-04 17:14:45] [Info] [Thread 0x700007b24000] Processed Task 69 (Type: UPLOAD)
[2026-03-04 17:14:45] [Info] [Thread 0x700007c2a000] Processed Task 70 (Type: EMAIL)
[2026-03-04 17:14:45] [Info] [Thread 0x700007ba7000] Task 77 finished in 3914ms
[2026-03-04 17:14:45] [Info] [Thread 0x700007918000] Task 71 finished in 3925ms
[2026-03-04 17:14:45] [Info] [Thread 0x700007b24000] Task 79 finished in 3910ms
[2026-03-04 17:14:45] [Info] [Thread 0x700007aa1000] Task 73 finished in 3922ms
[2026-03-04 17:14:45] [Info] [Thread 0x700007812000] Task 72 finished in 3924ms
[2026-03-04 17:14:45] [Info] [Thread 0x700007895000] Task 75 finished in 3918ms
[2026-03-04 17:14:45] [Info] [Thread 0x70000778f000] Task 74 finished in 3920ms
[2026-03-04 17:14:45] [Info] [Thread 0x700007c2a000] Task 80 finished in 3909ms
[2026-03-04 17:14:45] [Info] [Thread 0x70000799b000] Task 76 finished in 3917ms
[2026-03-04 17:14:45] [Info] [Thread 0x700007a1e000] Task 78 finished in 3913ms
[2026-03-04 17:14:45] [Info] [Thread 0x700007c2a000] Processed Task 80 (Type: CONVERT)
[2026-03-04 17:14:45] [Info] [Thread 0x700007aa1000] Processed Task 73 (Type: EMAIL)
[2026-03-04 17:14:45] [Info] [Thread 0x700007812000] Processed Task 72 (Type: UPLOAD)
[2026-03-04 17:14:45] [Info] [Thread 0x70000799b000] Processed Task 76 (Type: EMAIL)
[2026-03-04 17:14:45] [Info] [Thread 0x700007ba7000] Processed Task 77 (Type: CONVERT)
[2026-03-04 17:14:45] [Info] [Thread 0x70000778f000] Processed Task 74 (Type: CONVERT)
[2026-03-04 17:14:45] [Info] [Thread 0x700007b24000] Processed Task 79 (Type: EMAIL)
[2026-03-04 17:14:45] [Info] [Thread 0x700007918000] Processed Task 71 (Type: CONVERT)
[2026-03-04 17:14:45] [Info] [Thread 0x700007a1e000] Processed Task 78 (Type: UPLOAD)
[2026-03-04 17:14:45] [Info] [Thread 0x700007895000] Processed Task 75 (Type: UPLOAD)
[2026-03-04 17:14:46] [Info] [Thread 0x700007895000] Task 90 finished in 4397ms
[2026-03-04 17:14:46] [Info] [Thread 0x700007b24000] Task 81 finished in 4415ms
[2026-03-04 17:14:46] [Info] [Thread 0x700007812000] Task 85 finished in 4407ms
[2026-03-04 17:14:46] [Info] [Thread 0x70000778f000] Task 87 finished in 4403ms
[2026-03-04 17:14:46] [Info] [Thread 0x70000799b000] Task 86 finished in 4405ms
[2026-03-04 17:14:46] [Info] [Thread 0x700007ba7000] Task 84 finished in 4409ms
[2026-03-04 17:14:46] [Info] [Thread 0x700007aa1000] Task 83 finished in 4412ms
[2026-03-04 17:14:46] [Info] [Thread 0x700007c2a000] Task 82 finished in 4414ms
[2026-03-04 17:14:46] [Info] [Thread 0x700007a1e000] Task 89 finished in 4400ms
[2026-03-04 17:14:46] [Info] [Thread 0x700007918000] Task 88 finished in 4402ms
[2026-03-04 17:14:46] [Info] [Thread 0x70000778f000] Processed Task 87 (Type: UPLOAD)
[2026-03-04 17:14:46] [Info] [Thread 0x700007918000] Processed Task 88 (Type: EMAIL)
[2026-03-04 17:14:46] [Info] [Thread 0x700007a1e000] Processed Task 89 (Type: CONVERT)
[2026-03-04 17:14:46] [Info] [Thread 0x700007ba7000] Processed Task 84 (Type: UPLOAD)
[2026-03-04 17:14:46] [Info] [Thread 0x700007b24000] Processed Task 81 (Type: UPLOAD)
[2026-03-04 17:14:46] [Info] [Thread 0x700007c2a000] Processed Task 82 (Type: EMAIL)
[2026-03-04 17:14:46] [Info] [Thread 0x700007aa1000] Processed Task 83 (Type: CONVERT)
[2026-03-04 17:14:46] [Info] [Thread 0x700007895000] Processed Task 90 (Type: UPLOAD)
[2026-03-04 17:14:46] [Info] [Thread 0x700007812000] Processed Task 85 (Type: EMAIL)
[2026-03-04 17:14:46] [Info] [Thread 0x70000799b000] Processed Task 86 (Type: CONVERT)
[2026-03-04 17:14:46] [Info] [Thread 0x70000778f000] Task 91 finished in 4904ms
[2026-03-04 17:14:46] [Info] [Thread 0x700007ba7000] Task 96 finished in 4893ms
[2026-03-04 17:14:46] [Info] [Thread 0x700007c2a000] Task 94 finished in 4898ms
[2026-03-04 17:14:46] [Info] [Thread 0x700007a1e000] Task 93 finished in 4900ms
[2026-03-04 17:14:46] [Info] [Thread 0x700007918000] Task 92 finished in 4902ms
[2026-03-04 17:14:46] [Info] [Thread 0x700007895000] Task 98 finished in 4890ms
[2026-03-04 17:14:46] [Info] [Thread 0x700007812000] Task 99 finished in 4888ms
[2026-03-04 17:14:46] [Info] [Thread 0x70000799b000] Task 100 finished in 4882ms
[2026-03-04 17:14:46] [Error] [Thread 0x700007b24000] Processing task 95 failed, retry #1
[2026-03-04 17:14:46] [Error] [Thread 0x700007aa1000] Processing task 97 failed, retry #1
[2026-03-04 17:14:46] [Info] [Thread 0x700007918000] Processed Task 92 (Type: CONVERT)
[2026-03-04 17:14:46] [Info] [Thread 0x70000799b000] Processed Task 100 (Type: EMAIL)
[2026-03-04 17:14:46] [Info] [Thread 0x700007812000] Processed Task 99 (Type: UPLOAD)
[2026-03-04 17:14:46] [Info] [Thread 0x700007a1e000] Processed Task 93 (Type: UPLOAD)
[2026-03-04 17:14:46] [Info] [Thread 0x700007c2a000] Processed Task 94 (Type: EMAIL)
[2026-03-04 17:14:46] [Info] [Thread 0x70000778f000] Processed Task 91 (Type: EMAIL)
[2026-03-04 17:14:46] [Info] [Thread 0x700007895000] Processed Task 98 (Type: CONVERT)
[2026-03-04 17:14:46] [Info] [Thread 0x700007ba7000] Processed Task 96 (Type: UPLOAD)
[2026-03-04 17:14:46] [Error] [Thread 0x700007b24000] Invalid JSON received, moving to dead letter queue.
[2026-03-04 17:14:47] [Info] [Thread 0x70000799b000] Task 26 finished in 5537ms
[2026-03-04 17:14:47] [Info] [Thread 0x700007918000] Task 21 finished in 5546ms
[2026-03-04 17:14:47] [Info] [Thread 0x700007aa1000] Task 19 finished in 5549ms
[2026-03-04 17:14:47] [Info] [Thread 0x700007812000] Task 27 finished in 5535ms
[2026-03-04 17:14:47] [Info] [Thread 0x700007a1e000] Task 36 finished in 5518ms
[2026-03-04 17:14:47] [Info] [Thread 0x700007ba7000] Task 55 finished in 5481ms
[2026-03-04 17:14:47] [Info] [Thread 0x700007c2a000] Task 34 finished in 5522ms
[2026-03-04 17:14:47] [Info] [Thread 0x700007c2a000] Processed Task 34 (Type: EMAIL)
[2026-03-04 17:14:47] [Info] [Thread 0x700007812000] Processed Task 27 (Type: UPLOAD)
[2026-03-04 17:14:47] [Info] [Thread 0x700007918000] Processed Task 21 (Type: UPLOAD)
[2026-03-04 17:14:47] [Info] [Thread 0x700007a1e000] Processed Task 36 (Type: UPLOAD)
[2026-03-04 17:14:47] [Info] [Thread 0x700007aa1000] Processed Task 19 (Type: EMAIL)
[2026-03-04 17:14:47] [Info] [Thread 0x70000799b000] Processed Task 26 (Type: CONVERT)
[2026-03-04 17:14:47] [Info] [Thread 0x700007ba7000] Processed Task 55 (Type: EMAIL)
[2026-03-04 17:14:47] [Info] [Thread 0x700007b24000] Task 54 finished in 5488ms
[2026-03-04 17:14:47] [Info] [Thread 0x700007895000] Task 56 finished in 5484ms
[2026-03-04 17:14:47] [Info] [Thread 0x70000778f000] Task 43 finished in 5509ms
[2026-03-04 17:14:47] [Info] [Thread 0x70000778f000] Processed Task 43 (Type: EMAIL)
[2026-03-04 17:14:47] [Info] [Thread 0x700007895000] Processed Task 56 (Type: CONVERT)
[2026-03-04 17:14:47] [Info] [Thread 0x700007b24000] Processed Task 54 (Type: UPLOAD)
[2026-03-04 17:14:47] [Info] [Thread 0x700007c2a000] Task 61 finished in 5976ms
[2026-03-04 17:14:47] [Info] [Thread 0x700007812000] Task 64 finished in 5970ms
[2026-03-04 17:14:47] [Info] [Thread 0x700007a1e000] Task 97 finished in 5904ms
[2026-03-04 17:14:47] [Error] [Thread 0x700007918000] Processing task 95 failed, retry #2
[2026-03-04 17:14:47] [Info] [Thread 0x700007812000] Processed Task 64 (Type: EMAIL)
[2026-03-04 17:14:47] [Info] [Thread 0x700007c2a000] Processed Task 61 (Type: EMAIL)
[2026-03-04 17:14:47] [Info] [Thread 0x700007a1e000] Processed Task 97 (Type: EMAIL)
[2026-03-04 17:14:48] [Info] [Thread 0x700007aa1000] Task 95 finished in 6415ms
[2026-03-04 17:14:48] [Info] [Thread 0x700007aa1000] Processed Task 95 (Type: CONVERT)
Shutting down gracefully...
[2026-03-04 17:14:49] [Info] [Thread 0x70000778f000] Thread shutting down.
[2026-03-04 17:14:49] [Info] [Thread 0x700007aa1000] Thread shutting down.
[2026-03-04 17:14:49] [Info] [Thread 0x70000799b000] Thread shutting down.
[2026-03-04 17:14:49] [Info] [Thread 0x700007ba7000] Thread shutting down.
[2026-03-04 17:14:49] [Info] [Thread 0x700007895000] Thread shutting down.
[2026-03-04 17:14:49] [Info] [Thread 0x700007b24000] Thread shutting down.
[2026-03-04 17:14:49] [Info] [Thread 0x700007812000] Thread shutting down.
[2026-03-04 17:14:49] [Info] [Thread 0x700007918000] Thread shutting down.
[2026-03-04 17:14:49] [Info] [Thread 0x700007a1e000] Thread shutting down.
[2026-03-04 17:14:49] [Info] [Thread 0x700007c2a000] Thread shutting down.
